build-host.sh: Startuojama infrastruktūra

- Pradinės VM:


- Nauja VM:

Virtual machine 'VGTU-2022-DeKo-saukrs-LDVM0' is created and registered.
UUID: c62d2dad-5e64-4aa7-93e6-33f5a9437e84
Settings file: 'C:\msys64\home\saukrs\src\TETfm-20\Semestras-3\2-Debesu-kompiuterija\kursinis-darbas\Saulius-Krasuckas\VMs\VGTU-2022-DeKo-saukrs-LDVM0\VGTU-2022-DeKo-saukrs-LDVM0.vbox'

- Dabartinės VM:

"VGTU-2022-DeKo-saukrs-LDVM0" {c62d2dad-5e64-4aa7-93e6-33f5a9437e84}

- Naujos VM konfigūracija:

Name:                        VGTU-2022-DeKo-saukrs-LDVM0
Groups:                      /
Guest OS:                    Ubuntu (64-bit)
UUID:                        c62d2dad-5e64-4aa7-93e6-33f5a9437e84
Config file:                 C:\msys64\home\saukrs\src\TETfm-20\Semestras-3\2-Debesu-kompiuterija\kursinis-darbas\Saulius-Krasuckas\VMs\VGTU-2022-DeKo-saukrs-LDVM0\VGTU-2022-DeKo-saukrs-LDVM0.vbox
Snapshot folder:             C:\msys64\home\saukrs\src\TETfm-20\Semestras-3\2-Debesu-kompiuterija\kursinis-darbas\Saulius-Krasuckas\VMs\VGTU-2022-DeKo-saukrs-LDVM0\Snapshots
Log folder:                  C:\msys64\home\saukrs\src\TETfm-20\Semestras-3\2-Debesu-kompiuterija\kursinis-darbas\Saulius-Krasuckas\VMs\VGTU-2022-DeKo-saukrs-LDVM0\Logs
Hardware UUID:               c62d2dad-5e64-4aa7-93e6-33f5a9437e84
Memory size:                 128MB
Page Fusion:                 disabled
VRAM size:                   8MB
CPU exec cap:                100%
HPET:                        disabled
CPUProfile:                  host
Chipset:                     piix3
Firmware:                    BIOS
Number of CPUs:              1
PAE:                         enabled
Long Mode:                   enabled
Triple Fault Reset:          disabled
APIC:                        enabled
X2APIC:                      enabled
Nested VT-x/AMD-V:           disabled
CPUID Portability Level:     0
CPUID overrides:             None
Boot menu mode:              message and menu
Boot Device 1:               Floppy
Boot Device 2:               DVD
Boot Device 3:               HardDisk
Boot Device 4:               Not Assigned
ACPI:                        enabled
IOAPIC:                      enabled
BIOS APIC mode:              APIC
Time offset:                 0ms
RTC:                         local time
Hardware Virtualization:     enabled
Nested Paging:               enabled
Large Pages:                 enabled
VT-x VPID:                   enabled
VT-x Unrestricted Exec.:     enabled
Paravirt. Provider:          Default
Effective Paravirt. Prov.:   KVM
State:                       powered off (since 2022-01-31T16:06:03.911000000)
Graphics Controller:         VBoxVGA
Monitor count:               1
3D Acceleration:             disabled
2D Video Acceleration:       disabled
Teleporter Enabled:          disabled
Teleporter Port:             0
Teleporter Address:          
Teleporter Password:         
Tracing Enabled:             disabled
Allow Tracing to Access VM:  disabled
Tracing Configuration:       
Autostart Enabled:           disabled
Autostart Delay:             0
Default Frontend:            
VM process priority:         default
NIC 1:                       MAC: 0800270A910A, Attachment: NAT, Cable connected: on, Trace: off (file: none), Type: 82540EM, Reported speed: 0 Mbps, Boot priority: 0, Promisc Policy: deny, Bandwidth group: none
NIC 1 Settings:  MTU: 0, Socket (send: 64, receive: 64), TCP Window (send:64, receive: 64)
NIC 2:                       disabled
NIC 3:                       disabled
NIC 4:                       disabled
NIC 5:                       disabled
NIC 6:                       disabled
NIC 7:                       disabled
NIC 8:                       disabled
Pointing Device:             PS/2 Mouse
Keyboard Device:             PS/2 Keyboard
UART 1:                      disabled
UART 2:                      disabled
UART 3:                      disabled
UART 4:                      disabled
LPT 1:                       disabled
LPT 2:                       disabled
Audio:                       enabled (Driver: DSOUND, Controller: AC97, Codec: STAC9700)
Audio playback:              disabled
Audio capture:               disabled
Clipboard Mode:              disabled
Drag and drop Mode:          disabled
VRDE:                        disabled
OHCI USB:                    disabled
EHCI USB:                    disabled
xHCI USB:                    disabled

USB Device Filters:

<none>

Bandwidth groups:  <none>

Shared folders:<none>

Capturing:                   not active
Capture audio:               not active
Capture screens:             
Capture file:                C:\msys64\home\saukrs\src\TETfm-20\Semestras-3\2-Debesu-kompiuterija\kursinis-darbas\Saulius-Krasuckas\VMs\VGTU-2022-DeKo-saukrs-LDVM0\VGTU-2022-DeKo-saukrs-LDVM0.webm
Capture dimensions:          1024x768
Capture rate:                512kbps
Capture FPS:                 25kbps
Capture options:             

Guest:

Configured memory balloon size: 0MB



VM sukurta, metas pasitikrinti jos būseną
Po <Enter> ji bus ištrinta

- Trinu naują VM:

0%...10%...20%...30%...40%...50%...60%...70%...80%...90%...100%

- Galutinės VM:

