
Trying 127.0.0.1...
Connected to 127.0.0.1.
Escape character is '^]'.
/dev/sda1: clean, 162824/14458880 files, 2799420/57829632 blocks
[  OK  ] Started Show Plymouth Boot Screen.
plymouth-start.service
[  OK  ] Started Forward Password R…s to Plymouth Directory Watch.
[  OK  ] Reached target Local Encrypted Volumes.
[  OK  ] Mounted Mount unit for gnome-3-34-1804, revision 72.
snap-gnome\x2d3\x2d34\x2d1804-72.mount
[  OK  ] Mounted Mount unit for gtk-common-themes, revision 1515.
snap-gtk\x2dcommon\x2dthemes-1515.mount
[  OK  ] Mounted Mount unit for snap-store, revision 558.
snap-snap\x2dstore-558.mount
[  OK  ] Mounted Mount unit for snapd, revision 12704.
snap-snapd-12704.mount
[  OK  ] Mounted Mount unit for snap-store, revision 547.
snap-snap\x2dstore-547.mount
[  OK  ] Mounted Mount unit for snapd, revision 14549.
snap-snapd-14549.mount
[  OK  ] Found device /dev/ttyS0.
[  OK  ] Listening on Load/Save RF …itch Status /dev/rfkill Watch.
[  OK  ] Found device VBOX_HARDDISK 2.
         Activating swap /dev/disk/…b4d0-408a-a959-dbce0dfb0bb9...
[  OK  ] Found device VBOX_HARDDISK 3.
         Starting File System Check…b2a7-41c1-86cb-9ada240ff9ed...
dev-disk-by\x2did-ata\x2dVBOX_HARDDISK_VBb6ebcaaa\x2d6f3f2eb2\x2dpart2.swap
dev-disk-by\x2dpath-pci\x2d0000:00:0d.0\x2data\x2d1\x2dpart2.swap
dev-disk-by\x2dpartuuid-38d010a9\x2d02.swap
[  OK  ] Activated swap /dev/disk/b…6-b4d0-408a-a959-dbce0dfb0bb9.
dev-sda2.swap
dev-disk-by\x2duuid-64f755b6\x2db4d0\x2d408a\x2da959\x2ddbce0dfb0bb9.swap
[  OK  ] Reached target Swap.
[  OK  ] Started File System Check Daemon to report status.
systemd-fsckd.service
systemd-fsck@dev-disk-by\x2duuid-38279fa0\x2db2a7\x2d41c1\x2d86cb\x2d9ada240ff9ed.service
[  OK  ] Finished File System Check…0-b2a7-41c1-86cb-9ada240ff9ed.
         Mounting /home...
[  OK  ] Mounted /home.
home.mount
[  OK  ] Reached target Local File Systems.
         Starting Load AppArmor profiles...
         Starting Set console font and keymap...
         Starting Tell Plymouth To Write Out Runtime Data...
         Starting Create Volatile Files and Directories...
[  OK  ] Finished Set console font and keymap.
console-setup.service
[  OK  ] Finished Tell Plymouth To Write Out Runtime Data.
[  OK  ] Finished Create Volatile Files and Directories.
         Starting Network Name Resolution...
systemd-tmpfiles-setup.service
         Starting Network Time Synchronization...
         Starting Update UTMP about System Boot/Shutdown...
[  OK  ] Finished Update UTMP about System Boot/Shutdown.
systemd-update-utmp.service
systemd-timesyncd.service
[  OK  ] Started Network Time Synchronization.
[  OK  ] Reached target System Time Set.
[  OK  ] Reached target System Time Synchronized.
apparmor.service
[  OK  ] Finished Load AppArmor profiles.
         Starting Load AppArmor pro…managed internally by snapd...
[  OK  ] Started Network Name Resolution.
[  OK  ] Reached target Host and Network Name Lookups.
systemd-resolved.service
snapd.apparmor.service
[  OK  ] Finished Load AppArmor pro…s managed internally by snapd.
[  OK  ] Reached target System Initialization.
[  OK  ] Started ACPI Events Check.
[  OK  ] Started CUPS Scheduler.
[  OK  ] Started Trigger anacron every hour.
[  OK  ] Started Daily apt download activities.
[  OK  ] Started Daily apt upgrade and clean activities.
[  OK  ] Started Periodic ext4 Onli…ata Check for All Filesystems.
[  OK  ] Started Discard unused blocks once a week.
[  OK  ] Started Refresh fwupd metadata regularly.
[  OK  ] Started Daily rotation of log files.
[  OK  ] Started Daily man-db regeneration.
[  OK  ] Started Message of the Day.
[  OK  ] Started Daily Cleanup of Temporary Directories.
[  OK  ] Started Ubuntu Advantage update messaging.
[  OK  ] Reached target Paths.
[  OK  ] Reached target Timers.
[  OK  ] Listening on ACPID Listen Socket.
[  OK  ] Listening on Avahi mDNS/DNS-SD Stack Activation Socket.
[  OK  ] Listening on CUPS Scheduler.
[  OK  ] Listening on D-Bus System Message Bus Socket.
         Starting Socket activation for snappy daemon.
[  OK  ] Listening on UUID daemon activation socket.
[  OK  ] Listening on Socket activation for snappy daemon.
[  OK  ] Reached target Sockets.
[  OK  ] Reached target Basic System.
         Starting Accounts Service...
[  OK  ] Started ACPI event daemon.
acpid.service
[  OK  ] Started Run anacron jobs.
anacron.service
         Starting LSB: automatic crash report generation...
         Starting Avahi mDNS/DNS-SD Stack...
[  OK  ] Started Regular background program processing daemon.
cron.service
[  OK  ] Started CUPS Scheduler.
cups.service
[  OK  ] Started D-Bus System Message Bus.
dbus.service
         Starting Network Manager...
[  OK  ] Started Save initial kernel messages after boot.
dmesg.service
         Starting Remove Stale Onli…t4 Metadata Check Snapshots...
         Starting Detect the availa…eal with any system changes...
         Starting Record successful boot for GRUB...
[  OK  ] Started irqbalance daemon.
irqbalance.service
         Starting Dispatcher daemon for systemd-networkd...
         Starting Authorization Manager...
         Starting Restore /etc/reso… the ppp link was shut down...
         Starting System Logging Service...
         Starting Snap Daemon...
         Starting Switcheroo Control Proxy service...
         Starting Login Service...
         Starting Disk Manager...
         Starting WPA supplicant...
[  OK  ] Finished Remove Stale Onli…ext4 Metadata Check Snapshots.
[  OK  ] Finished Restore /etc/reso…re the ppp link was shut down.
[  OK  ] Finished Detect the availa… deal with any system changes.
[  OK  ] Started System Logging Service.
rsyslog.service
[  OK  ] Finished Record successful boot for GRUB.
         Starting GRUB failed boot detection...
apport.service
[  OK  ] Started LSB: automatic crash report generation.
[  OK  ] Finished GRUB failed boot detection.
[  OK  ] Started Avahi mDNS/DNS-SD Stack.
[  OK  ] Started Make remote CUPS printers available locally.
avahi-daemon.service
cups-browsed.service
[  OK  ] Started WPA supplicant.
wpa_supplicant.service
[  OK  ] Started Switcheroo Control Proxy service.
switcheroo-control.service
         Starting Save/Restore Sound Card State...
[  OK  ] Started Network Manager.
NetworkManager.service
[  OK  ] Reached target Network.
         Starting Network Manager Wait Online...
         Starting OpenVPN service...
         Starting Permit User Sessions...
[  OK  ] Finished Save/Restore Sound Card State.
alsa-restore.service
[  OK  ] Finished OpenVPN service.
openvpn.service
[  OK  ] Reached target Sound Card.
[  OK  ] Started Authorization Manager.
polkit.service
[  OK  ] Finished Permit User Sessions.
systemd-user-sessions.service
[  OK  ] Started Login Service.
systemd-logind.service
         Starting Modem Manager...
         Starting GNOME Display Manager...
         Starting Hold until boot process finishes up...
         Starting Hostname Service...
[  OK  ] Started Unattended Upgrades Shutdown.
unattended-upgrades.service
[  OK  ] Started Accounts Service.
accounts-daemon.service
[  OK  ] Started GNOME Display Manager.
gdm.service
ModemManager.service
udisks2.service
networkd-dispatcher.service
systemd-hostnamed.service
NetworkManager-dispatcher.service
run-user-125.mount
user-runtime-dir@125.service
user@125.service
rtkit-daemon.service
run-user-125-gvfs.mount
NetworkManager-wait-online.service
whoopsie.service
kerneloops.service
snapd.service
upower.service
systemd-timedated.service
snapd.seeded.service
systemd-localed.service
geoclue.service
packagekit.service
fprintd.service
colord.service

Ubuntu 20.04.3 LTS osboxes ttyS0

osboxes login: osboxes
osboxes
Password: osboxes.org

Welcome to Ubuntu 20.04.3 LTS (GNU/Linux 5.11.0-27-generic x86_64)

 * Documentation:  https://help.ubuntu.com
 * Management:     https://landscape.canonical.com
 * Support:        https://ubuntu.com/advantage

210 updates can be applied immediately.
125 of these updates are standard security updates.
To see these additional updates run: apt list --upgradable

Your Hardware Enablement Stack (HWE) is supported until April 2025.
Last login: Tue Feb  1 11:24:08 EST 2022 on ttyS0
osboxes@osboxes:~$ 
osboxes@osboxes:~$ id
id
uid=1000(osboxes) gid=1000(osboxes) groups=1000(osboxes),4(adm),24(cdrom),27(sudo),30(dip),46(plugdev),120(lpadmin),132(lxd),133(sambashare)
osboxes@osboxes:~$ 
osboxes@osboxes:~$ w
w
 13:38:26 up 0 min,  1 user,  load average: 2.58, 0.69, 0.23
USER     TTY      FROM             LOGIN@   IDLE   JCPU   PCPU WHAT
osboxes  ttyS0    -                13:38    2.00s  0.17s  0.04s w
osboxes@osboxes:~$ 
osboxes@osboxes:~$ ip a
ip a
1: lo: <LOOPBACK,UP,LOWER_UP> mtu 65536 qdisc noqueue state UNKNOWN group default qlen 1000
    link/loopback 00:00:00:00:00:00 brd 00:00:00:00:00:00
    inet 127.0.0.1/8 scope host lo
       valid_lft forever preferred_lft forever
    inet6 ::1/128 scope host 
       valid_lft forever preferred_lft forever
2: enp0s3: <BROADCAST,MULTICAST,UP,LOWER_UP> mtu 1500 qdisc fq_codel state UP group default qlen 1000
    link/ether 08:00:27:71:c9:b4 brd ff:ff:ff:ff:ff:ff
    inet 10.1.1.5/24 brd 10.1.1.255 scope global dynamic noprefixroute enp0s3
       valid_lft 577sec preferred_lft 577sec
    inet6 fe80::797a:fadc:ffe6:55b6/64 scope link noprefixroute 
       valid_lft forever preferred_lft forever
osboxes@osboxes:~$ 
osboxes@osboxes:~$ 

osboxes@osboxes:~$ 
osboxes@osboxes:~$ apt update
apt update
Reading package lists... Done
E: Could not open lock file /var/lib/apt/lists/lock - open (13: Permission denied)
E: Unable to lock directory /var/lib/apt/lists/
W: Problem unlinking the file /var/cache/apt/pkgcache.bin - RemoveCaches (13: Permission denied)
W: Problem unlinking the file /var/cache/apt/srcpkgcache.bin - RemoveCaches (13: Permission denied)
osboxes@osboxes:~$ 
osboxes@osboxes:~$ sudo apt update
sudo apt update
[sudo] password for osboxes: 
Sorry, try again.
[sudo] password for osboxes: osboxes.org

Get:1 http://security.ubuntu.com/ubuntu focal-security InRelease [114 kB]
Hit:2 http://us.archive.ubuntu.com/ubuntu focal InRelease
Get:3 http://us.archive.ubuntu.com/ubuntu focal-updates InRelease [114 kB]
Get:4 http://us.archive.ubuntu.com/ubuntu focal-backports InRelease [108 kB]
Fetched 336 kB in 1s (224 kB/s)   
Reading package lists... Done
Building dependency tree       
Reading state information... Done
204 packages can be upgraded. Run 'apt list --upgradable' to see them.
osboxes@osboxes:~$ sudo poweroff
sudo poweroff
[  OK  ] Stopped Login Service.
[  OK  ] Stopped User Manager for UID 125.
[  OK  ] Stopped User Manager for UID 1000.
[  OK  ] Started Show Plymouth Power Off Screen.
plymouth-poweroff.service
         Stopping User Runtime Directory /run/user/1000...
         Stopping User Runtime Directory /run/user/125...
[  OK  ] Unmounted /run/user/1000.
[  OK  ] Unmounted /run/user/125.
[  OK  ] Stopped User Runtime Directory /run/user/1000.
[  OK  ] Stopped User Runtime Directory /run/user/125.
[  OK  ] Removed slice User Slice of UID 1000.
[  OK  ] Removed slice User Slice of UID 125.
         Stopping Permit User Sessions...
[  OK  ] Stopped Permit User Sessions.
[  OK  ] Stopped target Network.
[  OK  ] Stopped target User and Group Name Lookups.
[  OK  ] Stopped target Remote File Systems.
         Stopping Network Manager...
         Stopping Network Name Resolution...
         Stopping WPA supplicant...
[  OK  ] Stopped WPA supplicant.
[  OK  ] Stopped Network Name Resolution.
[  OK  ] Stopped Network Manager.
         Stopping D-Bus System Message Bus...
[  OK  ] Stopped D-Bus System Message Bus.
[  OK  ] Stopped target Basic System.
[  OK  ] Stopped Forward Password R…s to Plymouth Directory Watch.
[  OK  ] Stopped target Paths.
[  OK  ] Stopped ACPI Events Check.
[  OK  ] Stopped CUPS Scheduler.
[  OK  ] Stopped target Slices.
[  OK  ] Removed slice User and Session Slice.
[  OK  ] Stopped target Sockets.
[  OK  ] Closed ACPID Listen Socket.
[  OK  ] Closed Avahi mDNS/DNS-SD Stack Activation Socket.
[  OK  ] Closed CUPS Scheduler.
[  OK  ] Closed D-Bus System Message Bus Socket.
[  OK  ] Closed Socket activation for snappy daemon.
[  OK  ] Closed Syslog Socket.
[  OK  ] Closed UUID daemon activation socket.
[  OK  ] Stopped target System Initialization.
[  OK  ] Stopped target Local Encrypted Volumes.
[  OK  ] Stopped Forward Password R…uests to Wall Directory Watch.
[  OK  ] Stopped target Swap.
         Deactivating swap /dev/dis…K_VBb6ebcaaa-6f3f2eb2-part2...
[  OK  ] Stopped Apply Kernel Variables.
[  OK  ] Stopped Load Kernel Modules.
         Stopping Network Time Synchronization...
         Stopping Update UTMP about System Boot/Shutdown...
[  OK  ] Deactivated swap /dev/disk…ISK_VBb6ebcaaa-6f3f2eb2-part2.
[  OK  ] Deactivated swap /dev/disk…/pci-0000:00:0d.0-ata-1-part2.
[  OK  ] Deactivated swap /dev/disk/by-partuuid/38d010a9-02.
[  OK  ] Deactivated swap /dev/sda2.
[  OK  ] Stopped Network Time Synchronization.
[  OK  ] Deactivated swap /dev/disk…6-b4d0-408a-a959-dbce0dfb0bb9.
[  OK  ] Stopped Update UTMP about System Boot/Shutdown.
[  OK  ] Stopped Create Volatile Files and Directories.
[  OK  ] Stopped target Local File Systems.
         Unmounting /home...
         Unmounting Mount unit for bare, revision 5...
         Unmounting Mount unit for core18, revision 2128...
         Unmounting Mount unit for core18, revision 2284...
         Unmounting Mount unit for core20, revision 1328...
         Unmounting Mount unit for gnome-3-34-1804, revision 72...
         Unmounting Mount unit for gnome-3-34-1804, revision 77...
         Unmounting Mount unit for …ommon-themes, revision 1515...
         Unmounting Mount unit for …ommon-themes, revision 1519...
         Unmounting Mount unit for snap-store, revision 547...
         Unmounting Mount unit for snap-store, revision 558...
         Unmounting Mount unit for snapd, revision 12704...
         Unmounting Mount unit for snapd, revision 14549...
[  OK  ] Unmounted /home.
[  OK  ] Unmounted Mount unit for core18, revision 2128.
[  OK  ] Unmounted Mount unit for core18, revision 2284.
[  OK  ] Stopped File System Check …0-b2a7-41c1-86cb-9ada240ff9ed.
[  OK  ] Removed slice system-systemd\x2dfsck.slice.
[  OK  ] Unmounted Mount unit for gnome-3-34-1804, revision 72.
[  OK  ] Unmounted Mount unit for g…-common-themes, revision 1519.
[  OK  ] Unmounted Mount unit for bare, revision 5.
[  OK  ] Unmounted Mount unit for core20, revision 1328.
[  OK  ] Unmounted Mount unit for gnome-3-34-1804, revision 77.
[  OK  ] Unmounted Mount unit for g…-common-themes, revision 1515.
[  OK  ] Unmounted Mount unit for snap-store, revision 547.
[  OK  ] Unmounted Mount unit for snapd, revision 12704.
[  OK  ] Unmounted Mount unit for snap-store, revision 558.
[  OK  ] Unmounted Mount unit for snapd, revision 14549.
[  OK  ] Stopped target Local File Systems (Pre).
[  OK  ] Reached target Unmount All Filesystems.
[  OK  ] Stopped Create Static Device Nodes in /dev.
[  OK  ] Stopped Create System Users.
[  OK  ] Stopped Remount Root and Kernel File Systems.
[  OK  ] Reached target Shutdown.
[  OK  ] Reached target Final Step.
[  OK  ] Finished Power-Off.
[  OK  ] Reached target Power-Off.
[   70.917322] reboot: Power down
Connection closed by foreign host.

