[ AutoCAD - Sat Dec 18 00:11:00 2021  ]----------------------------------------

Opening an AutoCAD 2018 format file.


AutoCAD menu utilities loaded.*Cancel*

Command: 

Autodesk DWG.  This file is a TrustedDWG last saved by an Autodesk application or Autodesk licensed application.

Command: 

Command: 
Command:  
Command:  
Command:  
Specify corner of window, enter a scale factor (nX or nXP), or 
[All/Center/Dynamic/Extents/Previous/Scale/Window/Object] <real time>: 

Command: '_pan 
Command: *Cancel*

Command: *Cancel*

Command: _vscurrent 
Enter an option [2dwireframe/Wireframe/Hidden/Realistic/Conceptual/Shaded/shaded with Edges/shades of Gray/SKetchy/X-ray/Other] <Realistic>: _2d Regenerating model.

Command:  Regenerating model.

Command:  
Specify corner of window, enter a scale factor (nX or nXP), or 
[All/Center/Dynamic/Extents/Previous/Scale/Window/Object] <real time>: 

Command:  Regenerating model.

Command:  Regenerating model.

Command:  Regenerating model.

Command:  Regenerating model.

Command:  Regenerating model.

Command:  Regenerating model.

Command:  Regenerating model.

Command:  Regenerating model.

Command:  Regenerating model.

Command:  Regenerating model.

Command:  Regenerating model.

Command:  Regenerating model.

Command:  Regenerating model.

Command:  Regenerating model.

Command:  Regenerating model.

Window Lasso  Press Spacebar to cycle options
Command: *Cancel*

Command: 
Command: 
Command: 

Current ucs name:  *WORLD*
Specify origin of UCS or [Face/NAmed/OBject/Previous/View/World/X/Y/Z/ZAxis] <World>: 

Enter an option [Restore/Save/Delete/?]: 

Enter name of UCS to restore or [?]: 

Command:  
Specify corner of window, enter a scale factor (nX or nXP), or 
[All/Center/Dynamic/Extents/Previous/Scale/Window/Object] <real time>: 

Command: '_pan 
Press ESC or ENTER to exit, or right-click to display shortcut menu.

Command:  Regenerating model.

Command:  
Specify corner of window, enter a scale factor (nX or nXP), or 
[All/Center/Dynamic/Extents/Previous/Scale/Window/Object] <real time>: 

Command: Specify opposite corner or [Fence/WPolygon/CPolygon]: 
Command:  Regenerating model.

Command:  
Specify corner of window, enter a scale factor (nX or nXP), or 
[All/Center/Dynamic/Extents/Previous/Scale/Window/Object] <real time>: 

Command: '_pan 
Press ESC or ENTER to exit, or right-click to display shortcut menu.

Command: EXPLODE

Select objects: 1 found

Select objects: 

Command: Specify opposite corner or [Fence/WPolygon/CPolygon]: 
Command: Specify opposite corner or [Fence/WPolygon/CPolygon]: 
Command: 
Command: _.erase 4 found

Command: _u ERASE 
Command: _.erase 1 found

Command: 
Command: _.erase 1 found

Command:  Regenerating model.

Command:  
Specify corner of window, enter a scale factor (nX or nXP), or 
[All/Center/Dynamic/Extents/Previous/Scale/Window/Object] <real time>: 

Command: 
Command: _.erase 1 found

Command: Regenerating model.
 
Command:  
Specify corner of window, enter a scale factor (nX or nXP), or 
[All/Center/Dynamic/Extents/Previous/Scale/Window/Object] <real time>: 

Command: _u 'ZOOM GROUP 
Command: _u '.VIEWCUBEACTION 
Command: _u ERASE 
Command: _u 'ZOOM GROUP Regenerating model.

Command: _u '.VIEWCUBEACTION Regenerating model.

Command: *Cancel*

Command: *Cancel*

Command: _vscurrent 
Enter an option [2dwireframe/Wireframe/Hidden/Realistic/Conceptual/Shaded/shaded with Edges/shades of Gray/SKetchy/X-ray/Other] <2dwireframe>: _r 
Command:  
Command:  Specify corner of window, enter a scale factor (nX or nXP), or [All/Extents/Window/Previous/Object] <real time>: 

Command: *Cancel*

Command: _.erase 1 found

Command: 
Command: *Cancel*

Command: _u ERASE 
Command: _u 'ZOOM GROUP 
Command: _u '.VIEWCUBEACTION 
Command: _u VSCURRENT Regenerating model.

Command: _u ERASE 
Command: _u ERASE 
Command: _u EXPLODE 
Command: _u Pan GROUP 
Command: _u 'ZOOM GROUP Regenerating model.

Command: 
Command: 
Command: _mredo 
Enter number of actions or [All/Last]: 1 GROUP 'ZOOM 
Command: 
Command: 
Command: _mredo 
Enter number of actions or [All/Last]: 1 GROUP Pan 
Command: SOLPROF

You must be in a Layout to use SOLPROF.

Command: *Cancel*

Command: *Cancel*

Command:   <Switching to: Layout1>
Regenerating layout.

Command: *Cancel*

Command: *Cancel*

Command:   <Switching to: Layout2>
Regenerating layout.

Window Lasso  Press Spacebar to cycle options
Command: '_pan 
Press ESC or ENTER to exit, or right-click to display shortcut menu.

Command: '_navswheelmode 
Enter new value for NAVSWHEELMODE <4>: 3 
Command: '_navswheel
Right-click to display the shortcut menu. Press ESC or ENTER to exit.

Command: *Cancel*

Automatic save to C:\Users\saukrs\AppData\Local\Temp\LD1_1_8365_fbb7b333.sv$ ...

Command: 
Command: *Cancel*

Command:   <Switching to: Model>
Restoring cached viewports.

Command: SOLVIEW
Restoring cached viewports - Regenerating layout.

Enter an option [Ucs/Ortho/Auxiliary/Section]: *Cancel*

Command: *Cancel*

Command: *Cancel*

Command:   <Switching to: Model>
Restoring cached viewports.

Command: SOLDRAW
Restoring cached viewports - Regenerating layout.

Select viewports to draw.. 
Select objects: *Cancel*

Command: *Cancel*

Command: *Cancel*

Command:   <Switching to: Model>
Restoring cached viewports.

Command: FLATTEN

Initializing...
Select objects to convert to 2d...
Select objects: 1 found

Select objects: 

Remove hidden lines? <No>: YES
-
Command: 

Command: _u LAYOUT_CONTROL Regenerating layout.
Regenerating layout.

Command: _u SOLDRAW Regenerating model.

Command: _u LAYOUT_CONTROL Regenerating layout.

Command: _u SOLVIEW Regenerating model.

Command: _u LAYOUT_CONTROL Regenerating layout.

Command: _u 'NAVSWHEEL 
Command: _u 'NAVSWHEELMODE 
Command: _u Pan GROUP 
Command: _u INTELLIZOOM 
Command: _u LAYOUT_CONTROL Regenerating layout.

Command: _u LAYOUT_CONTROL Regenerating model.

Command: _u SOLPROF 
Command: _u Pan GROUP 
Command: 
Command: 
Command: _mredo 
Enter number of actions or [All/Last]: 1 GROUP Pan 
Command: LINE

Specify first point: END
of 

No line or arc to continue.

Specify first point: 

No line or arc to continue.

Specify first point: 

No line or arc to continue.

Specify first point: *Cancel*

Command: LINE

Specify first point: INT
of 
No Intersection found for specified point.
Invalid point.

Specify first point: MID
of 

>>Press ESC or ENTER to exit, or right-click to display shortcut menu.

Resuming LINE command.
of *Cancel*

Command: Specify opposite corner or [Fence/WPolygon/CPolygon]: *Cancel*

Command: *Cancel*

Command: 
Command: 
Command: 

Current ucs name:  *WORLD*
Specify origin of UCS or [Face/NAmed/OBject/Previous/View/World/X/Y/Z/ZAxis] <World>: 

Enter an option [Restore/Save/Delete/?]: 

Enter name of UCS to restore or [?]: 

Command: COPY 
Select objects: FACE*Cancel*
FACE
Command: 
Command: 
Command: _solidhist 
Enter new value for SOLIDHIST <0>: 1 
Command: Specify opposite corner or [Fence/WPolygon/CPolygon]: 
Command: *Cancel*

Command: *Cancel*

Command: _vscurrent 
Enter an option [2dwireframe/Wireframe/Hidden/Realistic/Conceptual/Shaded/shaded with Edges/shades of Gray/SKetchy/X-ray/Other] <2dwireframe>: _r 
Command:  
Command:  Specify corner of window, enter a scale factor (nX or nXP), or [All/Extents/Window/Previous/Object] <real time>: 

Command: 
Command: 
Command: _solidedit 
Solids editing automatic checking:  SOLIDCHECK=1
Enter a solids editing option [Face/Edge/Body/Undo/eXit] <eXit>: _face 
Enter a face editing option
[Extrude/Move/Rotate/Offset/Taper/Delete/Copy/coLor/mAterial/Undo/eXit] <eXit>: _color 
Select faces or [Undo/Remove]: 1 face found.

Select faces or [Undo/Remove/ALL]: 

Enter a face editing option
[Extrude/Move/Rotate/Offset/Taper/Delete/Copy/coLor/mAterial/Undo/eXit] <eXit>: *Cancel*

Command: 
SOLIDEDIT

Solids editing automatic checking:  SOLIDCHECK=1
Enter a solids editing option [Face/Edge/Body/Undo/eXit] <eXit>: 

Command: _u SOLIDEDIT 
Automatic save to C:\Users\saukrs\AppData\Local\Temp\LD1_1_8365_fbb7b333.sv$ ...

Command: 
Command: _u SOLIDEDIT GROUP 
Command: _u 'ZOOM GROUP 
Command: *Cancel*

Command: 
Command: 
Command: _mredo 
Enter number of actions or [All/Last]: 1 GROUP 'ZOOM 
Command: 
Command: 
Command: _mredo 
Enter number of actions or [All/Last]: 1 GROUP SOLIDEDIT 
Everything has been redone

Command: _u SOLIDEDIT GROUP 
Command: 
Command: 
Command: _solidedit 
Solids editing automatic checking:  SOLIDCHECK=1
Enter a solids editing option [Face/Edge/Body/Undo/eXit] <eXit>: _face 
Enter a face editing option
[Extrude/Move/Rotate/Offset/Taper/Delete/Copy/coLor/mAterial/Undo/eXit] <eXit>: _color 
Select faces or [Undo/Remove]: 1 face found.

Select faces or [Undo/Remove/ALL]: 
Please select an edge on the originally selected solid.

Select faces or [Undo/Remove/ALL]: 
Please select an edge on the originally selected solid.

Select faces or [Undo/Remove/ALL]: 

Enter a face editing option
[Extrude/Move/Rotate/Offset/Taper/Delete/Copy/coLor/mAterial/Undo/eXit] <eXit>: L

Select faces or [Undo/Remove]: 2 faces found.

Select faces or [Undo/Remove/ALL]: 

Enter a face editing option
[Extrude/Move/Rotate/Offset/Taper/Delete/Copy/coLor/mAterial/Undo/eXit] <eXit>: _u 
Enter a face editing option
[Extrude/Move/Rotate/Offset/Taper/Delete/Copy/coLor/mAterial/Undo/eXit] <eXit>: _u 
Command has been completely undone.

Enter a face editing option
[Extrude/Move/Rotate/Offset/Taper/Delete/Copy/coLor/mAterial/Undo/eXit] <eXit>: *Cancel*

Command: '_pan 
Command: 
Command: '_.-LAYER

Current layer:  "2-Užrašai"
Enter an option [?/Make/Set/New/Rename/ON/OFF/Color/Ltype/LWeight/TRansparency/MATerial/Plot/Freeze/Thaw/LOck/Unlock/stAte/Description/rEconcile/Xref]: _COLOR

New color [Truecolor/COlorbook] : _TRUECOLOR
Red,Green,Blue: 0,0,0

Enter name list of layer(s) for color 0,0,0 <2-Užrašai>: =2-Užrašai
Enter an option [?/Make/Set/New/Rename/ON/OFF/Color/Ltype/LWeight/TRansparency/MATerial/Plot/Freeze/Thaw/LOck/Unlock/stAte/Description/rEconcile/Xref]: 

Command:  Specify corner of window, enter a scale factor (nX or nXP), or [All/Extents/Window/Previous/Object] <real time>: 

Command: *Cancel*

Command: Specify opposite corner or [Fence/WPolygon/CPolygon]: *Cancel*

Command: REGEN

Command: REGENALL

Command: Specify opposite corner or [Fence/WPolygon/CPolygon]: *Cancel*

Command: '_pan 
Command: _u Pan GROUP 
Command: _u INTELLIZOOM 
Command: _u REGENALL 
Command: _u REGEN 
Command: _u INTELLIZOOM 
Command: _u 'ZOOM GROUP 
Command: _u '.-LAYER 
Command: '_pan 
Command: 
Command: 
Command: _solidedit 
Solids editing automatic checking:  SOLIDCHECK=1
Enter a solids editing option [Face/Edge/Body/Undo/eXit] <eXit>: _face 
Enter a face editing option
[Extrude/Move/Rotate/Offset/Taper/Delete/Copy/coLor/mAterial/Undo/eXit] <eXit>: _extrude 
Select faces or [Undo/Remove]: 2 faces found.

Select faces or [Undo/Remove/ALL]: 1 face found.

Select faces or [Undo/Remove/ALL]: 
Select faces or [Undo/Remove/ALL]: 
Select faces or [Undo/Remove/ALL]: all
3 faces found.

Select faces or [Undo/Remove/ALL]: 
Select faces or [Undo/Remove/ALL]: 
Select faces or [Undo/Remove/ALL]: 
Select faces or [Undo/Remove/ALL]: *Cancel*

Command: _u SOLIDEDIT GROUP 
Command: _u Pan GROUP 
Command: 
Command: 
Command: _mredo 
Enter number of actions or [All/Last]: 1 GROUP Pan 
Command: 
Command: 
Command: _mredo 
Enter number of actions or [All/Last]: 1 GROUP SOLIDEDIT 
Everything has been redone

Command: _u SOLIDEDIT GROUP 
Command: _u Pan GROUP 
Command: 
Command: 
Command: _mredo 
Enter number of actions or [All/Last]: 1 GROUP Pan 
Command: 
Command: 
Command: _solidedit 
Solids editing automatic checking:  SOLIDCHECK=1
Enter a solids editing option [Face/Edge/Body/Undo/eXit] <eXit>: _face 
Enter a face editing option
[Extrude/Move/Rotate/Offset/Taper/Delete/Copy/coLor/mAterial/Undo/eXit] <eXit>: _offset 
Select faces or [Undo/Remove]: 1 face found.

Select faces or [Undo/Remove/ALL]: 

Specify the offset distance: 1

Solid validation started.
Solid validation completed.

Enter a face editing option
[Extrude/Move/Rotate/Offset/Taper/Delete/Copy/coLor/mAterial/Undo/eXit] <eXit>:  
Resuming SOLIDEDIT command.

Enter a face editing option
[Extrude/Move/Rotate/Offset/Taper/Delete/Copy/coLor/mAterial/Undo/eXit] <eXit>:  
Resuming SOLIDEDIT command.

Enter a face editing option
[Extrude/Move/Rotate/Offset/Taper/Delete/Copy/coLor/mAterial/Undo/eXit] <eXit>:  >>Specify corner of window, enter a scale factor (nX or nXP), or [All/Extents/Window/Previous/Object] <real time>: 

Resuming SOLIDEDIT command.

Enter a face editing option
[Extrude/Move/Rotate/Offset/Taper/Delete/Copy/coLor/mAterial/Undo/eXit] <eXit>:  
Resuming SOLIDEDIT command.

Enter a face editing option
[Extrude/Move/Rotate/Offset/Taper/Delete/Copy/coLor/mAterial/Undo/eXit] <eXit>:  >>Specify corner of window, enter a scale factor (nX or nXP), or [All/Extents/Window/Previous/Object] <real time>: 

Resuming SOLIDEDIT command.

Enter a face editing option
[Extrude/Move/Rotate/Offset/Taper/Delete/Copy/coLor/mAterial/Undo/eXit] <eXit>: _u 
Command has been completely undone.

Enter a face editing option
[Extrude/Move/Rotate/Offset/Taper/Delete/Copy/coLor/mAterial/Undo/eXit] <eXit>: _u 
Command has been completely undone.

Enter a face editing option
[Extrude/Move/Rotate/Offset/Taper/Delete/Copy/coLor/mAterial/Undo/eXit] <eXit>: _u 
Command has been completely undone.

Enter a face editing option
[Extrude/Move/Rotate/Offset/Taper/Delete/Copy/coLor/mAterial/Undo/eXit] <eXit>: *Cancel*

Command: 
Command: _mredo 
Enter number of actions or [All/Last]: 1 Nothing to redo

Command: 
Command: 
Command: _mredo 
Enter number of actions or [All/Last]: 1 Nothing to redo

Command: 
Command: 
Command: _mredo 
Enter number of actions or [All/Last]: 1 Nothing to redo

Command: _u SOLIDEDIT GROUP 
Command: _u Pan GROUP 
Command: _u INTELLIZOOM INTELLIZOOM 
Command: 
Command: 
Command: _mredo 
Enter number of actions or [All/Last]: 1 INTELLIZOOM INTELLIZOOM 
Command: _u INTELLIZOOM INTELLIZOOM 
Command: 
Command: 
Command: _mredo 
Enter number of actions or [All/Last]: 1 INTELLIZOOM INTELLIZOOM 
Command: _u INTELLIZOOM INTELLIZOOM 
Command: 
Command: 
Command: _mredo 
Enter number of actions or [All/Last]: 1 INTELLIZOOM INTELLIZOOM 
Command: 
Command: 
Command: _mredo 
Enter number of actions or [All/Last]: 1 GROUP Pan 
Command: 
Command: 
Command: _mredo 
Enter number of actions or [All/Last]: 1 GROUP SOLIDEDIT 
Everything has been redone

Command: 
Command: 
Command: _mredo 
Enter number of actions or [All/Last]: 1 Nothing to redo

Command: 
Command: 
Command: _mredo 
Enter number of actions or [All/Last]: 1 Nothing to redo

Command: 
Command: 
Command: _mredo 
Enter number of actions or [All/Last]: 1 Nothing to redo

Command: 
Command: 
Command: _mredo 
Enter number of actions or [All/Last]: 1 Nothing to redo

Command: 
Command: 
Command: _mredo 
Enter number of actions or [All/Last]: 1 Nothing to redo

Command: 
Command: 
Command: _mredo 
Enter number of actions or [All/Last]: 1 Nothing to redo

Command: _u SOLIDEDIT GROUP 
Command: _u Pan GROUP 
Command: _u INTELLIZOOM INTELLIZOOM 
Command: _u Pan GROUP 
Command: _u INTELLIZOOM 
Command: _u SOLIDEDIT GROUP 
Command: _u 'ZOOM GROUP 
Command: _u '.VIEWCUBEACTION 
Command: 
Command: 
Command: _mredo 
Enter number of actions or [All/Last]: 1 '.VIEWCUBEACTION 
Command: 
Command: 
Command: _mredo 
Enter number of actions or [All/Last]: 1 GROUP 'ZOOM 
Command: 
Command: 
Command: _mredo 
Enter number of actions or [All/Last]: 1 GROUP SOLIDEDIT 
Command: 
Command: 
Command: _mredo 
Enter number of actions or [All/Last]: 1 INTELLIZOOM 
Command: 
Command: 
Command: _mredo 
Enter number of actions or [All/Last]: 1 GROUP Pan 
Command: 
Command: 
Command: _mredo 
Enter number of actions or [All/Last]: 1 INTELLIZOOM INTELLIZOOM 
Command: _u INTELLIZOOM INTELLIZOOM 
Command: 
Command: 
Command: _mredo 
Enter number of actions or [All/Last]: 1 INTELLIZOOM INTELLIZOOM 
Command: 
Command: 
Command: _mredo 
Enter number of actions or [All/Last]: 1 GROUP Pan 
Command: _.erase 1 found

Command: _u ERASE 
Command: 
Command: 
Command: _solidedit 
Solids editing automatic checking:  SOLIDCHECK=1
Enter a solids editing option [Face/Edge/Body/Undo/eXit] <eXit>: _face 
Enter a face editing option
[Extrude/Move/Rotate/Offset/Taper/Delete/Copy/coLor/mAterial/Undo/eXit] <eXit>: _offset 
Select faces or [Undo/Remove]: 1 face found.

Select faces or [Undo/Remove/ALL]: -0.09
1 face found.

Select faces or [Undo/Remove/ALL]: *Cancel*

Command: 
Command: 
Command: _solidedit 
Solids editing automatic checking:  SOLIDCHECK=1
Enter a solids editing option [Face/Edge/Body/Undo/eXit] <eXit>: _face 
Enter a face editing option
[Extrude/Move/Rotate/Offset/Taper/Delete/Copy/coLor/mAterial/Undo/eXit] <eXit>: _offset 
Select faces or [Undo/Remove]: 1 face found.

Select faces or [Undo/Remove/ALL]: 

Specify the offset distance: -0.09

Enter a face editing option
[Extrude/Move/Rotate/Offset/Taper/Delete/Copy/coLor/mAterial/Undo/eXit] <eXit>: X

Solids editing automatic checking:  SOLIDCHECK=1
Enter a solids editing option [Face/Edge/Body/Undo/eXit] <eXit>: *Cancel*

Command: _u SOLIDEDIT GROUP 
Command: _u SOLIDEDIT GROUP 
Command: _u Pan GROUP 
Command: 
Command: 
Command: _mredo 
Enter number of actions or [All/Last]: 1 GROUP Pan 
Command: 
Command: 
Command: _solidedit 
Solids editing automatic checking:  SOLIDCHECK=1
Enter a solids editing option [Face/Edge/Body/Undo/eXit] <eXit>: _face 
Enter a face editing option
[Extrude/Move/Rotate/Offset/Taper/Delete/Copy/coLor/mAterial/Undo/eXit] <eXit>: _offset 
Select faces or [Undo/Remove]: 1 face found.

Select faces or [Undo/Remove/ALL]: 

Specify the offset distance: -1

Enter a face editing option
[Extrude/Move/Rotate/Offset/Taper/Delete/Copy/coLor/mAterial/Undo/eXit] <eXit>: _u 
Command has been completely undone.

Enter a face editing option
[Extrude/Move/Rotate/Offset/Taper/Delete/Copy/coLor/mAterial/Undo/eXit] <eXit>: *Cancel*

Command: _u SOLIDEDIT GROUP 
Command: 
Command: 
Command: _solidedit 
Solids editing automatic checking:  SOLIDCHECK=1
Enter a solids editing option [Face/Edge/Body/Undo/eXit] <eXit>: _face 
Enter a face editing option
[Extrude/Move/Rotate/Offset/Taper/Delete/Copy/coLor/mAterial/Undo/eXit] <eXit>: _move 
Select faces or [Undo/Remove]: 1 face found.

Select faces or [Undo/Remove/ALL]: 

Specify a base point or displacement: INT
of 
No Intersection found for specified point.
Invalid point.

Specify a base point or displacement: INT
of 

Invalid point.

Specify a base point or displacement: *Cancel*

Automatic save to C:\Users\saukrs\AppData\Local\Temp\LD1_1_8365_fbb7b333.sv$ ...

Command: 
Command:  Specify corner of window, enter a scale factor (nX or nXP), or [All/Extents/Window/Previous/Object] <real time>: 

Command: '_pan 
Command: '_pan 
Command: '_zoom Specify corner of window, enter a scale factor (nX or nXP), or [All/Extents/Window/Previous/Object] <real time>: 
Press ESC or ENTER to exit, or right-click to display shortcut-menu.

Command:  
Enter new value for NAVSWHEELMODE <4>:  
Command: 
Right-click to display the shortcut menu. Press ESC or ENTER to exit.

Command: 
Command: 
Command: _solidedit 
Solids editing automatic checking:  SOLIDCHECK=1
Enter a solids editing option [Face/Edge/Body/Undo/eXit] <eXit>: _face 
Enter a face editing option
[Extrude/Move/Rotate/Offset/Taper/Delete/Copy/coLor/mAterial/Undo/eXit] <eXit>: _move 
Select faces or [Undo/Remove]: 1 face found.

Select faces or [Undo/Remove/ALL]:  
Resuming SOLIDEDIT command.

Select faces or [Undo/Remove/ALL]:  >>Specify corner of window, enter a scale factor (nX or nXP), or [All/Extents/Window/Previous/Object] <real time>: 

Resuming SOLIDEDIT command.

Select faces or [Undo/Remove/ALL]: '_pan 
Resuming SOLIDEDIT command.

Select faces or [Undo/Remove/ALL]: *Cancel*

Command: *Cancel*

Command: _vscurrent 
Enter an option [2dwireframe/Wireframe/Hidden/Realistic/Conceptual/Shaded/shaded with Edges/shades of Gray/SKetchy/X-ray/Other] <Realistic>: _c 
Command: 

Command: INTERSECT

Select objects: *Cancel*

Command: *Cancel*

Command: *Cancel*

Command: _vscurrent 
Enter an option [2dwireframe/Wireframe/Hidden/Realistic/Conceptual/Shaded/shaded with Edges/shades of Gray/SKetchy/X-ray/Other] <Conceptual>: _2d Regenerating model.

Command:  Regenerating model.

Command:  
Specify corner of window, enter a scale factor (nX or nXP), or 
[All/Center/Dynamic/Extents/Previous/Scale/Window/Object] <real time>: 
Regenerating model.

Command: Specify opposite corner or [Fence/WPolygon/CPolygon]: *Cancel*

Command: '_pan 
Press ESC or ENTER to exit, or right-click to display shortcut menu.

Command: 
Command: 
Command: _solidedit 
Solids editing automatic checking:  SOLIDCHECK=1
Enter a solids editing option [Face/Edge/Body/Undo/eXit] <eXit>: _face 
Enter a face editing option
[Extrude/Move/Rotate/Offset/Taper/Delete/Copy/coLor/mAterial/Undo/eXit] <eXit>: _move 
Select faces or [Undo/Remove]: 1 face found.

Select faces or [Undo/Remove/ALL]: 

Specify a base point or displacement: NEAR
to 
Specify a second point of displacement: 0.045

Solid validation started.
Solid validation completed.

Enter a face editing option
[Extrude/Move/Rotate/Offset/Taper/Delete/Copy/coLor/mAterial/Undo/eXit] <eXit>: *Cancel*

Command: *Cancel*

Command: LENGTH
DIST 
Specify first point: NEAR
to 
Specify second point or [Multiple points]: NEAR
to 
Distance = 0.0050,  Angle in XY Plane = 0,  Angle from XY Plane = 270
Delta X = 0.0000,  Delta Y = 0.0000,   Delta Z = -0.0050

Command: '_zoom 
Specify corner of window, enter a scale factor (nX or nXP), or 
[All/Center/Dynamic/Extents/Previous/Scale/Window/Object] <real time>: 

Press ESC or ENTER to exit, or right-click to display shortcut menu.

Command: 
Command: 
Command: _solidedit 
Solids editing automatic checking:  SOLIDCHECK=1
Enter a solids editing option [Face/Edge/Body/Undo/eXit] <eXit>: _face 
Enter a face editing option
[Extrude/Move/Rotate/Offset/Taper/Delete/Copy/coLor/mAterial/Undo/eXit] <eXit>: _move 
Select faces or [Undo/Remove]: 1 face found.

Select faces or [Undo/Remove/ALL]: 

Specify a base point or displacement: NEAR
to 
Specify a second point of displacement: 0.045

Modeling Operation Error:
Error Code Number is 104004

Enter a face editing option
[Extrude/Move/Rotate/Offset/Taper/Delete/Copy/coLor/mAterial/Undo/eXit] <eXit>: *Cancel*

Command: 
SOLIDEDIT

Solids editing automatic checking:  SOLIDCHECK=1
Enter a solids editing option [Face/Edge/Body/Undo/eXit] <eXit>: *Cancel*

Command: 
Command: 
Command: _solidedit 
Solids editing automatic checking:  SOLIDCHECK=1
Enter a solids editing option [Face/Edge/Body/Undo/eXit] <eXit>: _face 
Enter a face editing option
[Extrude/Move/Rotate/Offset/Taper/Delete/Copy/coLor/mAterial/Undo/eXit] <eXit>: _move 
Select faces or [Undo/Remove]: 1 face found.

Select faces or [Undo/Remove/ALL]: 
Please select an edge on the originally selected solid.
1 face found.

Select faces or [Undo/Remove/ALL]: 
Please select an edge on the originally selected solid.

Select faces or [Undo/Remove/ALL]: *Cancel*

Command: 
Command: _solidedit 
Solids editing automatic checking:  SOLIDCHECK=1
Enter a solids editing option [Face/Edge/Body/Undo/eXit] <eXit>: _face 
Enter a face editing option
[Extrude/Move/Rotate/Offset/Taper/Delete/Copy/coLor/mAterial/Undo/eXit] <eXit>: _move 
Select faces or [Undo/Remove]: 1 face found.

Select faces or [Undo/Remove/ALL]: *Cancel*

Crossing Lasso  Press Spacebar to cycle options
Command: *Cancel*

Command: '_pan 
Press ESC or ENTER to exit, or right-click to display shortcut menu.

Command: 
Command: 
Command: _solidedit 
Solids editing automatic checking:  SOLIDCHECK=1
Enter a solids editing option [Face/Edge/Body/Undo/eXit] <eXit>: _face 
Enter a face editing option
[Extrude/Move/Rotate/Offset/Taper/Delete/Copy/coLor/mAterial/Undo/eXit] <eXit>: _move 
Select faces or [Undo/Remove]: 1 face found.

Select faces or [Undo/Remove/ALL]: 

Specify a base point or displacement: NEAR
to 
Specify a second point of displacement: 0.045

Solid validation started.
Solid validation completed.

Enter a face editing option
[Extrude/Move/Rotate/Offset/Taper/Delete/Copy/coLor/mAterial/Undo/eXit] <eXit>: 

Solids editing automatic checking:  SOLIDCHECK=1
Enter a solids editing option [Face/Edge/Body/Undo/eXit] <eXit>: 

Command:  
Specify corner of window, enter a scale factor (nX or nXP), or 
[All/Center/Dynamic/Extents/Previous/Scale/Window/Object] <real time>: 

Command: *Cancel*

Command: *Cancel*

Command: _vscurrent 
Enter an option [2dwireframe/Wireframe/Hidden/Realistic/Conceptual/Shaded/shaded with Edges/shades of Gray/SKetchy/X-ray/Other] <2dwireframe>: _r 
Command:  
Command:  
Specify corner of window, enter a scale factor (nX or nXP), or 
[All/Center/Dynamic/Extents/Previous/Scale/Window/Object] <real time>: 

Command: 
Command: *Cancel*

Command:  
Specify corner of window, enter a scale factor (nX or nXP), or 
[All/Center/Dynamic/Extents/Previous/Scale/Window/Object] <real time>: 

Command:  
Command:  Specify corner of window, enter a scale factor (nX or nXP), or [All/Extents/Window/Previous/Object] <real time>: 

Command: *Cancel*

Command: 
Command: 
Command: _union 
Select objects: 1 found

Select objects: 1 found, 2 total

Select objects: 1 found, 3 total

Select objects: 


Command: *Cancel*

Command: *Cancel*

Command: _u UNION GROUP 
Command: 
Command: 
Command: _solidedit 
Solids editing automatic checking:  SOLIDCHECK=1
Enter a solids editing option [Face/Edge/Body/Undo/eXit] <eXit>: _face 
Enter a face editing option
[Extrude/Move/Rotate/Offset/Taper/Delete/Copy/coLor/mAterial/Undo/eXit] <eXit>: _color 
Select faces or [Undo/Remove]: 1 face found.

Select faces or [Undo/Remove/ALL]: 

Enter a face editing option
[Extrude/Move/Rotate/Offset/Taper/Delete/Copy/coLor/mAterial/Undo/eXit] <eXit>: L

Select faces or [Undo/Remove]: 

Enter a face editing option
[Extrude/Move/Rotate/Offset/Taper/Delete/Copy/coLor/mAterial/Undo/eXit] <eXit>: L

Select faces or [Undo/Remove]: 2 faces found.

Select faces or [Undo/Remove/ALL]: 

Enter a face editing option
[Extrude/Move/Rotate/Offset/Taper/Delete/Copy/coLor/mAterial/Undo/eXit] <eXit>: *Cancel*

Automatic save to C:\Users\saukrs\AppData\Local\Temp\LD1_1_8365_fbb7b333.sv$ ...

Command: 
Command: '_pan 
Command: _u Pan GROUP 
Command: _u INTELLIZOOM INTELLIZOOM 
Command: 
Command: 
Command: _union 
Select objects: 1 found

Select objects: 1 found, 2 total

Select objects: 1 found, 3 total

Select objects: 


Command: _u UNION GROUP 
Command: 
Command: 
Command: 
Command: _union 
Select objects: 1 found

Select objects: 1 found, 2 total

Select objects: 1 found, 3 total

Select objects: 


Command: '_pan 
Command: '_zoom Specify corner of window, enter a scale factor (nX or nXP), or [All/Extents/Window/Previous/Object] <real time>: 
Press ESC or ENTER to exit, or right-click to display shortcut-menu.

Command:  
Enter new value for NAVSWHEELMODE <4>:  
Command: 
Right-click to display the shortcut menu. Press ESC or ENTER to exit.

Command:  Specify corner of window, enter a scale factor (nX or nXP), or [All/Extents/Window/Previous/Object] <real time>: 

Command:  
Command:  Specify corner of window, enter a scale factor (nX or nXP), or [All/Extents/Window/Previous/Object] <real time>: 

Command: '_perspective 
Enter new value for PERSPECTIVE <1>: 0 
Command: *Cancel*

Command: *Cancel*

Command: _vscurrent 
Enter an option [2dwireframe/Wireframe/Hidden/Realistic/Conceptual/Shaded/shaded with Edges/shades of Gray/SKetchy/X-ray/Other] <Realistic>: _c 
Command: *Cancel*

Command: *Cancel*

Command: _vscurrent 
Enter an option [2dwireframe/Wireframe/Hidden/Realistic/Conceptual/Shaded/shaded with Edges/shades of Gray/SKetchy/X-ray/Other] <Conceptual>: _r 
Command: '_perspective 
Enter new value for PERSPECTIVE <0>: 1 
Command: '_perspective 
Enter new value for PERSPECTIVE <1>: 0 
Command:  
Enter new value for NAVSWHEELMODE <4>:  
Command: 
Right-click to display the shortcut menu. Press ESC or ENTER to exit.

Command:  
Specify corner of window, enter a scale factor (nX or nXP), or 
[All/Center/Dynamic/Extents/Previous/Scale/Window/Object] <real time>: 

Command:  
Specify corner of window, enter a scale factor (nX or nXP), or 
[All/Center/Dynamic/Extents/Previous/Scale/Window/Object] <real time>: 

Command: Specify opposite corner or [Fence/WPolygon/CPolygon]: *Cancel*

Command:  
Enter new value for NAVSWHEELMODE <4>:  
Command: 
Right-click to display the shortcut menu. Press ESC or ENTER to exit.

Command: _u 'NAVSWHEEL GROUP 'NAVSWHEELMODE 
Command: _u 'ZOOM GROUP 
Command: _u 'ZOOM GROUP 
Command: _u 'NAVSWHEEL GROUP 'NAVSWHEELMODE 
Command: _u 'PERSPECTIVE 
Command: _u 'PERSPECTIVE 
Command: _u INTELLIZOOM 
Command: _u VSCURRENT 
Command: _u VSCURRENT 
Command: _u INTELLIZOOM 
Command: _u 'PERSPECTIVE 
Command: 

Command: 
Command: _.erase 1 found

Command: _u ERASE 
Command:  
Command:  Specify corner of window, enter a scale factor (nX or nXP), or [All/Extents/Window/Previous/Object] <real time>: 

Command: _u 'ZOOM GROUP 
Command: _u '.VIEWCUBEACTION 
Command: _u 'PAN GROUP 
Command: _u INTELLIZOOM 
Command: _u 'ZOOM GROUP 
Command: _u '.VIEWCUBEACTION 
Command: _u 'ZOOM GROUP 
Command: _u 'NAVSWHEEL GROUP 'NAVSWHEELMODE 
Command: _u Zoom GROUP 
Command: _u Pan GROUP 
Command: _u INTELLIZOOM 
Command: _u UNION GROUP 
Command: _u SOLIDEDIT GROUP 
Command: _u 'ZOOM GROUP 
Command: 
Command: 
Command: _mredo 
Enter number of actions or [All/Last]: 1 GROUP 'ZOOM 
Command: 
Command: 
Command: _mredo 
Enter number of actions or [All/Last]: 1 GROUP SOLIDEDIT 
Command: _u SOLIDEDIT GROUP 
Command: 
Command: 
Command: _mredo 
Enter number of actions or [All/Last]: 1 GROUP SOLIDEDIT 
Command: 
Command: 
Command: _mredo 
Enter number of actions or [All/Last]: 1 GROUP UNION 
Command: 
Command: 
Command: _mredo 
Enter number of actions or [All/Last]: 1 INTELLIZOOM 
Command: _u INTELLIZOOM 
Command: _u UNION GROUP 
Command: _u SOLIDEDIT GROUP 
Command: 
Command: 
Command: _mredo 
Enter number of actions or [All/Last]: 1 GROUP SOLIDEDIT 
Command: '_pan 
Command: _u Pan GROUP 
Command: _u INTELLIZOOM INTELLIZOOM 
Command: _u SOLIDEDIT GROUP 
Command: '_pan 
Command: '_zoom Specify corner of window, enter a scale factor (nX or nXP), or [All/Extents/Window/Previous/Object] <real time>: 
Press ESC or ENTER to exit, or right-click to display shortcut-menu.

Command:  
Enter new value for NAVSWHEELMODE <4>:  
Command: 
Right-click to display the shortcut menu. Press ESC or ENTER to exit.

Command: 
Command: 
Command: _solidedit 
Solids editing automatic checking:  SOLIDCHECK=1
Enter a solids editing option [Face/Edge/Body/Undo/eXit] <eXit>: _face 
Enter a face editing option
[Extrude/Move/Rotate/Offset/Taper/Delete/Copy/coLor/mAterial/Undo/eXit] <eXit>: _move 
Select faces or [Undo/Remove]: 1 face found.

Select faces or [Undo/Remove/ALL]: NEAR
to 

Specify a base point or displacement: *Cancel*

Command:  
Enter new value for NAVSWHEELMODE <4>:  
Command: 
Right-click to display the shortcut menu. Press ESC or ENTER to exit.

Command: 
Command: 
Command: _solidedit 
Solids editing automatic checking:  SOLIDCHECK=1
Enter a solids editing option [Face/Edge/Body/Undo/eXit] <eXit>: _face 
Enter a face editing option
[Extrude/Move/Rotate/Offset/Taper/Delete/Copy/coLor/mAterial/Undo/eXit] <eXit>: _move 
Select faces or [Undo/Remove]: 1 face found.

Select faces or [Undo/Remove/ALL]: 

Specify a base point or displacement: INT
of  <Snap on>  <Snap off> NEAR

Invalid point.

Specify a base point or displacement: 

Invalid point.

Specify a base point or displacement: NEAR
to 
Specify a second point of displacement: 0.01

Modeling Operation Error:
Error Code Number is 103009

Enter a face editing option
[Extrude/Move/Rotate/Offset/Taper/Delete/Copy/coLor/mAterial/Undo/eXit] <eXit>: _u 
Command has been completely undone.

Enter a face editing option
[Extrude/Move/Rotate/Offset/Taper/Delete/Copy/coLor/mAterial/Undo/eXit] <eXit>: *Cancel*

Command: _u SOLIDEDIT GROUP 
Command: _u 'NAVSWHEEL GROUP 'NAVSWHEELMODE 
Command: 
Command: 
Command: _mredo 
Enter number of actions or [All/Last]: 1 GROUP 'NAVSWHEELMODE 'NAVSWHEEL 
Command: *Cancel*

Automatic save to C:\Users\saukrs\AppData\Local\Temp\LD1_1_8365_fbb7b333.sv$ ...

Command: 
Command: *Cancel*

Command: *Cancel*

Command: _vscurrent 
Enter an option [2dwireframe/Wireframe/Hidden/Realistic/Conceptual/Shaded/shaded with Edges/shades of Gray/SKetchy/X-ray/Other] <Realistic>: _x 
Command: *Cancel*

Command: *Cancel*

Command: _vscurrent 
Enter an option [2dwireframe/Wireframe/Hidden/Realistic/Conceptual/Shaded/shaded with Edges/shades of Gray/SKetchy/X-ray/Other] <X-Ray>: _w 
Command: *Cancel*

Command: *Cancel*

Command: _vscurrent 
Enter an option [2dwireframe/Wireframe/Hidden/Realistic/Conceptual/Shaded/shaded with Edges/shades of Gray/SKetchy/X-ray/Other] <Wireframe>: _2d Regenerating model.

Command: Specify opposite corner or [Fence/WPolygon/CPolygon]: 
Command: Specify opposite corner or [Fence/WPolygon/CPolygon]: 
Command: 
Command: _.erase 1 found

Command: _u ERASE 
Command: 
Command: '_.-LAYER

Current layer:  "2-Užrašai"
Enter an option [?/Make/Set/New/Rename/ON/OFF/Color/Ltype/LWeight/TRansparency/MATerial/Plot/Freeze/Thaw/LOck/Unlock/stAte/Description/rEconcile/Xref]: _THAW

Enter name list of layer(s) to thaw: =0-laikinai
Enter an option [?/Make/Set/New/Rename/ON/OFF/Color/Ltype/LWeight/TRansparency/MATerial/Plot/Freeze/Thaw/LOck/Unlock/stAte/Description/rEconcile/Xref]: 

Command: 
Command: '_.-LAYER

Current layer:  "2-Užrašai"
Enter an option [?/Make/Set/New/Rename/ON/OFF/Color/Ltype/LWeight/TRansparency/MATerial/Plot/Freeze/Thaw/LOck/Unlock/stAte/Description/rEconcile/Xref]: _FREEZE

Enter name list of layer(s) to freeze or <select objects>: =0-laikinai
Enter an option [?/Make/Set/New/Rename/ON/OFF/Color/Ltype/LWeight/TRansparency/MATerial/Plot/Freeze/Thaw/LOck/Unlock/stAte/Description/rEconcile/Xref]: 

Command:  Regenerating model.

Command:  
Specify corner of window, enter a scale factor (nX or nXP), or 
[All/Center/Dynamic/Extents/Previous/Scale/Window/Object] <real time>: 

Command: 
Command: '_.-LAYER

Current layer:  "2-Užrašai"
Enter an option [?/Make/Set/New/Rename/ON/OFF/Color/Ltype/LWeight/TRansparency/MATerial/Plot/Freeze/Thaw/LOck/Unlock/stAte/Description/rEconcile/Xref]: _THAW

Enter name list of layer(s) to thaw: =0-laikinai
Enter an option [?/Make/Set/New/Rename/ON/OFF/Color/Ltype/LWeight/TRansparency/MATerial/Plot/Freeze/Thaw/LOck/Unlock/stAte/Description/rEconcile/Xref]: 

Command: 
Command: '_.-LAYER

Current layer:  "2-Užrašai"
Enter an option [?/Make/Set/New/Rename/ON/OFF/Color/Ltype/LWeight/TRansparency/MATerial/Plot/Freeze/Thaw/LOck/Unlock/stAte/Description/rEconcile/Xref]: _FREEZE

Enter name list of layer(s) to freeze or <select objects>: =0-laikinai
Enter an option [?/Make/Set/New/Rename/ON/OFF/Color/Ltype/LWeight/TRansparency/MATerial/Plot/Freeze/Thaw/LOck/Unlock/stAte/Description/rEconcile/Xref]: 

Command: 
Command: '_.-LAYER

Current layer:  "2-Užrašai"
Enter an option [?/Make/Set/New/Rename/ON/OFF/Color/Ltype/LWeight/TRansparency/MATerial/Plot/Freeze/Thaw/LOck/Unlock/stAte/Description/rEconcile/Xref]: _THAW

Enter name list of layer(s) to thaw: =0
Enter an option [?/Make/Set/New/Rename/ON/OFF/Color/Ltype/LWeight/TRansparency/MATerial/Plot/Freeze/Thaw/LOck/Unlock/stAte/Description/rEconcile/Xref]: 

Command: 
Command: '_.-LAYER

Current layer:  "2-Užrašai"
Enter an option [?/Make/Set/New/Rename/ON/OFF/Color/Ltype/LWeight/TRansparency/MATerial/Plot/Freeze/Thaw/LOck/Unlock/stAte/Description/rEconcile/Xref]: _FREEZE

Enter name list of layer(s) to freeze or <select objects>: =0
Enter an option [?/Make/Set/New/Rename/ON/OFF/Color/Ltype/LWeight/TRansparency/MATerial/Plot/Freeze/Thaw/LOck/Unlock/stAte/Description/rEconcile/Xref]: 

Command: 
Command: '_.-LAYER

Current layer:  "2-Užrašai"
Enter an option [?/Make/Set/New/Rename/ON/OFF/Color/Ltype/LWeight/TRansparency/MATerial/Plot/Freeze/Thaw/LOck/Unlock/stAte/Description/rEconcile/Xref]: _THAW

Enter name list of layer(s) to thaw: =0-laikinai
Enter an option [?/Make/Set/New/Rename/ON/OFF/Color/Ltype/LWeight/TRansparency/MATerial/Plot/Freeze/Thaw/LOck/Unlock/stAte/Description/rEconcile/Xref]: 

Command: 
Command: '_.-LAYER

Current layer:  "2-Užrašai"
Enter an option [?/Make/Set/New/Rename/ON/OFF/Color/Ltype/LWeight/TRansparency/MATerial/Plot/Freeze/Thaw/LOck/Unlock/stAte/Description/rEconcile/Xref]: _FREEZE

Enter name list of layer(s) to freeze or <select objects>: =0-laikinai
Enter an option [?/Make/Set/New/Rename/ON/OFF/Color/Ltype/LWeight/TRansparency/MATerial/Plot/Freeze/Thaw/LOck/Unlock/stAte/Description/rEconcile/Xref]: 

Command: Specify opposite corner or [Fence/WPolygon/CPolygon]: *Cancel*

Command: _u '.-LAYER '.-LAYER '.-LAYER '.-LAYER '.-LAYER '.-LAYER Regenerating model.

Command: _u 'ZOOM GROUP 
Command: _u '.VIEWCUBEACTION Regenerating model.

Command: Specify opposite corner or [Fence/WPolygon/CPolygon]: *Cancel*

Command:  
Enter new value for NAVSWHEELMODE <4>:  
Command: 
Right-click to display the shortcut menu. Press ESC or ENTER to exit.
Regenerating model.

Command: 
Command: 
Command: _solidedit 
Solids editing automatic checking:  SOLIDCHECK=1
Enter a solids editing option [Face/Edge/Body/Undo/eXit] <eXit>: _face 
Enter a face editing option
[Extrude/Move/Rotate/Offset/Taper/Delete/Copy/coLor/mAterial/Undo/eXit] <eXit>: _move 
Select faces or [Undo/Remove]: 1 face found.

Select faces or [Undo/Remove/ALL]: 

Specify a base point or displacement: NEAR
to 
Specify a second point of displacement: 0.005

Modeling Operation Error:
Error Code Number is 104004

Enter a face editing option
[Extrude/Move/Rotate/Offset/Taper/Delete/Copy/coLor/mAterial/Undo/eXit] <eXit>: 

Solids editing automatic checking:  SOLIDCHECK=1
Enter a solids editing option [Face/Edge/Body/Undo/eXit] <eXit>: *Cancel*

Command: _u SOLIDEDIT GROUP 
Command: _u 'NAVSWHEEL GROUP 'NAVSWHEELMODE 
Command: 
Command: 
Command: _mredo 
Enter number of actions or [All/Last]: 1 GROUP 'NAVSWHEELMODE 'NAVSWHEEL Regenerating model.
Regenerating model.

Command: MOVE

Select objects: 1 found

Select objects: 

Specify base point or [Displacement] <Displacement>: NEAR
to 
Specify second point or <use first point as displacement>: *Cancel*

Command: _u MOVE 
Command: _u 'NAVSWHEEL GROUP 'NAVSWHEELMODE 
Command: 
Command: 
Command: _mredo 
Enter number of actions or [All/Last]: 1 GROUP 'NAVSWHEELMODE 'NAVSWHEEL Regenerating model.
Regenerating model.

Command: MOVE

Select objects: 1 found

Select objects: 

Specify base point or [Displacement] <Displacement>: 
Specify second point or <use first point as displacement>: *Cancel*

Command: MOVE

Select objects: 

Command: 
Command: 
Command: 
MOVE
1 found

Specify base point or [Displacement] <Displacement>: 
Specify second point or <use first point as displacement>: *Cancel*

Command: _u MOVE 
Command: _u MOVE 
Command: _u MOVE 
Command: _u 'NAVSWHEEL GROUP 'NAVSWHEELMODE 
Command: 
Command: 
Command: _mredo 
Enter number of actions or [All/Last]: 1 GROUP 'NAVSWHEELMODE 'NAVSWHEEL Regenerating model.
Regenerating model.

Command: MOVE

Select objects: 1 found

Select objects: 

Specify base point or [Displacement] <Displacement>: D

Specify displacement <0.0000, 0.0000, 0.0000>: 0.05

Command: _u MOVE 
Command: MOVE

Select objects: 1 found

Select objects: 

Specify base point or [Displacement] <Displacement>: _zvert of 
No 3D Vertex found for specified point.
Point or option keyword required.

Specify base point or [Displacement] <Displacement>: 
Specify second point or <use first point as displacement>: 0.005

Command: _u MOVE 
Command: 
Command: 
Command: _mredo 
Enter number of actions or [All/Last]: 1 MOVE 
Everything has been redone

Command: _u MOVE 
Command: Specify opposite corner or [Fence/WPolygon/CPolygon]: 
Command:  
Enter new value for NAVSWHEELMODE <4>:  
Command: 
Right-click to display the shortcut menu. Press ESC or ENTER to exit.
Regenerating model.

Command: *Cancel*

Command: *Cancel*

Command: _vscurrent 
Enter an option [2dwireframe/Wireframe/Hidden/Realistic/Conceptual/Shaded/shaded with Edges/shades of Gray/SKetchy/X-ray/Other] <2dwireframe>: _r 
Command: '_perspective 
Enter new value for PERSPECTIVE <0>: 1 
Command: 
Command: _.erase 1 found

Command: _u ERASE 
Command: '_perspective 
Enter new value for PERSPECTIVE <1>: 0 
Command: *Cancel*

Command: *Cancel*

Command: _vscurrent 
Enter an option [2dwireframe/Wireframe/Hidden/Realistic/Conceptual/Shaded/shaded with Edges/shades of Gray/SKetchy/X-ray/Other] <Realistic>: _s 
Command: *Cancel*

Command: *Cancel*

Command: _vscurrent 
Enter an option [2dwireframe/Wireframe/Hidden/Realistic/Conceptual/Shaded/shaded with Edges/shades of Gray/SKetchy/X-ray/Other] <Shaded>: _c 
Command: *Cancel*

Command: *Cancel*

Command: _vscurrent 
Enter an option [2dwireframe/Wireframe/Hidden/Realistic/Conceptual/Shaded/shaded with Edges/shades of Gray/SKetchy/X-ray/Other] <Conceptual>: _2d Regenerating model.

Command: '_perspective 
Enter new value for PERSPECTIVE <0>: 1 
Command: '_perspective 
Enter new value for PERSPECTIVE <1>: 0 
Command: *Cancel*

Command: ID
Specify point: NEAR
to  X = 11.7166     Y = 23.8300     Z = 0.0000

Command: ID
Specify point: NEAR
to  X = 11.7166     Y = 23.8300     Z = 0.0050

Command: COPY

Select objects: 1 found

Select objects: 

Current settings:  Copy mode = Multiple
Specify base point or [Displacement/mOde] <Displacement>:  
>>Enter new value for NAVSWHEELMODE <4>:  
Resuming COPY command.

Specify base point or [Displacement/mOde] <Displacement>: 
Right-click to display the shortcut menu. Press ESC or ENTER to exit.

Resuming COPY command.

Specify base point or [Displacement/mOde] <Displacement>: 
Specify second point or [Array] <use first point as displacement>: *Cancel*

Automatic save to C:\Users\saukrs\AppData\Local\Temp\LD1_1_8365_fbb7b333.sv$ ...

Command: 
Command:  
Enter new value for NAVSWHEELMODE <4>:  
Command: 
Right-click to display the shortcut menu. Press ESC or ENTER to exit.

Command: COPY

Select objects: 1 found

Select objects: 

Current settings:  Copy mode = Multiple
Specify base point or [Displacement/mOde] <Displacement>:  
>>Enter new value for ORTHOMODE <1>:  
Resuming COPY command.

Specify base point or [Displacement/mOde] <Displacement>: D

Specify displacement <0.0000, 0.0000, 0.0000>: 0.05

Command: 
COPY

Select objects: _u All selections have been undone.

Select objects: _u All selections have been undone.

Select objects: _u All selections have been undone.

Select objects: _u All selections have been undone.

Select objects: _u All selections have been undone.

Select objects: *Cancel*

Command: _u COPY 
Command: _u COPY 
Command: _u 'NAVSWHEEL GROUP 'NAVSWHEELMODE 
Command: 
Command: 
Command: _mredo 
Enter number of actions or [All/Last]: 1 GROUP 'NAVSWHEELMODE 'NAVSWHEEL 
Command: COPY

Select objects: 1 found

Select objects: NEAR
to 

Current settings:  Copy mode = Multiple
Specify base point or [Displacement/mOde] <Displacement>: _zvert of 
Specify second point or [Array] <use first point as displacement>: 0.005

Specify second point or [Array/Exit/Undo] <Exit>: 

Command: MOVE

Select objects: Specify opposite corner: 0 found
Select objects: 1 found

Select objects: 

Specify base point or [Displacement] <Displacement>: _zvert of 
Specify second point or <use first point as displacement>: 0.005

Command: *Cancel*

Command: 
Command: 
Command: _subtract Select solids, surfaces, and regions to subtract from ..

Select objects: Specify opposite corner: 0 found
Select objects: 1 found

Select objects: 
Select solids, surfaces, and regions to subtract ..
Select objects: 1 found

Select objects: 


Command: *Cancel*

Command: *Cancel*

Command: _vscurrent 
Enter an option [2dwireframe/Wireframe/Hidden/Realistic/Conceptual/Shaded/shaded with Edges/shades of Gray/SKetchy/X-ray/Other] <Wireframe>: _c 
Command: *Cancel*

Command: *Cancel*

Command: _vscurrent 
Enter an option [2dwireframe/Wireframe/Hidden/Realistic/Conceptual/Shaded/shaded with Edges/shades of Gray/SKetchy/X-ray/Other] <Conceptual>: _r 
Command:  
Enter new value for NAVSWHEELMODE <4>:  
Command: 
Right-click to display the shortcut menu. Press ESC or ENTER to exit.

Command: MOVE

Select objects: 1 found

Select objects: 

Specify base point or [Displacement] <Displacement>: _zvert of 
Specify second point or <use first point as displacement>: 1

Command: *Cancel*

Command:  
Command:  Specify corner of window, enter a scale factor (nX or nXP), or [All/Extents/Window/Previous/Object] <real time>: 

Command: *Cancel*

Command: '_perspective 
Enter new value for PERSPECTIVE <1>: 0 
Command: *Cancel*

Command: *Cancel*

Command: _vscurrent 
Enter an option [2dwireframe/Wireframe/Hidden/Realistic/Conceptual/Shaded/shaded with Edges/shades of Gray/SKetchy/X-ray/Other] <Realistic>: _c 
Command: *Cancel*

Command: *Cancel*

Command: _vscurrent 
Enter an option [2dwireframe/Wireframe/Hidden/Realistic/Conceptual/Shaded/shaded with Edges/shades of Gray/SKetchy/X-ray/Other] <Conceptual>: _2d Regenerating model.

Command: *Cancel*

Command: *Cancel*

Command: _vscurrent 
Enter an option [2dwireframe/Wireframe/Hidden/Realistic/Conceptual/Shaded/shaded with Edges/shades of Gray/SKetchy/X-ray/Other] <2dwireframe>: _r 
Command: '_pan 
Command: 
Command: 
Command: _RENDER Render aborted.
Command: 
Command: 
Command: _RENDER 
Command:  
Command:  
Specify corner of window, enter a scale factor (nX or nXP), or 
[All/Center/Dynamic/Extents/Previous/Scale/Window/Object] <real time>: 

Command: *Cancel*

Command: *Cancel*

Command: _vscurrent 
Enter an option [2dwireframe/Wireframe/Hidden/Realistic/Conceptual/Shaded/shaded with Edges/shades of Gray/SKetchy/X-ray/Other] <Realistic>: _2d Regenerating model.

Command: Specify opposite corner or [Fence/WPolygon/CPolygon]: *Cancel*

Command: '_pan 
Press ESC or ENTER to exit, or right-click to display shortcut menu.

Command: MOVE

Select objects: 1 found

Select objects: 

Specify base point or [Displacement] <Displacement>: _zvert of 
No 3D Vertex found for specified point.
Point or option keyword required.

Specify base point or [Displacement] <Displacement>: 
Specify second point or <use first point as displacement>: *Cancel*

Command: 
MOVE

Select objects: 1 found

Select objects: 

Specify base point or [Displacement] <Displacement>: 

Specify displacement <0.0000, 0.0000, 0.0000>: *Cancel*

Command: MOVE

Select objects: 1 found

Select objects: 

Specify base point or [Displacement] <Displacement>: _zvert of 
No 3D Vertex found for specified point.
Point or option keyword required.

Specify base point or [Displacement] <Displacement>: 
Specify second point or <use first point as displacement>:  <Snap on>  <Snap off>  <Ortho off>  <Ortho on> 
Command: Specify opposite corner or [Fence/WPolygon/CPolygon]: 
Command: '_pan 
Press ESC or ENTER to exit, or right-click to display shortcut menu.

Automatic save to C:\Users\saukrs\AppData\Local\Temp\LD1_1_8365_fbb7b333.sv$ ...

Command: 
Command: _u Pan GROUP 
Command: _u MOVE 
Command: _u MOVE 
Command: _u MOVE 
Command: _u Pan GROUP 
Command: _u INTELLIZOOM 
Command: _u VSCURRENT 
Command: _u INTELLIZOOM 
Command: 
Command: 
Command: _mredo 
Enter number of actions or [All/Last]: 1 INTELLIZOOM 
Command: 
Command: 
Command: _mredo 
Enter number of actions or [All/Last]: 1 VSCURRENT Regenerating model.

Command: 
Command: 
Command: _mredo 
Enter number of actions or [All/Last]: 1 INTELLIZOOM 
Command: 
Command: 
Command: _mredo 
Enter number of actions or [All/Last]: 1 GROUP Pan 
Command: _u Pan GROUP 
Command:  Regenerating model.

Command:  
Specify corner of window, enter a scale factor (nX or nXP), or 
[All/Center/Dynamic/Extents/Previous/Scale/Window/Object] <real time>: 

Command: '_pan 
Press ESC or ENTER to exit, or right-click to display shortcut menu.

Command: '_zoom 
Specify corner of window, enter a scale factor (nX or nXP), or 
[All/Center/Dynamic/Extents/Previous/Scale/Window/Object] <real time>: 

Press ESC or ENTER to exit, or right-click to display shortcut menu.

Command: '_pan 
Press ESC or ENTER to exit, or right-click to display shortcut menu.

Command: MOVE

Select objects: 1 found

Select objects: 

Specify base point or [Displacement] <Displacement>: _zvert of 
Specify second point or <use first point as displacement>: 

Command: _u MOVE 
Command: _u Pan GROUP 
Command: 
Command: 
Command: _mredo 
Enter number of actions or [All/Last]: 1 GROUP Pan 
Command: 
Command: 
Command: _mredo 
Enter number of actions or [All/Last]: 1 MOVE 
Everything has been redone

Command: _u MOVE 
Command: *Cancel*

Command: *Cancel*

Command: _vscurrent 
Enter an option [2dwireframe/Wireframe/Hidden/Realistic/Conceptual/Shaded/shaded with Edges/shades of Gray/SKetchy/X-ray/Other] <2dwireframe>: _r 
Command: 
Command: *Cancel*

Command: *Cancel*

Command: _vscurrent 
Enter an option [2dwireframe/Wireframe/Hidden/Realistic/Conceptual/Shaded/shaded with Edges/shades of Gray/SKetchy/X-ray/Other] <Realistic>: _x 
Command: MOVE

Select objects: 1 found

Select objects: 

Specify base point or [Displacement] <Displacement>: _zvert of 
Specify second point or <use first point as displacement>: 

Command: _u MOVE 
Command: _u VSCURRENT 
Command: 
Command: 
Command: _mredo 
Enter number of actions or [All/Last]: 1 VSCURRENT 
Command: 
Command: 
Command: _mredo 
Enter number of actions or [All/Last]: 1 MOVE 
Everything has been redone

Command: _u MOVE 
Command: MOVE

Select objects: 1 found

Select objects: _ZVERT
of 1 found (1 duplicate), 1 total

Select objects: 

Specify base point or [Displacement] <Displacement>: _ZVERT
of 
Specify second point or <use first point as displacement>: _ZVERT
of 
Command: *Cancel*

Command:  
Command:  
Specify corner of window, enter a scale factor (nX or nXP), or 
[All/Center/Dynamic/Extents/Previous/Scale/Window/Object] <real time>: 

Command: *Cancel*

Command: *Cancel*

Command: _vscurrent 
Enter an option [2dwireframe/Wireframe/Hidden/Realistic/Conceptual/Shaded/shaded with Edges/shades of Gray/SKetchy/X-ray/Other] <X-Ray>: _2d Regenerating model.

Command:  Regenerating model.

Command:  
Specify corner of window, enter a scale factor (nX or nXP), or 
[All/Center/Dynamic/Extents/Previous/Scale/Window/Object] <real time>: 

Command: *Cancel*

Command: *Cancel*

Command: _vscurrent 
Enter an option [2dwireframe/Wireframe/Hidden/Realistic/Conceptual/Shaded/shaded with Edges/shades of Gray/SKetchy/X-ray/Other] <2dwireframe>: _r 
Command: 
Command: 
Command: _sectionplane Type = Plane
Select face or any point to locate section line or [Draw section/Orthographic/Type]: 
Specify through point: 
Command: *Cancel*

Command: _u SECTIONPLANE GROUP 
Command: 
Command: 
Command: _livesection 
Select section object:
Select section object:
Object is not a section object. Select section object:*Cancel*

Command: 
Command: _sectionplane Type = Plane
Select face or any point to locate section line or [Draw section/Orthographic/Type]: 
Specify through point: 
Command: 
Command: 
Command: _livesection 
Select section object:

Command: _u 
Command: _u 
Command: _u 
Command: _u 
Command: _u 
Command: _u 
Command: _u 
Command: _u 
Command: _u 
Command: _u 
Command: _u 
Command: _u 
Command: _u 
Command: _u 
Command: _u 
Command: _u 
Command: _u 
Command: _u 
Command: _u 
Command: _u 
Command: _u 
Command: _u 
Command: _u 
Command: _u 
Command: _u 
Command: _u 
Command: _u LIVESECTION GROUP 
Command: _u SECTIONPLANE GROUP 
Command: _u GROUP LIVESECTION 
Command: _u VSCURRENT Regenerating model.
Regenerating model.

Command: _u 'ZOOM GROUP Regenerating model.

Command: 
Command: 
Command: _mredo 
Enter number of actions or [All/Last]: 1 GROUP 'ZOOM 
Command: 
Command: 
Command: _mredo 
Enter number of actions or [All/Last]: 1 VSCURRENT 
Command: _u VSCURRENT Regenerating model.
Regenerating model.

Command: 
Command: 
Command: _mredo 
Enter number of actions or [All/Last]: 1 VSCURRENT 
Command: _u VSCURRENT Regenerating model.
Regenerating model.

Command: 
Command: 
Command: _mredo 
Enter number of actions or [All/Last]: 1 VSCURRENT 
Command: 
Command: '_.-LAYER

Current layer:  "2-Užrašai"
Enter an option [?/Make/Set/New/Rename/ON/OFF/Color/Ltype/LWeight/TRansparency/MATerial/Plot/Freeze/Thaw/LOck/Unlock/stAte/Description/rEconcile/Xref]: _THAW

Enter name list of layer(s) to thaw: =0-laikinai
Enter an option [?/Make/Set/New/Rename/ON/OFF/Color/Ltype/LWeight/TRansparency/MATerial/Plot/Freeze/Thaw/LOck/Unlock/stAte/Description/rEconcile/Xref]: 

Command: 
Command: *Cancel*

Command: _.erase 1 found

Command:  
Command:  
Specify corner of window, enter a scale factor (nX or nXP), or 
[All/Center/Dynamic/Extents/Previous/Scale/Window/Object] <real time>: 

Command: _u 'ZOOM GROUP 
Command: _u '.VIEWCUBEACTION 
Command:  
Command:  
Command:  
Command:  
Command:  
Command:  
Command:  
Command: 
Automatic save to C:\Users\saukrs\AppData\Local\Temp\LD1_1_8365_fbb7b333.sv$ ...

Command: 
Command: 
Command: '_.-LAYER

Current layer:  "2-Užrašai"
Enter an option [?/Make/Set/New/Rename/ON/OFF/Color/Ltype/LWeight/TRansparency/MATerial/Plot/Freeze/Thaw/LOck/Unlock/stAte/Description/rEconcile/Xref]: _THAW

Enter name list of layer(s) to thaw: =0
Enter an option [?/Make/Set/New/Rename/ON/OFF/Color/Ltype/LWeight/TRansparency/MATerial/Plot/Freeze/Thaw/LOck/Unlock/stAte/Description/rEconcile/Xref]: 

Command: 
Command: 
Command: 
Command: '_.-LAYER

Current layer:  "2-Užrašai"
Enter an option [?/Make/Set/New/Rename/ON/OFF/Color/Ltype/LWeight/TRansparency/MATerial/Plot/Freeze/Thaw/LOck/Unlock/stAte/Description/rEconcile/Xref]: _FREEZE

Enter name list of layer(s) to freeze or <select objects>: =0
Enter an option [?/Make/Set/New/Rename/ON/OFF/Color/Ltype/LWeight/TRansparency/MATerial/Plot/Freeze/Thaw/LOck/Unlock/stAte/Description/rEconcile/Xref]: 

Command: 
Command: '_.-LAYER

Current layer:  "2-Užrašai"
Enter an option [?/Make/Set/New/Rename/ON/OFF/Color/Ltype/LWeight/TRansparency/MATerial/Plot/Freeze/Thaw/LOck/Unlock/stAte/Description/rEconcile/Xref]: _FREEZE

Enter name list of layer(s) to freeze or <select objects>: =0-laikinai
Enter an option [?/Make/Set/New/Rename/ON/OFF/Color/Ltype/LWeight/TRansparency/MATerial/Plot/Freeze/Thaw/LOck/Unlock/stAte/Description/rEconcile/Xref]: 

Command: 
Command: '_.-LAYER

Current layer:  "2-Užrašai"
Enter an option [?/Make/Set/New/Rename/ON/OFF/Color/Ltype/LWeight/TRansparency/MATerial/Plot/Freeze/Thaw/LOck/Unlock/stAte/Description/rEconcile/Xref]: _THAW

Enter name list of layer(s) to thaw: =0-laikinai
Enter an option [?/Make/Set/New/Rename/ON/OFF/Color/Ltype/LWeight/TRansparency/MATerial/Plot/Freeze/Thaw/LOck/Unlock/stAte/Description/rEconcile/Xref]: 

Command:  
Specify corner of window, enter a scale factor (nX or nXP), or 
[All/Center/Dynamic/Extents/Previous/Scale/Window/Object] <real time>: 

Command: *Cancel*

Command: 
Command: _u 'ZOOM GROUP 
Command: _u '.-LAYER '.-LAYER '.-LAYER 
Command: _u CHPROP 
Command: _u 
Command: _u CHPROP 
Command: 
Command: _.erase 1 found

Command: 
Command: _.erase 1 found

Command: 
Command: _.erase 1 found

Command: _u ERASE 
Command: _u ERASE 
Command: _u ERASE 
Command: 
Command: '_.-LAYER

Current layer:  "2-Užrašai"
Enter an option [?/Make/Set/New/Rename/ON/OFF/Color/Ltype/LWeight/TRansparency/MATerial/Plot/Freeze/Thaw/LOck/Unlock/stAte/Description/rEconcile/Xref]: _FREEZE

Enter name list of layer(s) to freeze or <select objects>: =0
Enter an option [?/Make/Set/New/Rename/ON/OFF/Color/Ltype/LWeight/TRansparency/MATerial/Plot/Freeze/Thaw/LOck/Unlock/stAte/Description/rEconcile/Xref]: 

Command: 
Command: '_.-LAYER

Current layer:  "2-Užrašai"
Enter an option [?/Make/Set/New/Rename/ON/OFF/Color/Ltype/LWeight/TRansparency/MATerial/Plot/Freeze/Thaw/LOck/Unlock/stAte/Description/rEconcile/Xref]: _THAW

Enter name list of layer(s) to thaw: =0
Enter an option [?/Make/Set/New/Rename/ON/OFF/Color/Ltype/LWeight/TRansparency/MATerial/Plot/Freeze/Thaw/LOck/Unlock/stAte/Description/rEconcile/Xref]: 

Command: 
Command: '_.-LAYER

Current layer:  "2-Užrašai"
Enter an option [?/Make/Set/New/Rename/ON/OFF/Color/Ltype/LWeight/TRansparency/MATerial/Plot/Freeze/Thaw/LOck/Unlock/stAte/Description/rEconcile/Xref]: _FREEZE

Enter name list of layer(s) to freeze or <select objects>: =1-Liežuv\U+0117lis
Enter an option [?/Make/Set/New/Rename/ON/OFF/Color/Ltype/LWeight/TRansparency/MATerial/Plot/Freeze/Thaw/LOck/Unlock/stAte/Description/rEconcile/Xref]: 

Command: 
Command: '_.-LAYER

Current layer:  "2-Užrašai"
Enter an option [?/Make/Set/New/Rename/ON/OFF/Color/Ltype/LWeight/TRansparency/MATerial/Plot/Freeze/Thaw/LOck/Unlock/stAte/Description/rEconcile/Xref]: _THAW

Enter name list of layer(s) to thaw: =1-Liežuv\U+0117lis
Enter an option [?/Make/Set/New/Rename/ON/OFF/Color/Ltype/LWeight/TRansparency/MATerial/Plot/Freeze/Thaw/LOck/Unlock/stAte/Description/rEconcile/Xref]: 

Command: 
Command: 
Command: 

Current ucs name:  Liežuv\U+0117lio veidas
Specify origin of UCS or [Face/NAmed/OBject/Previous/View/World/X/Y/Z/ZAxis] <World>: 

Command: Specify opposite corner or [Fence/WPolygon/CPolygon]: 
Command: *Cancel*

Command: SELECT

Select objects: Specify opposite corner: 5 found

Select objects: *Cancel*

Command: 
Command: 
Command: MOVE
2 found

Specify base point or [Displacement] <Displacement>: *Cancel*

Command: 
Command: 
Command: Specify opposite corner or [Fence/WPolygon/CPolygon]: 
Command: Specify opposite corner or [Fence/WPolygon/CPolygon]: *Cancel*

Command: *Cancel*

Command: 
Command: '_.-LAYER

Current layer:  "2-Užrašai"
Enter an option [?/Make/Set/New/Rename/ON/OFF/Color/Ltype/LWeight/TRansparency/MATerial/Plot/Freeze/Thaw/LOck/Unlock/stAte/Description/rEconcile/Xref]: _FREEZE

Enter name list of layer(s) to freeze or <select objects>: =0
Enter an option [?/Make/Set/New/Rename/ON/OFF/Color/Ltype/LWeight/TRansparency/MATerial/Plot/Freeze/Thaw/LOck/Unlock/stAte/Description/rEconcile/Xref]: 

Command:  
Specify corner of window, enter a scale factor (nX or nXP), or 
[All/Center/Dynamic/Extents/Previous/Scale/Window/Object] <real time>: 

Command: *Cancel*

Command: *Cancel*

Command: _vscurrent 
Enter an option [2dwireframe/Wireframe/Hidden/Realistic/Conceptual/Shaded/shaded with Edges/shades of Gray/SKetchy/X-ray/Other] <Realistic>: _x 
Command:  
Command:  
Command: 
Command: 
Command: 

Current ucs name:  *WORLD*
Specify origin of UCS or [Face/NAmed/OBject/Previous/View/World/X/Y/Z/ZAxis] <World>: 

Enter an option [Restore/Save/Delete/?]: 

Enter name of UCS to restore or [?]: 

Command:  
Command:  
Command:  
Command:  
Command:  
Command:  Specify corner of window, enter a scale factor (nX or nXP), or [All/Extents/Window/Previous/Object] <real time>: 

Command: *Cancel*

Command: *Cancel*

Command: _vscurrent 
Enter an option [2dwireframe/Wireframe/Hidden/Realistic/Conceptual/Shaded/shaded with Edges/shades of Gray/SKetchy/X-ray/Other] <X-Ray>: _r 
Command: *Cancel*

Command: *Cancel*

Command: _vscurrent 
Enter an option [2dwireframe/Wireframe/Hidden/Realistic/Conceptual/Shaded/shaded with Edges/shades of Gray/SKetchy/X-ray/Other] <Realistic>: _c 
Command: *Cancel*

Command: *Cancel*

Command: _vscurrent 
Enter an option [2dwireframe/Wireframe/Hidden/Realistic/Conceptual/Shaded/shaded with Edges/shades of Gray/SKetchy/X-ray/Other] <Conceptual>: _2d Regenerating model.

Command: Regenerating model.
'_pan 
Press ESC or ENTER to exit, or right-click to display shortcut menu.

Command:  Regenerating model.

Command:  
Specify corner of window, enter a scale factor (nX or nXP), or 
[All/Center/Dynamic/Extents/Previous/Scale/Window/Object] <real time>: 

Command: '_pan 
Press ESC or ENTER to exit, or right-click to display shortcut menu.

Command: 
Command: 
Command: _solidedit 
Solids editing automatic checking:  SOLIDCHECK=1
Enter a solids editing option [Face/Edge/Body/Undo/eXit] <eXit>: _face 
Enter a face editing option
[Extrude/Move/Rotate/Offset/Taper/Delete/Copy/coLor/mAterial/Undo/eXit] <eXit>: _color 
Select faces or [Undo/Remove]: 1 face found.

Select faces or [Undo/Remove/ALL]: 

Enter a face editing option
[Extrude/Move/Rotate/Offset/Taper/Delete/Copy/coLor/mAterial/Undo/eXit] <eXit>: *Cancel*

Command: *Cancel*

Command: _vscurrent 
Enter an option [2dwireframe/Wireframe/Hidden/Realistic/Conceptual/Shaded/shaded with Edges/shades of Gray/SKetchy/X-ray/Other] <2dwireframe>: _r 
Command: _u VSCURRENT Regenerating model.

Command: 
Command: 
Command: _mredo 
Enter number of actions or [All/Last]: 1 VSCURRENT 
Everything has been redone

Command:  
Command:  
Specify corner of window, enter a scale factor (nX or nXP), or 
[All/Center/Dynamic/Extents/Previous/Scale/Window/Object] <real time>: 

Command: *Cancel*

Command: *Cancel*

Command: _vscurrent 
Enter an option [2dwireframe/Wireframe/Hidden/Realistic/Conceptual/Shaded/shaded with Edges/shades of Gray/SKetchy/X-ray/Other] <Realistic>: _2d Regenerating model.

Command:  Regenerating model.

Command:  
Specify corner of window, enter a scale factor (nX or nXP), or 
[All/Center/Dynamic/Extents/Previous/Scale/Window/Object] <real time>: 

Command: *Cancel*

Command: *Cancel*

Command: _vscurrent 
Enter an option [2dwireframe/Wireframe/Hidden/Realistic/Conceptual/Shaded/shaded with Edges/shades of Gray/SKetchy/X-ray/Other] <2dwireframe>: _r 
Command:  
Enter new value for NAVSWHEELMODE <4>:  
Command: 
Right-click to display the shortcut menu. Press ESC or ENTER to exit.

Command: *Cancel*

Command: *Cancel*

Command: _vscurrent 
Enter an option [2dwireframe/Wireframe/Hidden/Realistic/Conceptual/Shaded/shaded with Edges/shades of Gray/SKetchy/X-ray/Other] <Realistic>: _2d Regenerating model.

Command: MOVE

Select objects: 1 found

Select objects: _ZVERT
of 1 found (1 duplicate), 1 total

Select objects: 

Specify base point or [Displacement] <Displacement>: _ZVERT
of 
Specify second point or <use first point as displacement>: 0.05

Command: _u MOVE 
Command: '_pan 
Press ESC or ENTER to exit, or right-click to display shortcut menu.

Command: COPY

Select objects: 1 found

Select objects: 

Current settings:  Copy mode = Multiple
Specify base point or [Displacement/mOde] <Displacement>: _ZVERT
of 
Specify second point or [Array] <use first point as displacement>: 0.005

Specify second point or [Array/Exit/Undo] <Exit>: 

Command: MOVE

Select objects: 1 found

Select objects: 

Specify base point or [Displacement] <Displacement>: _ZVERT
of 
Specify second point or <use first point as displacement>: 0.005

Command: 
Command: 
Command: _subtract Select solids, surfaces, and regions to subtract from ..

Select objects: 1 found

Select objects: 
Select solids, surfaces, and regions to subtract ..
Select objects: 

Command: '_pan 
Press ESC or ENTER to exit, or right-click to display shortcut menu.

Command: 
Command: 
Command: _subtract Select solids, surfaces, and regions to subtract from ..

Select objects: 1 found

Select objects: 
Select solids, surfaces, and regions to subtract ..
Select objects: 1 found

Select objects: 


Command: 
SUBTRACT
Select solids, surfaces, and regions to subtract from ..

Select objects: 

Command:  Regenerating model.

Command:  
Specify corner of window, enter a scale factor (nX or nXP), or 
[All/Center/Dynamic/Extents/Previous/Scale/Window/Object] <real time>: 

Command: '_pan 
Press ESC or ENTER to exit, or right-click to display shortcut menu.

Automatic save to C:\Users\saukrs\AppData\Local\Temp\LD1_1_8365_fbb7b333.sv$ ...

Command: 
Command: MOVE

Select objects: Specify opposite corner: 0 found
Select objects: 1 found

Select objects: 

Specify base point or [Displacement] <Displacement>: _ZVERT
of 
No 3D Vertex found for specified point.
Point or option keyword required.

Specify base point or [Displacement] <Displacement>: *Cancel*

Command: MOVE

Select objects: 1 found

Select objects: 

Specify base point or [Displacement] <Displacement>:  
>>Enter new value for ORTHOMODE <1>:  
Resuming MOVE command.

Specify base point or [Displacement] <Displacement>: _ZVERT
of 
Specify second point or <use first point as displacement>: _ZVERT
of 
Command:  <Isoplane Top> 
Command:  <Isoplane Right> 
Command: REGENALL
Regenerating model.

Command: _u REGENALL 
Command: _u MOVE 
Command: 
Command: 
Command: _mredo 
Enter number of actions or [All/Last]: 1 MOVE 
Command: 
Command: 
Command: _mredo 
Enter number of actions or [All/Last]: 1 REGENALL 
Everything has been redone

Command:  Regenerating model.

Command:  
Specify corner of window, enter a scale factor (nX or nXP), or 
[All/Center/Dynamic/Extents/Previous/Scale/Window/Object] <real time>: 

Command: *Cancel*

Command: *Cancel*

Command: _vscurrent 
Enter an option [2dwireframe/Wireframe/Hidden/Realistic/Conceptual/Shaded/shaded with Edges/shades of Gray/SKetchy/X-ray/Other] <2dwireframe>: _r 
Command: 
Command: 
Command: _solidedit 
Solids editing automatic checking:  SOLIDCHECK=1
Enter a solids editing option [Face/Edge/Body/Undo/eXit] <eXit>: _face 
Enter a face editing option
[Extrude/Move/Rotate/Offset/Taper/Delete/Copy/coLor/mAterial/Undo/eXit] <eXit>: _color 
Select faces or [Undo/Remove]: 1 face found.

Select faces or [Undo/Remove/ALL]: 

Enter a face editing option
[Extrude/Move/Rotate/Offset/Taper/Delete/Copy/coLor/mAterial/Undo/eXit] <eXit>: *Cancel*

Command:  
Command:  
Specify corner of window, enter a scale factor (nX or nXP), or 
[All/Center/Dynamic/Extents/Previous/Scale/Window/Object] <real time>: 

Command: *Cancel*

Command: *Cancel*

Command: _vscurrent 
Enter an option [2dwireframe/Wireframe/Hidden/Realistic/Conceptual/Shaded/shaded with Edges/shades of Gray/SKetchy/X-ray/Other] <Realistic>: _2d Regenerating model.

Command: _tt Unknown command "TT".  Press F1 for help.

Command: *Cancel*

Command: *Cancel*

Command: *Cancel*

Command: '_pan 
Press ESC or ENTER to exit, or right-click to display shortcut menu.

Command: 
Command: 
Command: _union 
Select objects: Specify opposite corner: 0 found
Select objects: Specify opposite corner: 0 found
Select objects: 1 found

Select objects: 

At least 2 solids, surfaces, or coplanar regions must be selected.

Command: *Cancel*

Command: 
UNION

Select objects: 1 found

Select objects: 

At least 2 solids, surfaces, or coplanar regions must be selected.

Command: 
Command: 
Command: 
Command: _union 
Select objects: 1 found

Select objects:  Regenerating model.

Resuming UNION command.

Select objects:  
>>Specify corner of window, enter a scale factor (nX or nXP), or 
[All/Center/Dynamic/Extents/Previous/Scale/Window/Object] <real time>: 

Resuming UNION command.

Select objects: 1 found, 2 total

Select objects: Specify opposite corner: 0 found
Select objects: 1 found, 3 total

Select objects: 


Command: *Cancel*

Command: *Cancel*

Command: _vscurrent 
Enter an option [2dwireframe/Wireframe/Hidden/Realistic/Conceptual/Shaded/shaded with Edges/shades of Gray/SKetchy/X-ray/Other] <2dwireframe>: _r 
Command: _u VSCURRENT Regenerating model.

Command: _u UNION GROUP Regenerating model.

Command: _u INTELLIZOOM 
Command: _u UNION 
Command: _u INTELLIZOOM INTELLIZOOM INTELLIZOOM 
Command: _u UNION GROUP 
Command: _u menu item GROUP 
Command: _u INTELLIZOOM INTELLIZOOM INTELLIZOOM 
Command: _u VSCURRENT 
Command: _u 'ZOOM GROUP 
Command: _u '.VIEWCUBEACTION 
Command: *Cancel*

Command: _u SOLIDEDIT GROUP 
Command: 
Command: 
Command: _mredo 
Enter number of actions or [All/Last]: 1 GROUP SOLIDEDIT 
Command: 
Command: 
Command: _union 
Select objects: 1 found

Select objects: 1 found, 2 total

Select objects: 1 found, 3 total

Select objects: 


Command: _u UNION GROUP 
Command: 
Command: 
Command: _union 
Select objects: 1 found

Select objects: 

At least 2 solids, surfaces, or coplanar regions must be selected.

Command: 
Command: 
Command: 
UNION

Select objects: 1 found

Select objects: 1 found, 2 total

Select objects: 1 found, 3 total

Select objects: 


Command: _u UNION 
Command: _u UNION GROUP 
Command: _u 'CLAYER 
Command: _u 
Command: _u SOLIDEDIT GROUP 
Command: 
Command: 
Command: _union 
Select objects: 1 found

Select objects: 1 found, 2 total

Select objects: 1 found, 3 total

Select objects: 


Command: _u UNION GROUP 
Command: 
Command: 
Command: 
Command: _union 
Select objects: 1 found

Select objects: 1 found, 2 total

Select objects: 


Command: _u UNION GROUP 
Command: _u VSCURRENT Regenerating model.

Command: _u INTELLIZOOM 
Command: _u 'ZOOM GROUP Regenerating model.

Command: _u '.VIEWCUBEACTION Regenerating model.

Command: _u REGENALL 
Command: _u MOVE 
Command: _u MOVE 
Command: _u Pan GROUP 
Command: _u INTELLIZOOM INTELLIZOOM 
Command: _u 'ZOOM GROUP Regenerating model.

Command: _u '.VIEWCUBEACTION Regenerating model.

Command: _u SUBTRACT 
Command: _u SUBTRACT GROUP 
Command: _u INTELLIZOOM INTELLIZOOM 
Command: _u Pan GROUP 
Command: _u SUBTRACT GROUP 
Command: _u INTELLIZOOM INTELLIZOOM INTELLIZOOM 
Command: _u MOVE 
Command: _u COPY 
Command: _u Pan GROUP 
Command: _u INTELLIZOOM 
Command: _u VSCURRENT 
Command: _u 'NAVSWHEEL GROUP 'NAVSWHEELMODE 
Command: _u INTELLIZOOM 
Command: _u VSCURRENT Regenerating model.

Command: _u 'ZOOM GROUP Regenerating model.

Command: _u '.VIEWCUBEACTION Regenerating model.

Command: _u INTELLIZOOM INTELLIZOOM 
Command: _u VSCURRENT 
Command: _u 'ZOOM GROUP 
Command: _u '.VIEWCUBEACTION 
Command: _u VSCURRENT Regenerating model.

Command: _u SOLIDEDIT GROUP 
Command: _u Pan GROUP 
Command: _u INTELLIZOOM 
Command: _u 'ZOOM GROUP Regenerating model.

Command: _u '.VIEWCUBEACTION Regenerating model.

Command: _u Pan GROUP 
Command: _u INTELLIZOOM INTELLIZOOM 
Command: _u VSCURRENT 
Command: 
Command: 
Command: _mredo 
Enter number of actions or [All/Last]: 1 VSCURRENT Regenerating model.
Regenerating model.

Command: 
Command: 
Command: _mredo 
Enter number of actions or [All/Last]: 1 INTELLIZOOM INTELLIZOOM 
Command: _u INTELLIZOOM INTELLIZOOM 
Command: _u VSCURRENT 
Command: _u VSCURRENT 
Command: _u VSCURRENT 
Command: _u 'ZOOM GROUP 
Command: _u '.VIEWCUBEACTION 
Command: _u '.VIEWCUBEACTION 
Command: _u '.VIEWCUBEACTION 
Command: _u '.VIEWCUBEACTION 
Command: _u '.VIEWCUBEACTION 
Command: _u UCS GROUP 
Command: _u '.VIEWCUBEACTION 
Command: _u '.VIEWCUBEACTION 
Command: _u VSCURRENT 
Command: _u 'ZOOM GROUP 
Command: _u '.-LAYER 
Command: _u CHPROP 
Command: _u 
Command: _u MOVE 
Command: _u SELECT 
Command: _u UCS GROUP 
Command: _u '.-LAYER '.-LAYER '.-LAYER '.-LAYER 
Command: _u 
Command: _u '.-LAYER 
Command: _u '.VIEWCUBEACTION 
Command: _u '.VIEWCUBEACTION 
Command: _u '.VIEWCUBEACTION 
Command: _u '.VIEWCUBEACTION 
Command: _u '.VIEWCUBEACTION 
Command: _u '.VIEWCUBEACTION 
Command: _u '.VIEWCUBEACTION 
Command: _u ERASE 
Command: _u '.-LAYER 
Command: _u CHPROP 
Command: _u 
Command: _u VSCURRENT Regenerating model.
Regenerating model.

Command: 
Command: 
Command: _mredo 
Enter number of actions or [All/Last]: 1 VSCURRENT 
Command: 
Command: 
Command: _mredo 
Enter number of actions or [All/Last]: 1 
Command: 
Command: 
Command: _mredo 
Enter number of actions or [All/Last]: 1 CHPROP 
Command: 
Command: 
Command: _mredo 
Enter number of actions or [All/Last]: 1 '.-LAYER 
Command: 
Command: 
Command: _mredo 
Enter number of actions or [All/Last]: 1 ERASE 
Command: 
Command: 
Command: _mredo 
Enter number of actions or [All/Last]: 1 '.VIEWCUBEACTION 
Command: _u '.VIEWCUBEACTION 
Command: _u ERASE 
Command: _u '.-LAYER 
Command: _u CHPROP 
Command: '_pan 
Command: *Cancel*

Command: *Cancel*

Command: _vscurrent 
Enter an option [2dwireframe/Wireframe/Hidden/Realistic/Conceptual/Shaded/shaded with Edges/shades of Gray/SKetchy/X-ray/Other] <Realistic>: _2d Regenerating model.

Command:  Regenerating model.

Command:  
Specify corner of window, enter a scale factor (nX or nXP), or 
[All/Center/Dynamic/Extents/Previous/Scale/Window/Object] <real time>: 

Command: _u INTELLIZOOM INTELLIZOOM 
Command: _u 'ZOOM GROUP 
Command: _u '.VIEWCUBEACTION Regenerating model.

Command: _u INTELLIZOOM 
Command: _u VSCURRENT 
Command: _u Pan GROUP 
Command: _u INTELLIZOOM 
Command: _u 
Command: _u VSCURRENT Regenerating model.
Regenerating model.

Command: _u 'ZOOM GROUP Regenerating model.

Command: _u '.VIEWCUBEACTION Regenerating model.

Command: _u INTELLIZOOM INTELLIZOOM INTELLIZOOM INTELLIZOOM 
Command: _u VSCURRENT 
Command: _u 'ZOOM GROUP 
Command: _u '.VIEWCUBEACTION 
Command: _u MOVE 
Command: _u VSCURRENT 
Command: _u VSCURRENT Regenerating model.

Command: _u Pan GROUP 
Command: _u Zoom GROUP 
Command: _u Pan GROUP 
Command: _u INTELLIZOOM INTELLIZOOM 
Command: _u 'ZOOM GROUP Regenerating model.

Command: _u '.VIEWCUBEACTION Regenerating model.

Command: _u INTELLIZOOM 
Command: _u VSCURRENT 
Command: _u INTELLIZOOM 
Command: _u 'ZOOM GROUP 
Command: _u '.VIEWCUBEACTION GROUP RENDER 
Command: _u 
Command: _u RENDER GROUP 
Command: _u Pan GROUP 
Command: _u VSCURRENT Regenerating model.

Command: _u INTELLIZOOM 
Command: _u VSCURRENT 
Command: _u VSCURRENT 
Command: _u 'PERSPECTIVE 
Command: _u INTELLIZOOM 
Command: _u 'ZOOM GROUP 
Command: _u '.VIEWCUBEACTION 
Command: _u MOVE 
Command: _u 'NAVSWHEEL GROUP 'NAVSWHEELMODE 
Command: _u VSCURRENT 
Command: _u VSCURRENT 
Command: _u SUBTRACT GROUP 
Command: _u MOVE 
Command: _u COPY 
Command:  
Command:  
Specify corner of window, enter a scale factor (nX or nXP), or 
[All/Center/Dynamic/Extents/Previous/Scale/Window/Object] <real time>: 

Command:  
Enter new value for NAVSWHEELMODE <4>:  
Command: 
Right-click to display the shortcut menu. Press ESC or ENTER to exit.

Command:  
Command:  Specify corner of window, enter a scale factor (nX or nXP), or [All/Extents/Window/Previous/Object] <real time>: 

Command: Specify opposite corner or [Fence/WPolygon/CPolygon]: 
Command: 
Command: _.erase 1 found

Command:  
Command:  Specify corner of window, enter a scale factor (nX or nXP), or [All/Extents/Window/Previous/Object] <real time>: 

Command: '_perspective 
Enter new value for PERSPECTIVE <1>: 0 
Command:  
Enter new value for NAVSWHEELMODE <4>:  
Command: 
Right-click to display the shortcut menu. Press ESC or ENTER to exit.

Automatic save to C:\Users\saukrs\AppData\Local\Temp\LD1_1_8365_fbb7b333.sv$ ...

Command: 
Command:  
Command:  Specify corner of window, enter a scale factor (nX or nXP), or [All/Extents/Window/Previous/Object] <real time>: 

Command: Specify opposite corner or [Fence/WPolygon/CPolygon]: 
Command: *Cancel*

Command: *Cancel*

Command: _vscurrent 
Enter an option [2dwireframe/Wireframe/Hidden/Realistic/Conceptual/Shaded/shaded with Edges/shades of Gray/SKetchy/X-ray/Other] <Wireframe>: _r 
Command: _u VSCURRENT 
Command: _u 'ZOOM GROUP 
Command: _u '.VIEWCUBEACTION 
Command: _u 'NAVSWHEEL GROUP 'NAVSWHEELMODE 
Command: _u 'PERSPECTIVE 
Command: _u 'ZOOM GROUP 
Command: _u '.VIEWCUBEACTION 
Command: _u ERASE 
Command: *Cancel*

Command: *Cancel*

Command: _vscurrent 
Enter an option [2dwireframe/Wireframe/Hidden/Realistic/Conceptual/Shaded/shaded with Edges/shades of Gray/SKetchy/X-ray/Other] <Wireframe>: _r 
Command: '_pan 
Command: 
Command: 
Command: _solidedit 
Solids editing automatic checking:  SOLIDCHECK=1
Enter a solids editing option [Face/Edge/Body/Undo/eXit] <eXit>: _face 
Enter a face editing option
[Extrude/Move/Rotate/Offset/Taper/Delete/Copy/coLor/mAterial/Undo/eXit] <eXit>: _color 
Select faces or [Undo/Remove]: 2 faces found.

Select faces or [Undo/Remove/ALL]: 
Select faces or [Undo/Remove/ALL]: 

Enter a face editing option
[Extrude/Move/Rotate/Offset/Taper/Delete/Copy/coLor/mAterial/Undo/eXit] <eXit>: X

Solids editing automatic checking:  SOLIDCHECK=1
Enter a solids editing option [Face/Edge/Body/Undo/eXit] <eXit>: *Cancel*

Command: 
SOLIDEDIT

Solids editing automatic checking:  SOLIDCHECK=1
Enter a solids editing option [Face/Edge/Body/Undo/eXit] <eXit>: *Cancel*

Command: 
Command: _solidedit 
Solids editing automatic checking:  SOLIDCHECK=1
Enter a solids editing option [Face/Edge/Body/Undo/eXit] <eXit>: _face 
Enter a face editing option
[Extrude/Move/Rotate/Offset/Taper/Delete/Copy/coLor/mAterial/Undo/eXit] <eXit>: _color 
Select faces or [Undo/Remove]: *Cancel*

Command: 
Command: _solidedit 
Solids editing automatic checking:  SOLIDCHECK=1
Enter a solids editing option [Face/Edge/Body/Undo/eXit] <eXit>: _face 
Enter a face editing option
[Extrude/Move/Rotate/Offset/Taper/Delete/Copy/coLor/mAterial/Undo/eXit] <eXit>: _color 
Select faces or [Undo/Remove]: *Cancel*

Command: 
Command: _solidedit 
Solids editing automatic checking:  SOLIDCHECK=1
Enter a solids editing option [Face/Edge/Body/Undo/eXit] <eXit>: _face 
Enter a face editing option
[Extrude/Move/Rotate/Offset/Taper/Delete/Copy/coLor/mAterial/Undo/eXit] <eXit>: _color 
Select faces or [Undo/Remove]: 2 faces found.

Select faces or [Undo/Remove/ALL]: 

Enter a face editing option
[Extrude/Move/Rotate/Offset/Taper/Delete/Copy/coLor/mAterial/Undo/eXit] <eXit>: *Cancel*

Command: _u SOLIDEDIT GROUP 
Command: 
U
SOLIDEDIT GROUP 
Command: _u SOLIDEDIT GROUP 
Command: _u SOLIDEDIT 
Command: _u SOLIDEDIT GROUP 
Command: _u Pan GROUP 
Command: _u INTELLIZOOM 
Command: _u VSCURRENT 
Command: 
Command: 
Command: _mredo 
Enter number of actions or [All/Last]: 1 VSCURRENT 
Command: 
Command: 
Command: _mredo 
Enter number of actions or [All/Last]: 1 INTELLIZOOM 
Command: 
Command: 
Command: _mredo 
Enter number of actions or [All/Last]: 1 GROUP Pan 
Command: 
Command: 
Command: _mredo 
Enter number of actions or [All/Last]: 1 GROUP SOLIDEDIT 
Command: _u SOLIDEDIT GROUP 
Command: _u Pan GROUP 
Command: 
Command: 
Command: _mredo 
Enter number of actions or [All/Last]: 1 GROUP Pan 
Command: 
Command: 
Command: _solidedit 
Solids editing automatic checking:  SOLIDCHECK=1
Enter a solids editing option [Face/Edge/Body/Undo/eXit] <eXit>: _face 
Enter a face editing option
[Extrude/Move/Rotate/Offset/Taper/Delete/Copy/coLor/mAterial/Undo/eXit] <eXit>: _color 
Select faces or [Undo/Remove]: 1 face found.

Select faces or [Undo/Remove/ALL]: 
Select faces or [Undo/Remove/ALL]: 
Select faces or [Undo/Remove/ALL]: 
Select faces or [Undo/Remove/ALL]: *Cancel*

Command: _u SOLIDEDIT GROUP 
Command: _u Pan GROUP 
Command: 
Command: 
Command: _mredo 
Enter number of actions or [All/Last]: 1 GROUP Pan 
Command: 
Command: 
Command: _solidedit 
Solids editing automatic checking:  SOLIDCHECK=1
Enter a solids editing option [Face/Edge/Body/Undo/eXit] <eXit>: _face 
Enter a face editing option
[Extrude/Move/Rotate/Offset/Taper/Delete/Copy/coLor/mAterial/Undo/eXit] <eXit>: _color 
Select faces or [Undo/Remove]: 1 face found.

Select faces or [Undo/Remove/ALL]: 

Enter a face editing option
[Extrude/Move/Rotate/Offset/Taper/Delete/Copy/coLor/mAterial/Undo/eXit] <eXit>: L

Select faces or [Undo/Remove]: 1 face found.

Select faces or [Undo/Remove/ALL]: 

Enter a face editing option
[Extrude/Move/Rotate/Offset/Taper/Delete/Copy/coLor/mAterial/Undo/eXit] <eXit>: *Cancel*

Command:  
Command: 

Command:  Specify corner of window, enter a scale factor (nX or nXP), or [All/Extents/Window/Previous/Object] <real time>: 

Command: *Cancel*

Command: *Cancel*

Command: _vscurrent 
Enter an option [2dwireframe/Wireframe/Hidden/Realistic/Conceptual/Shaded/shaded with Edges/shades of Gray/SKetchy/X-ray/Other] <Realistic>: _2d Regenerating model.

Command:  Regenerating model.

Command:  
Specify corner of window, enter a scale factor (nX or nXP), or 
[All/Center/Dynamic/Extents/Previous/Scale/Window/Object] <real time>: 

Command: *Cancel*

Command: *Cancel*

Command: _vscurrent 
Enter an option [2dwireframe/Wireframe/Hidden/Realistic/Conceptual/Shaded/shaded with Edges/shades of Gray/SKetchy/X-ray/Other] <2dwireframe>: _r 
Command: 
Command: 
Command: _union 
Select objects: 1 found

Select objects: 1 found, 2 total

Select objects: 1 found, 3 total

Select objects: 


Command: *Cancel*

Command: *Cancel*

Command: _vscurrent 
Enter an option [2dwireframe/Wireframe/Hidden/Realistic/Conceptual/Shaded/shaded with Edges/shades of Gray/SKetchy/X-ray/Other] <Realistic>: _2d Regenerating model.

Command:  Regenerating model.

Command:  
Specify corner of window, enter a scale factor (nX or nXP), or 
[All/Center/Dynamic/Extents/Previous/Scale/Window/Object] <real time>: 

Command:  Regenerating model.

Command:  
Specify corner of window, enter a scale factor (nX or nXP), or 
[All/Center/Dynamic/Extents/Previous/Scale/Window/Object] <real time>: 

Command: Specify opposite corner or [Fence/WPolygon/CPolygon]: *Cancel*

Command: 
Command: '_.-LAYER

Current layer:  "1-Liežuv\U+0117lis"
Enter an option [?/Make/Set/New/Rename/ON/OFF/Color/Ltype/LWeight/TRansparency/MATerial/Plot/Freeze/Thaw/LOck/Unlock/stAte/Description/rEconcile/Xref]: _FREEZE

Enter name list of layer(s) to freeze or <select objects>: =2-Užrašai
Enter an option [?/Make/Set/New/Rename/ON/OFF/Color/Ltype/LWeight/TRansparency/MATerial/Plot/Freeze/Thaw/LOck/Unlock/stAte/Description/rEconcile/Xref]: 

Command: 
Command: '_.-LAYER

Current layer:  "1-Liežuv\U+0117lis"
Enter an option [?/Make/Set/New/Rename/ON/OFF/Color/Ltype/LWeight/TRansparency/MATerial/Plot/Freeze/Thaw/LOck/Unlock/stAte/Description/rEconcile/Xref]: _THAW

Enter name list of layer(s) to thaw: =2-Užrašai
Enter an option [?/Make/Set/New/Rename/ON/OFF/Color/Ltype/LWeight/TRansparency/MATerial/Plot/Freeze/Thaw/LOck/Unlock/stAte/Description/rEconcile/Xref]: 

Command: *Cancel*

Command: *Cancel*

Command: _vscurrent 
Enter an option [2dwireframe/Wireframe/Hidden/Realistic/Conceptual/Shaded/shaded with Edges/shades of Gray/SKetchy/X-ray/Other] <2dwireframe>: _r 
Command: 
Command: '_.-LAYER

Current layer:  "1-Liežuv\U+0117lis"
Enter an option [?/Make/Set/New/Rename/ON/OFF/Color/Ltype/LWeight/TRansparency/MATerial/Plot/Freeze/Thaw/LOck/Unlock/stAte/Description/rEconcile/Xref]: _FREEZE

Enter name list of layer(s) to freeze or <select objects>: =2-Užrašai
Enter an option [?/Make/Set/New/Rename/ON/OFF/Color/Ltype/LWeight/TRansparency/MATerial/Plot/Freeze/Thaw/LOck/Unlock/stAte/Description/rEconcile/Xref]: 

Command: 
Command: '_.-LAYER

Current layer:  "1-Liežuv\U+0117lis"
Enter an option [?/Make/Set/New/Rename/ON/OFF/Color/Ltype/LWeight/TRansparency/MATerial/Plot/Freeze/Thaw/LOck/Unlock/stAte/Description/rEconcile/Xref]: _THAW

Enter name list of layer(s) to thaw: =2-Užrašai
Enter an option [?/Make/Set/New/Rename/ON/OFF/Color/Ltype/LWeight/TRansparency/MATerial/Plot/Freeze/Thaw/LOck/Unlock/stAte/Description/rEconcile/Xref]: 

Command: 
Command: 
Command: _qsave 
Command: (prompt "Pagaliau supratau kelius imituoti dažams ant paviršiaus. Pasirinkau 5 \U+03BCm storio solid\U+0105 su juodu Face color")(princ)
Pagaliau supratau kelius imituoti dažams ant paviršiaus. Pasirinkau 5 \U+03BCm storio solid\U+0105 su juodu Face color
Command:  <Selection Cycling off> 
Command:  <Selection Cycling on> 
Command:  <3DOsnap on> 
Command: *Cancel*

Command: *Cancel*

Command: _close 
Command: 
