[ AutoCAD - Fri Dec 17 18:54:38 2021  ]----------------------------------------

Opening an AutoCAD 2018 format file.


AutoCAD menu utilities loaded.*Cancel*

Command: 

Autodesk DWG.  This file is a TrustedDWG last saved by an Autodesk application or Autodesk licensed application.

Command: 

Command: 
Command: 
Command: 
Command:  
Command: 







Command: 




Command: 







Command: 





Command: 






Command: 






Window Lasso  Press Spacebar to cycle options
Command: Specify opposite corner or [Fence/WPolygon/CPolygon]: 
Command: 
Command: '_.-LAYER

Current layer:  "0-laikinai"
Enter an option [?/Make/Set/New/Rename/ON/OFF/Color/Ltype/LWeight/TRansparency/MATerial/Plot/Freeze/Thaw/LOck/Unlock/stAte/Description/rEconcile/Xref]: _FREEZE

Enter name list of layer(s) to freeze or <select objects>: =1-Liežuv\U+0117lis
Enter an option [?/Make/Set/New/Rename/ON/OFF/Color/Ltype/LWeight/TRansparency/MATerial/Plot/Freeze/Thaw/LOck/Unlock/stAte/Description/rEconcile/Xref]: 

Command: 
Command: '_.-LAYER

Current layer:  "0-laikinai"
Enter an option [?/Make/Set/New/Rename/ON/OFF/Color/Ltype/LWeight/TRansparency/MATerial/Plot/Freeze/Thaw/LOck/Unlock/stAte/Description/rEconcile/Xref]: _THAW

Enter name list of layer(s) to thaw: =0
Enter an option [?/Make/Set/New/Rename/ON/OFF/Color/Ltype/LWeight/TRansparency/MATerial/Plot/Freeze/Thaw/LOck/Unlock/stAte/Description/rEconcile/Xref]: 

Command: 
Command: '_.-LAYER

Current layer:  "0-laikinai"
Enter an option [?/Make/Set/New/Rename/ON/OFF/Color/Ltype/LWeight/TRansparency/MATerial/Plot/Freeze/Thaw/LOck/Unlock/stAte/Description/rEconcile/Xref]: _FREEZE

Enter name list of layer(s) to freeze or <select objects>: =0
Enter an option [?/Make/Set/New/Rename/ON/OFF/Color/Ltype/LWeight/TRansparency/MATerial/Plot/Freeze/Thaw/LOck/Unlock/stAte/Description/rEconcile/Xref]: 

Command: 
Command: '_.-LAYER

Current layer:  "0-laikinai"
Enter an option [?/Make/Set/New/Rename/ON/OFF/Color/Ltype/LWeight/TRansparency/MATerial/Plot/Freeze/Thaw/LOck/Unlock/stAte/Description/rEconcile/Xref]: _THAW

Enter name list of layer(s) to thaw: =0
Enter an option [?/Make/Set/New/Rename/ON/OFF/Color/Ltype/LWeight/TRansparency/MATerial/Plot/Freeze/Thaw/LOck/Unlock/stAte/Description/rEconcile/Xref]: 

Command: 
Command: '_.-LAYER

Current layer:  "0-laikinai"
Enter an option [?/Make/Set/New/Rename/ON/OFF/Color/Ltype/LWeight/TRansparency/MATerial/Plot/Freeze/Thaw/LOck/Unlock/stAte/Description/rEconcile/Xref]: _FREEZE

Enter name list of layer(s) to freeze or <select objects>: =0
Enter an option [?/Make/Set/New/Rename/ON/OFF/Color/Ltype/LWeight/TRansparency/MATerial/Plot/Freeze/Thaw/LOck/Unlock/stAte/Description/rEconcile/Xref]: 

Command: 
Command: '_.-LAYER

Current layer:  "0-laikinai"
Enter an option [?/Make/Set/New/Rename/ON/OFF/Color/Ltype/LWeight/TRansparency/MATerial/Plot/Freeze/Thaw/LOck/Unlock/stAte/Description/rEconcile/Xref]: _THAW

Enter name list of layer(s) to thaw: =0
Enter an option [?/Make/Set/New/Rename/ON/OFF/Color/Ltype/LWeight/TRansparency/MATerial/Plot/Freeze/Thaw/LOck/Unlock/stAte/Description/rEconcile/Xref]: 

Command: 
Command: '_.-LAYER

Current layer:  "0-laikinai"
Enter an option [?/Make/Set/New/Rename/ON/OFF/Color/Ltype/LWeight/TRansparency/MATerial/Plot/Freeze/Thaw/LOck/Unlock/stAte/Description/rEconcile/Xref]: _FREEZE

Enter name list of layer(s) to freeze or <select objects>: =0
Enter an option [?/Make/Set/New/Rename/ON/OFF/Color/Ltype/LWeight/TRansparency/MATerial/Plot/Freeze/Thaw/LOck/Unlock/stAte/Description/rEconcile/Xref]: 

Command: 
Command: '_.-LAYER

Current layer:  "0-laikinai"
Enter an option [?/Make/Set/New/Rename/ON/OFF/Color/Ltype/LWeight/TRansparency/MATerial/Plot/Freeze/Thaw/LOck/Unlock/stAte/Description/rEconcile/Xref]: _THAW

Enter name list of layer(s) to thaw: =0
Enter an option [?/Make/Set/New/Rename/ON/OFF/Color/Ltype/LWeight/TRansparency/MATerial/Plot/Freeze/Thaw/LOck/Unlock/stAte/Description/rEconcile/Xref]: 

Command: 
Command: '_.-LAYER

Current layer:  "0-laikinai"
Enter an option [?/Make/Set/New/Rename/ON/OFF/Color/Ltype/LWeight/TRansparency/MATerial/Plot/Freeze/Thaw/LOck/Unlock/stAte/Description/rEconcile/Xref]: _FREEZE

Enter name list of layer(s) to freeze or <select objects>: =0
Enter an option [?/Make/Set/New/Rename/ON/OFF/Color/Ltype/LWeight/TRansparency/MATerial/Plot/Freeze/Thaw/LOck/Unlock/stAte/Description/rEconcile/Xref]: 

Command: 

Command: '_.-LAYER

Current layer:  "0-laikinai"
>>Enter an option [?/Make/Set/New/Rename/ON/OFF/Color/Ltype/LWeight/TRansparency/MATerial/Plot/Freeze/Thaw/LOck/Unlock/stAte/Description/rEconcile/Xref]: _THAW

>>Enter name list of layer(s) to thaw: =0
>>Enter an option [?/Make/Set/New/Rename/ON/OFF/Color/Ltype/LWeight/TRansparency/MATerial/Plot/Freeze/Thaw/LOck/Unlock/stAte/Description/rEconcile/Xref]: 

Command: 
Command: '_.-LAYER

Current layer:  "0-laikinai"
>>Enter an option [?/Make/Set/New/Rename/ON/OFF/Color/Ltype/LWeight/TRansparency/MATerial/Plot/Freeze/Thaw/LOck/Unlock/stAte/Description/rEconcile/Xref]: _FREEZE

>>Enter name list of layer(s) to freeze or <select objects>: =0
>>Enter an option [?/Make/Set/New/Rename/ON/OFF/Color/Ltype/LWeight/TRansparency/MATerial/Plot/Freeze/Thaw/LOck/Unlock/stAte/Description/rEconcile/Xref]: 

Command: 
Command: '_.-LAYER

Current layer:  "0-laikinai"
>>Enter an option [?/Make/Set/New/Rename/ON/OFF/Color/Ltype/LWeight/TRansparency/MATerial/Plot/Freeze/Thaw/LOck/Unlock/stAte/Description/rEconcile/Xref]: _THAW

>>Enter name list of layer(s) to thaw: =0
>>Enter an option [?/Make/Set/New/Rename/ON/OFF/Color/Ltype/LWeight/TRansparency/MATerial/Plot/Freeze/Thaw/LOck/Unlock/stAte/Description/rEconcile/Xref]: 

Command: 
Command: '_.-LAYER

Current layer:  "0-laikinai"
>>Enter an option [?/Make/Set/New/Rename/ON/OFF/Color/Ltype/LWeight/TRansparency/MATerial/Plot/Freeze/Thaw/LOck/Unlock/stAte/Description/rEconcile/Xref]: _FREEZE

>>Enter name list of layer(s) to freeze or <select objects>: =0
>>Enter an option [?/Make/Set/New/Rename/ON/OFF/Color/Ltype/LWeight/TRansparency/MATerial/Plot/Freeze/Thaw/LOck/Unlock/stAte/Description/rEconcile/Xref]: 

Command: 
Command: '_.-LAYER

Current layer:  "0-laikinai"
>>Enter an option [?/Make/Set/New/Rename/ON/OFF/Color/Ltype/LWeight/TRansparency/MATerial/Plot/Freeze/Thaw/LOck/Unlock/stAte/Description/rEconcile/Xref]: _THAW

>>Enter name list of layer(s) to thaw: =0
>>Enter an option [?/Make/Set/New/Rename/ON/OFF/Color/Ltype/LWeight/TRansparency/MATerial/Plot/Freeze/Thaw/LOck/Unlock/stAte/Description/rEconcile/Xref]: 

Command: 
Command: '_.-LAYER

Current layer:  "0-laikinai"
>>Enter an option [?/Make/Set/New/Rename/ON/OFF/Color/Ltype/LWeight/TRansparency/MATerial/Plot/Freeze/Thaw/LOck/Unlock/stAte/Description/rEconcile/Xref]: _FREEZE

>>Enter name list of layer(s) to freeze or <select objects>: =0
>>Enter an option [?/Make/Set/New/Rename/ON/OFF/Color/Ltype/LWeight/TRansparency/MATerial/Plot/Freeze/Thaw/LOck/Unlock/stAte/Description/rEconcile/Xref]: 

Command: 
Command: '_.-LAYER

Current layer:  "0-laikinai"
>>Enter an option [?/Make/Set/New/Rename/ON/OFF/Color/Ltype/LWeight/TRansparency/MATerial/Plot/Freeze/Thaw/LOck/Unlock/stAte/Description/rEconcile/Xref]: _THAW

>>Enter name list of layer(s) to thaw: =0
>>Enter an option [?/Make/Set/New/Rename/ON/OFF/Color/Ltype/LWeight/TRansparency/MATerial/Plot/Freeze/Thaw/LOck/Unlock/stAte/Description/rEconcile/Xref]: 

Command: 
Command: '_.-LAYER

Current layer:  "0-laikinai"
>>Enter an option [?/Make/Set/New/Rename/ON/OFF/Color/Ltype/LWeight/TRansparency/MATerial/Plot/Freeze/Thaw/LOck/Unlock/stAte/Description/rEconcile/Xref]: _FREEZE

>>Enter name list of layer(s) to freeze or <select objects>: =2-Užrašai
>>Enter an option [?/Make/Set/New/Rename/ON/OFF/Color/Ltype/LWeight/TRansparency/MATerial/Plot/Freeze/Thaw/LOck/Unlock/stAte/Description/rEconcile/Xref]: 

Command: 
Command: '_.-LAYER

Current layer:  "0-laikinai"
>>Enter an option [?/Make/Set/New/Rename/ON/OFF/Color/Ltype/LWeight/TRansparency/MATerial/Plot/Freeze/Thaw/LOck/Unlock/stAte/Description/rEconcile/Xref]: _THAW

>>Enter name list of layer(s) to thaw: =2-Užrašai
>>Enter an option [?/Make/Set/New/Rename/ON/OFF/Color/Ltype/LWeight/TRansparency/MATerial/Plot/Freeze/Thaw/LOck/Unlock/stAte/Description/rEconcile/Xref]: 

Command: 
Command: '_.-LAYER

Current layer:  "0-laikinai"
>>Enter an option [?/Make/Set/New/Rename/ON/OFF/Color/Ltype/LWeight/TRansparency/MATerial/Plot/Freeze/Thaw/LOck/Unlock/stAte/Description/rEconcile/Xref]: _FREEZE

>>Enter name list of layer(s) to freeze or <select objects>: =2-Užrašai
>>Enter an option [?/Make/Set/New/Rename/ON/OFF/Color/Ltype/LWeight/TRansparency/MATerial/Plot/Freeze/Thaw/LOck/Unlock/stAte/Description/rEconcile/Xref]: 

Command: 
Command: '_.-LAYER

Current layer:  "0-laikinai"
>>Enter an option [?/Make/Set/New/Rename/ON/OFF/Color/Ltype/LWeight/TRansparency/MATerial/Plot/Freeze/Thaw/LOck/Unlock/stAte/Description/rEconcile/Xref]: _THAW

>>Enter name list of layer(s) to thaw: =2-Užrašai
>>Enter an option [?/Make/Set/New/Rename/ON/OFF/Color/Ltype/LWeight/TRansparency/MATerial/Plot/Freeze/Thaw/LOck/Unlock/stAte/Description/rEconcile/Xref]: 

Command: 
Command: '_.-LAYER

Current layer:  "0-laikinai"
>>Enter an option [?/Make/Set/New/Rename/ON/OFF/Color/Ltype/LWeight/TRansparency/MATerial/Plot/Freeze/Thaw/LOck/Unlock/stAte/Description/rEconcile/Xref]: _FREEZE

>>Enter name list of layer(s) to freeze or <select objects>: =2-Užrašai
>>Enter an option [?/Make/Set/New/Rename/ON/OFF/Color/Ltype/LWeight/TRansparency/MATerial/Plot/Freeze/Thaw/LOck/Unlock/stAte/Description/rEconcile/Xref]: 

Command: 
Command: '_.-LAYER

Current layer:  "0-laikinai"
>>Enter an option [?/Make/Set/New/Rename/ON/OFF/Color/Ltype/LWeight/TRansparency/MATerial/Plot/Freeze/Thaw/LOck/Unlock/stAte/Description/rEconcile/Xref]: _THAW

>>Enter name list of layer(s) to thaw: =2-Užrašai
>>Enter an option [?/Make/Set/New/Rename/ON/OFF/Color/Ltype/LWeight/TRansparency/MATerial/Plot/Freeze/Thaw/LOck/Unlock/stAte/Description/rEconcile/Xref]: 

Command: 
Command: COPY

Select objects: 

Command: COPY

Select objects: 

Resuming COPY command.

Select objects: 1 found

Select objects: 

Current settings:  Copy mode = Multiple
Specify base point or [Displacement/mOde] <Displacement>: end
of 
Specify second point or [Array] <use first point as displacement>: 17

Specify second point or [Array/Exit/Undo] <Exit>: 5

Specify second point or [Array/Exit/Undo] <Exit>: 

Command: COPY

Select objects: 1 found

Select objects: 

Current settings:  Copy mode = Multiple
Specify base point or [Displacement/mOde] <Displacement>: int
of 
Specify second point or [Array] <use first point as displacement>: 8.5

Specify second point or [Array/Exit/Undo] <Exit>: *Cancel*

Command: COPY

Select objects: 1 found

Select objects: 

Current settings:  Copy mode = Multiple
Specify base point or [Displacement/mOde] <Displacement>: int
of 
Specify second point or [Array] <use first point as displacement>: 8.5

Specify second point or [Array/Exit/Undo] <Exit>: 

Command: *Cancel*

Command: 
Command: '_.-LAYER

Current layer:  "0-laikinai"
Enter an option [?/Make/Set/New/Rename/ON/OFF/Color/Ltype/LWeight/TRansparency/MATerial/Plot/Freeze/Thaw/LOck/Unlock/stAte/Description/rEconcile/Xref]: _THAW

Enter name list of layer(s) to thaw: =1-Liežuv\U+0117lis
Enter an option [?/Make/Set/New/Rename/ON/OFF/Color/Ltype/LWeight/TRansparency/MATerial/Plot/Freeze/Thaw/LOck/Unlock/stAte/Description/rEconcile/Xref]: 

Command: 
Command: '_.-LAYER

Current layer:  "0-laikinai"
Enter an option [?/Make/Set/New/Rename/ON/OFF/Color/Ltype/LWeight/TRansparency/MATerial/Plot/Freeze/Thaw/LOck/Unlock/stAte/Description/rEconcile/Xref]: _FREEZE

Enter name list of layer(s) to freeze or <select objects>: =1-Liežuv\U+0117lis
Enter an option [?/Make/Set/New/Rename/ON/OFF/Color/Ltype/LWeight/TRansparency/MATerial/Plot/Freeze/Thaw/LOck/Unlock/stAte/Description/rEconcile/Xref]: 

Command: 
Command: Specify opposite corner or [Fence/WPolygon/CPolygon]: 
Command: Specify opposite corner or [Fence/WPolygon/CPolygon]: *Cancel*

Command: *Cancel*

Command: 
Command: '_.-LAYER

Current layer:  "0-laikinai"
Enter an option [?/Make/Set/New/Rename/ON/OFF/Color/Ltype/LWeight/TRansparency/MATerial/Plot/Freeze/Thaw/LOck/Unlock/stAte/Description/rEconcile/Xref]: _THAW

Enter name list of layer(s) to thaw: =1-Liežuv\U+0117lis
Enter an option [?/Make/Set/New/Rename/ON/OFF/Color/Ltype/LWeight/TRansparency/MATerial/Plot/Freeze/Thaw/LOck/Unlock/stAte/Description/rEconcile/Xref]: 

Command: 
Command: '_.-LAYER

Current layer:  "0-laikinai"
Enter an option [?/Make/Set/New/Rename/ON/OFF/Color/Ltype/LWeight/TRansparency/MATerial/Plot/Freeze/Thaw/LOck/Unlock/stAte/Description/rEconcile/Xref]: _FREEZE

Enter name list of layer(s) to freeze or <select objects>: =1-Liežuv\U+0117lis
Enter an option [?/Make/Set/New/Rename/ON/OFF/Color/Ltype/LWeight/TRansparency/MATerial/Plot/Freeze/Thaw/LOck/Unlock/stAte/Description/rEconcile/Xref]: 

Command: 
Command: '_.-LAYER

Current layer:  "0-laikinai"
Enter an option [?/Make/Set/New/Rename/ON/OFF/Color/Ltype/LWeight/TRansparency/MATerial/Plot/Freeze/Thaw/LOck/Unlock/stAte/Description/rEconcile/Xref]: _THAW

Enter name list of layer(s) to thaw: =1-Liežuv\U+0117lis
Enter an option [?/Make/Set/New/Rename/ON/OFF/Color/Ltype/LWeight/TRansparency/MATerial/Plot/Freeze/Thaw/LOck/Unlock/stAte/Description/rEconcile/Xref]: 

Command: 
Command: '_.-LAYER

Current layer:  "0-laikinai"
Enter an option [?/Make/Set/New/Rename/ON/OFF/Color/Ltype/LWeight/TRansparency/MATerial/Plot/Freeze/Thaw/LOck/Unlock/stAte/Description/rEconcile/Xref]: _FREEZE

Enter name list of layer(s) to freeze or <select objects>: =2-Užrašai
Enter an option [?/Make/Set/New/Rename/ON/OFF/Color/Ltype/LWeight/TRansparency/MATerial/Plot/Freeze/Thaw/LOck/Unlock/stAte/Description/rEconcile/Xref]: 

Command: 
Command: '_.-LAYER

Current layer:  "0-laikinai"
Enter an option [?/Make/Set/New/Rename/ON/OFF/Color/Ltype/LWeight/TRansparency/MATerial/Plot/Freeze/Thaw/LOck/Unlock/stAte/Description/rEconcile/Xref]: _THAW

Enter name list of layer(s) to thaw: =2-Užrašai
Enter an option [?/Make/Set/New/Rename/ON/OFF/Color/Ltype/LWeight/TRansparency/MATerial/Plot/Freeze/Thaw/LOck/Unlock/stAte/Description/rEconcile/Xref]: 

Command: 
Command: '_.-LAYER

Current layer:  "0-laikinai"
Enter an option [?/Make/Set/New/Rename/ON/OFF/Color/Ltype/LWeight/TRansparency/MATerial/Plot/Freeze/Thaw/LOck/Unlock/stAte/Description/rEconcile/Xref]: _FREEZE

Enter name list of layer(s) to freeze or <select objects>: =1-Liežuv\U+0117lis
Enter an option [?/Make/Set/New/Rename/ON/OFF/Color/Ltype/LWeight/TRansparency/MATerial/Plot/Freeze/Thaw/LOck/Unlock/stAte/Description/rEconcile/Xref]: 

Command: *Cancel*

Command: 
Command: 
Command: _trim 
Current settings: Projection=UCS, Edge=None, Mode=Quick
Select object to trim or shift-select to extend or
 [cuTting edges/Crossing/mOde/Project/eRase]: '_pan 
Resuming TRIM command.

Select object to trim or shift-select to extend or
 [cuTting edges/Crossing/mOde/Project/eRase]: 

Edge is perpendicular to UCS XY plane.
Select object to trim or shift-select to extend or
 [cuTting edges/Crossing/mOde/Project/eRase/Undo]: 

Edge is perpendicular to UCS XY plane.
Select object to trim or shift-select to extend or
 [cuTting edges/Crossing/mOde/Project/eRase/Undo]: *Cancel*

Command: 
Command: 
Command: 

Current ucs name:  Liežuv\U+0117lio veidas
Specify origin of UCS or [Face/NAmed/OBject/Previous/View/World/X/Y/Z/ZAxis] <World>: 

Command: TRIM

View is not plan to UCS. Command results may not be obvious.

Current settings: Projection=UCS, Edge=None, Mode=Quick
Select object to trim or shift-select to extend or
 [cuTting edges/Crossing/mOde/Project/eRase]: 

Select object to trim or shift-select to extend or
 [cuTting edges/Crossing/mOde/Project/eRase/Undo]: _u 
Command has been completely undone.

Select object to trim or shift-select to extend or
 [cuTting edges/Crossing/mOde/Project/eRase]: 

Select object to trim or shift-select to extend or
 [cuTting edges/Crossing/mOde/Project/eRase/Undo]: _u 
Command has been completely undone.

Select object to trim or shift-select to extend or
 [cuTting edges/Crossing/mOde/Project/eRase]: 
Select object to trim or shift-select to extend or
 [cuTting edges/Crossing/mOde/Project/eRase/Undo]: 
Specify next fence point or [Undo]: 
Specify next fence point or [Undo]: 
Specify next fence point or [Undo]: *Cancel*

Command: *Cancel*

Command: Specify opposite corner or [Fence/WPolygon/CPolygon]: *Cancel*

Command: *Cancel*

Command: 
Command: 
Command: 

Current ucs name:  *WORLD*
Specify origin of UCS or [Face/NAmed/OBject/Previous/View/World/X/Y/Z/ZAxis] <World>: 

Enter an option [Restore/Save/Delete/?]: 

Enter name of UCS to restore or [?]: 

Command: TRIM

Current settings: Projection=UCS, Edge=None, Mode=Quick
Select object to trim or shift-select to extend or
 [cuTting edges/Crossing/mOde/Project/eRase]: *Cancel*

Command: TRIM

Current settings: Projection=UCS, Edge=None, Mode=Quick
Select object to trim or shift-select to extend or
 [cuTting edges/Crossing/mOde/Project/eRase]:  
Resuming TRIM command.

Select object to trim or shift-select to extend or
 [cuTting edges/Crossing/mOde/Project/eRase]:  
Resuming TRIM command.

Select object to trim or shift-select to extend or
 [cuTting edges/Crossing/mOde/Project/eRase]:  
Resuming TRIM command.

Select object to trim or shift-select to extend or
 [cuTting edges/Crossing/mOde/Project/eRase]:  
Resuming TRIM command.

Select object to trim or shift-select to extend or
 [cuTting edges/Crossing/mOde/Project/eRase]:  
Resuming TRIM command.

Select object to trim or shift-select to extend or
 [cuTting edges/Crossing/mOde/Project/eRase]:  
Resuming TRIM command.

Select object to trim or shift-select to extend or
 [cuTting edges/Crossing/mOde/Project/eRase]:  
Resuming TRIM command.

Select object to trim or shift-select to extend or
 [cuTting edges/Crossing/mOde/Project/eRase]:  
Resuming TRIM command.

Select object to trim or shift-select to extend or
 [cuTting edges/Crossing/mOde/Project/eRase]:  
Resuming TRIM command.

Select object to trim or shift-select to extend or
 [cuTting edges/Crossing/mOde/Project/eRase]:  
Resuming TRIM command.

Select object to trim or shift-select to extend or
 [cuTting edges/Crossing/mOde/Project/eRase]:  
Resuming TRIM command.

Select object to trim or shift-select to extend or
 [cuTting edges/Crossing/mOde/Project/eRase]:  
Resuming TRIM command.

Select object to trim or shift-select to extend or
 [cuTting edges/Crossing/mOde/Project/eRase]:  
Resuming TRIM command.

Select object to trim or shift-select to extend or
 [cuTting edges/Crossing/mOde/Project/eRase]:  
Resuming TRIM command.

Select object to trim or shift-select to extend or
 [cuTting edges/Crossing/mOde/Project/eRase]:  
Resuming TRIM command.

Select object to trim or shift-select to extend or
 [cuTting edges/Crossing/mOde/Project/eRase]:  
Resuming TRIM command.

Select object to trim or shift-select to extend or
 [cuTting edges/Crossing/mOde/Project/eRase]:  
Resuming TRIM command.

Select object to trim or shift-select to extend or
 [cuTting edges/Crossing/mOde/Project/eRase]:  
Resuming TRIM command.

Select object to trim or shift-select to extend or
 [cuTting edges/Crossing/mOde/Project/eRase]:  
Resuming TRIM command.

Select object to trim or shift-select to extend or
 [cuTting edges/Crossing/mOde/Project/eRase]:  
Resuming TRIM command.

Select object to trim or shift-select to extend or
 [cuTting edges/Crossing/mOde/Project/eRase]:  
Resuming TRIM command.

Select object to trim or shift-select to extend or
 [cuTting edges/Crossing/mOde/Project/eRase]:  
Resuming TRIM command.

Select object to trim or shift-select to extend or
 [cuTting edges/Crossing/mOde/Project/eRase]:  
Resuming TRIM command.

Select object to trim or shift-select to extend or
 [cuTting edges/Crossing/mOde/Project/eRase]:  
Resuming TRIM command.

Select object to trim or shift-select to extend or
 [cuTting edges/Crossing/mOde/Project/eRase]:  
Resuming TRIM command.

Select object to trim or shift-select to extend or
 [cuTting edges/Crossing/mOde/Project/eRase]:  
Resuming TRIM command.

Select object to trim or shift-select to extend or
 [cuTting edges/Crossing/mOde/Project/eRase]:  
Resuming TRIM command.

Select object to trim or shift-select to extend or
 [cuTting edges/Crossing/mOde/Project/eRase]:  
Resuming TRIM command.

Select object to trim or shift-select to extend or
 [cuTting edges/Crossing/mOde/Project/eRase]:  
Resuming TRIM command.

Select object to trim or shift-select to extend or
 [cuTting edges/Crossing/mOde/Project/eRase]:  
Resuming TRIM command.

Select object to trim or shift-select to extend or
 [cuTting edges/Crossing/mOde/Project/eRase]:  
Resuming TRIM command.

Select object to trim or shift-select to extend or
 [cuTting edges/Crossing/mOde/Project/eRase]:  
Resuming TRIM command.

Select object to trim or shift-select to extend or
 [cuTting edges/Crossing/mOde/Project/eRase]:  
Resuming TRIM command.

Select object to trim or shift-select to extend or
 [cuTting edges/Crossing/mOde/Project/eRase]:  
Resuming TRIM command.

Select object to trim or shift-select to extend or
 [cuTting edges/Crossing/mOde/Project/eRase]:  
Resuming TRIM command.

Select object to trim or shift-select to extend or
 [cuTting edges/Crossing/mOde/Project/eRase]:  
Resuming TRIM command.

Select object to trim or shift-select to extend or
 [cuTting edges/Crossing/mOde/Project/eRase]:  
Resuming TRIM command.

Select object to trim or shift-select to extend or
 [cuTting edges/Crossing/mOde/Project/eRase]:  
Resuming TRIM command.

Select object to trim or shift-select to extend or
 [cuTting edges/Crossing/mOde/Project/eRase]:  
Resuming TRIM command.

Select object to trim or shift-select to extend or
 [cuTting edges/Crossing/mOde/Project/eRase]: *Cancel*

Command: 
Command: 

Current ucs name:  Liežuv\U+0117lio veidas
Specify origin of UCS or [Face/NAmed/OBject/Previous/View/World/X/Y/Z/ZAxis] <World>: 

Automatic save to C:\Users\saukrs\AppData\Local\Temp\LD1_1_17578_ea2d2973.sv$ ...

Command: 
Command:  Specify corner of window, enter a scale factor (nX or nXP), or [All/Extents/Window/Previous/Object] <real time>: 

Command: *Cancel*

Command: *Cancel*

Command: _vscurrent 
Enter an option [2dwireframe/Wireframe/Hidden/Realistic/Conceptual/Shaded/shaded with Edges/shades of Gray/SKetchy/X-ray/Other] <Realistic>: _2d Regenerating model.

Command:  Regenerating model.

Command:  Regenerating model.

Command:  Regenerating model.

Command:  Regenerating model.

Command:  Regenerating model.

Command:  Regenerating model.

Command:  Regenerating model.

Command:  Regenerating model.

Command:  Regenerating model.

Command:  Regenerating model.

Command:  
Specify corner of window, enter a scale factor (nX or nXP), or 
[All/Center/Dynamic/Extents/Previous/Scale/Window/Object] <real time>: 

Command: 
Command: '_.-LAYER

Current layer:  "0-laikinai"
Enter an option [?/Make/Set/New/Rename/ON/OFF/Color/Ltype/LWeight/TRansparency/MATerial/Plot/Freeze/Thaw/LOck/Unlock/stAte/Description/rEconcile/Xref]: _FREEZE

Enter name list of layer(s) to freeze or <select objects>: =0
Enter an option [?/Make/Set/New/Rename/ON/OFF/Color/Ltype/LWeight/TRansparency/MATerial/Plot/Freeze/Thaw/LOck/Unlock/stAte/Description/rEconcile/Xref]: 

Command:  
Specify corner of window, enter a scale factor (nX or nXP), or 
[All/Center/Dynamic/Extents/Previous/Scale/Window/Object] <real time>: 

Command: 
Command: 
Command: _trim 
View is not plan to UCS. Command results may not be obvious.

Current settings: Projection=UCS, Edge=None, Mode=Quick
Select object to trim or shift-select to extend or
 [cuTting edges/Crossing/mOde/Project/eRase]: *Cancel*

Command: 
Command: _.erase 1 found

Command: _u ERASE 
Command: 
Command: 
Command: 

Current ucs name:  *WORLD*
Specify origin of UCS or [Face/NAmed/OBject/Previous/View/World/X/Y/Z/ZAxis] <World>: 

Enter an option [Restore/Save/Delete/?]: 

Enter name of UCS to restore or [?]: 

Command: 
Command: 
Command: _trim 
View is not plan to UCS. Command results may not be obvious.

Current settings: Projection=UCS, Edge=None, Mode=Quick
Select object to trim or shift-select to extend or
 [cuTting edges/Crossing/mOde/Project/eRase]: 

Select object to trim or shift-select to extend or
 [cuTting edges/Crossing/mOde/Project/eRase/Undo]: 

Select object to trim or shift-select to extend or
 [cuTting edges/Crossing/mOde/Project/eRase/Undo]: 

Select object to trim or shift-select to extend or
 [cuTting edges/Crossing/mOde/Project/eRase/Undo]: 

Select object to trim or shift-select to extend or
 [cuTting edges/Crossing/mOde/Project/eRase/Undo]: 

Select object to trim or shift-select to extend or
 [cuTting edges/Crossing/mOde/Project/eRase/Undo]: 

Select object to trim or shift-select to extend or
 [cuTting edges/Crossing/mOde/Project/eRase/Undo]: 

Select object to trim or shift-select to extend or
 [cuTting edges/Crossing/mOde/Project/eRase/Undo]: 

Select object to trim or shift-select to extend or
 [cuTting edges/Crossing/mOde/Project/eRase/Undo]: 

Select object to trim or shift-select to extend or
 [cuTting edges/Crossing/mOde/Project/eRase/Undo]: _u 
Select object to trim or shift-select to extend or
 [cuTting edges/Crossing/mOde/Project/eRase/Undo]: _u 
Select object to trim or shift-select to extend or
 [cuTting edges/Crossing/mOde/Project/eRase/Undo]: _u 
Select object to trim or shift-select to extend or
 [cuTting edges/Crossing/mOde/Project/eRase/Undo]: _u 
Select object to trim or shift-select to extend or
 [cuTting edges/Crossing/mOde/Project/eRase/Undo]: _u 
Select object to trim or shift-select to extend or
 [cuTting edges/Crossing/mOde/Project/eRase/Undo]: _u 
Select object to trim or shift-select to extend or
 [cuTting edges/Crossing/mOde/Project/eRase/Undo]: 

Select object to trim or shift-select to extend or
 [cuTting edges/Crossing/mOde/Project/eRase/Undo]: 

Select object to trim or shift-select to extend or
 [cuTting edges/Crossing/mOde/Project/eRase/Undo]: 

Select object to trim or shift-select to extend or
 [cuTting edges/Crossing/mOde/Project/eRase/Undo]: 

Select object to trim or shift-select to extend or
 [cuTting edges/Crossing/mOde/Project/eRase/Undo]: 

Select object to trim or shift-select to extend or
 [cuTting edges/Crossing/mOde/Project/eRase/Undo]: 

Select object to trim or shift-select to extend or
 [cuTting edges/Crossing/mOde/Project/eRase/Undo]: _u 
Select object to trim or shift-select to extend or
 [cuTting edges/Crossing/mOde/Project/eRase/Undo]: *Cancel*

Command: 
Command: Specify opposite corner or [Fence/WPolygon/CPolygon]: _u 
Invalid window specification.
Specify opposite corner or [Fence/WPolygon/CPolygon]: Specify opposite corner or [Fence/WPolygon/CPolygon]: 
Command: *Cancel*

Command: _u CHPROP 
Command: Specify opposite corner or [Fence/WPolygon/CPolygon]: 
Command: Specify opposite corner or [Fence/WPolygon/CPolygon]: 
Command: Specify opposite corner or [Fence/WPolygon/CPolygon]: *Cancel*

Command: *Cancel*

Command: Specify opposite corner or [Fence/WPolygon/CPolygon]: *Cancel*

Command: 
Command: _mredo 
Enter number of actions or [All/Last]: 1 Nothing to redo

Command: Specify opposite corner or [Fence/WPolygon/CPolygon]: 
Command: Specify opposite corner or [Fence/WPolygon/CPolygon]: *Cancel*

Command: Specify opposite corner or [Fence/WPolygon/CPolygon]: 

Invalid window specification.
Specify opposite corner or [Fence/WPolygon/CPolygon]: Specify opposite corner or [Fence/WPolygon/CPolygon]: 

Invalid window specification.
Specify opposite corner or [Fence/WPolygon/CPolygon]: Specify opposite corner or [Fence/WPolygon/CPolygon]: *Cancel*

Command: *Cancel*

Command: Specify opposite corner or [Fence/WPolygon/CPolygon]: 
Command: 
Command: '_.-LAYER

Current layer:  "0-laikinai"
Enter an option [?/Make/Set/New/Rename/ON/OFF/Color/Ltype/LWeight/TRansparency/MATerial/Plot/Freeze/Thaw/LOck/Unlock/stAte/Description/rEconcile/Xref]: _THAW

Enter name list of layer(s) to thaw: =0
Enter an option [?/Make/Set/New/Rename/ON/OFF/Color/Ltype/LWeight/TRansparency/MATerial/Plot/Freeze/Thaw/LOck/Unlock/stAte/Description/rEconcile/Xref]: 

Command: Specify opposite corner or [Fence/WPolygon/CPolygon]: *Cancel*

Command: *Cancel*

Command: *Cancel*

Command: Specify opposite corner or [Fence/WPolygon/CPolygon]: 
Command: *Cancel*

Command: 
Command: '_.-LAYER

Current layer:  "2-Užrašai"
Enter an option [?/Make/Set/New/Rename/ON/OFF/Color/Ltype/LWeight/TRansparency/MATerial/Plot/Freeze/Thaw/LOck/Unlock/stAte/Description/rEconcile/Xref]: _FREEZE

Enter name list of layer(s) to freeze or <select objects>: =0
Enter an option [?/Make/Set/New/Rename/ON/OFF/Color/Ltype/LWeight/TRansparency/MATerial/Plot/Freeze/Thaw/LOck/Unlock/stAte/Description/rEconcile/Xref]: 

Command: 
Command: '_.-LAYER

Current layer:  "2-Užrašai"
Enter an option [?/Make/Set/New/Rename/ON/OFF/Color/Ltype/LWeight/TRansparency/MATerial/Plot/Freeze/Thaw/LOck/Unlock/stAte/Description/rEconcile/Xref]: _THAW

Enter name list of layer(s) to thaw: =1-Liežuv\U+0117lis
Enter an option [?/Make/Set/New/Rename/ON/OFF/Color/Ltype/LWeight/TRansparency/MATerial/Plot/Freeze/Thaw/LOck/Unlock/stAte/Description/rEconcile/Xref]: 

Command: 
Command: '_.-LAYER

Current layer:  "2-Užrašai"
Enter an option [?/Make/Set/New/Rename/ON/OFF/Color/Ltype/LWeight/TRansparency/MATerial/Plot/Freeze/Thaw/LOck/Unlock/stAte/Description/rEconcile/Xref]: _FREEZE

Enter name list of layer(s) to freeze or <select objects>: =1-Liežuv\U+0117lis
Enter an option [?/Make/Set/New/Rename/ON/OFF/Color/Ltype/LWeight/TRansparency/MATerial/Plot/Freeze/Thaw/LOck/Unlock/stAte/Description/rEconcile/Xref]: 

Command: 
Command: '_.-LAYER

Current layer:  "2-Užrašai"
Enter an option [?/Make/Set/New/Rename/ON/OFF/Color/Ltype/LWeight/TRansparency/MATerial/Plot/Freeze/Thaw/LOck/Unlock/stAte/Description/rEconcile/Xref]: _FREEZE

Enter name list of layer(s) to freeze or <select objects>: =0-laikinai
Enter an option [?/Make/Set/New/Rename/ON/OFF/Color/Ltype/LWeight/TRansparency/MATerial/Plot/Freeze/Thaw/LOck/Unlock/stAte/Description/rEconcile/Xref]: 

Command: 
Command: '_.-LAYER

Current layer:  "2-Užrašai"
Enter an option [?/Make/Set/New/Rename/ON/OFF/Color/Ltype/LWeight/TRansparency/MATerial/Plot/Freeze/Thaw/LOck/Unlock/stAte/Description/rEconcile/Xref]: _THAW

Enter name list of layer(s) to thaw: =1-Liežuv\U+0117lis
Enter an option [?/Make/Set/New/Rename/ON/OFF/Color/Ltype/LWeight/TRansparency/MATerial/Plot/Freeze/Thaw/LOck/Unlock/stAte/Description/rEconcile/Xref]: 

Command:  
Specify corner of window, enter a scale factor (nX or nXP), or 
[All/Center/Dynamic/Extents/Previous/Scale/Window/Object] <real time>: 

Command:  Regenerating model.

Command:  
Specify corner of window, enter a scale factor (nX or nXP), or 
[All/Center/Dynamic/Extents/Previous/Scale/Window/Object] <real time>: 

Command:  Regenerating model.

Command:  Regenerating model.

Command:  Regenerating model.

Command:  Regenerating model.

Command:  Regenerating model.

Command:  
Specify corner of window, enter a scale factor (nX or nXP), or 
[All/Center/Dynamic/Extents/Previous/Scale/Window/Object] <real time>: 

Command:  Regenerating model.

Command:  Regenerating model.

Command:  Regenerating model.

Command:  
Specify corner of window, enter a scale factor (nX or nXP), or 
[All/Center/Dynamic/Extents/Previous/Scale/Window/Object] <real time>: 

Command: Specify opposite corner or [Fence/WPolygon/CPolygon]: 
Command: JOIN
4 found

4 objects converted to 1 3D polyline
Command: 
Command: *Cancel*

Command: FILLET

Current settings: Mode = TRIM, Radius = 0.5000
Select first object or [Undo/Polyline/Radius/Trim/Multiple]: 
  3D Polyline objects may not be filleted. 
Select first object or [Undo/Polyline/Radius/Trim/Multiple]: 
  3D Polyline objects may not be filleted. 
Select first object or [Undo/Polyline/Radius/Trim/Multiple]:  Regenerating model.

Resuming FILLET command.

Select first object or [Undo/Polyline/Radius/Trim/Multiple]:  
>>Specify corner of window, enter a scale factor (nX or nXP), or 
[All/Center/Dynamic/Extents/Previous/Scale/Window/Object] <real time>: 

Resuming FILLET command.

Select first object or [Undo/Polyline/Radius/Trim/Multiple]: 
  3D Polyline objects may not be filleted. 
Select first object or [Undo/Polyline/Radius/Trim/Multiple]: 
  3D Polyline objects may not be filleted. 
Select first object or [Undo/Polyline/Radius/Trim/Multiple]: *Cancel*

Command: 
Command: FILLET

Current settings: Mode = TRIM, Radius = 0.5000
Select first object or [Undo/Polyline/Radius/Trim/Multiple]: r
Specify fillet radius <0.5000>: 1.5

Select first object or [Undo/Polyline/Radius/Trim/Multiple]: 
  3D Polyline objects may not be filleted. 
Select first object or [Undo/Polyline/Radius/Trim/Multiple]: *Cancel*

Command: _u FILLET 
Command: 
Command: _u FILLET Regenerating model.

Command: 
Command: _u JOIN 
Command: 
Command: *Cancel*

Command: FILLET

Current settings: Mode = TRIM, Radius = 0.5000
Select first object or [Undo/Polyline/Radius/Trim/Multiple]: 
Select second object or shift-select to apply corner or [Radius]: 
Select second object or shift-select to apply corner or [Radius]: 
Command: 
Command: Specify opposite corner or [Fence/WPolygon/CPolygon]: 
Command: *Cancel*

Command: _u FILLET 
Command: *Cancel*

Command: FILLET

Current settings: Mode = TRIM, Radius = 0.5000
Select first object or [Undo/Polyline/Radius/Trim/Multiple]: 
Select second object or shift-select to apply corner or [Radius]: 
Command: *Cancel*

Command: _u FILLET 
Command: 
U
'ZOOM GROUP Regenerating model.

Command: 
Command: 
Command: _mredo 
Enter number of actions or [All/Last]: 1 GROUP 'ZOOM 
Command: FILLET

Current settings: Mode = TRIM, Radius = 0.5000
Select first object or [Undo/Polyline/Radius/Trim/Multiple]: 
Select second object or shift-select to apply corner or [Radius]: 2

Select second object or shift-select to apply corner or [Radius]: 
Command: 
FILLET

Current settings: Mode = TRIM, Radius = 0.5000
Select first object or [Undo/Polyline/Radius/Trim/Multiple]: 
Select second object or shift-select to apply corner or [Radius]: 4


*Invalid selection*
Expects a point or Window/Last/Crossing/BOX/Fence/WPolygon/CPolygon/Radius]: 

Select second object or shift-select to apply corner or [Radius]: 
Command: *Cancel*

Command: _u FILLET 
Command: _u FILLET 
Command: 
U
'ZOOM GROUP 
Command: 
Command: 
Command: _mredo 
Enter number of actions or [All/Last]: 1 GROUP 'ZOOM 
Command: FILLET

Current settings: Mode = TRIM, Radius = 0.5000
Select first object or [Undo/Polyline/Radius/Trim/Multiple]: 
Select second object or shift-select to apply corner or [Radius]: R
Specify fillet radius <0.5000>: 2

Select second object or shift-select to apply corner or [Radius]: r
Specify fillet radius <2.0000>: 1

Select second object or shift-select to apply corner or [Radius]: r
Specify fillet radius <1.0000>: 1.5

Select second object or shift-select to apply corner or [Radius]: r
Specify fillet radius <1.5000>: 1.2

Select second object or shift-select to apply corner or [Radius]: 
Automatic save to C:\Users\saukrs\AppData\Local\Temp\LD1_1_17578_ea2d2973.sv$ ...

Command: 
Command: 
FILLET

Current settings: Mode = TRIM, Radius = 1.2000
Select first object or [Undo/Polyline/Radius/Trim/Multiple]: 
Select second object or shift-select to apply corner or [Radius]: 
Command: 
FILLET

Current settings: Mode = TRIM, Radius = 1.2000
Select first object or [Undo/Polyline/Radius/Trim/Multiple]: 
Select second object or shift-select to apply corner or [Radius]: 
Command: 
FILLET

Current settings: Mode = TRIM, Radius = 1.2000
Select first object or [Undo/Polyline/Radius/Trim/Multiple]: 
Select second object or shift-select to apply corner or [Radius]: 
Cannot fillet an entity with itself.
Command: 
Command: 
Command: *Cancel*

Command: FILLET

Current settings: Mode = TRIM, Radius = 1.2000
Select first object or [Undo/Polyline/Radius/Trim/Multiple]: 
Select second object or shift-select to apply corner or [Radius]: 
Command: 
Automatic save to C:\Users\saukrs\AppData\Local\Temp\LD1_1_17578_ea2d2973.sv$ ...

Command: 
Command: LINE

Specify first point: MID
of 
Specify next point or [Undo]: 
Specify next point or [Undo]: *Cancel*

Command: 
Automatic save to C:\Users\saukrs\AppData\Local\Temp\LD1_1_17578_ea2d2973.sv$ ...

Command: 
Command: 
Command: 
Command: '_.-LAYER

Current layer:  "2-Užrašai"
Enter an option [?/Make/Set/New/Rename/ON/OFF/Color/Ltype/LWeight/TRansparency/MATerial/Plot/Freeze/Thaw/LOck/Unlock/stAte/Description/rEconcile/Xref]: _THAW

Enter name list of layer(s) to thaw: =0-laikinai
Enter an option [?/Make/Set/New/Rename/ON/OFF/Color/Ltype/LWeight/TRansparency/MATerial/Plot/Freeze/Thaw/LOck/Unlock/stAte/Description/rEconcile/Xref]: 

Command: _u '.-LAYER Regenerating model.

Command: _u CHPROP 
Command: 
Command: 
Command: '_.-LAYER

Current layer:  "2-Užrašai"
Enter an option [?/Make/Set/New/Rename/ON/OFF/Color/Ltype/LWeight/TRansparency/MATerial/Plot/Freeze/Thaw/LOck/Unlock/stAte/Description/rEconcile/Xref]: _THAW

Enter name list of layer(s) to thaw: =0
Enter an option [?/Make/Set/New/Rename/ON/OFF/Color/Ltype/LWeight/TRansparency/MATerial/Plot/Freeze/Thaw/LOck/Unlock/stAte/Description/rEconcile/Xref]: 

Command: 
Command: 
Command: _trim 
Current settings: Projection=UCS, Edge=None, Mode=Quick
Select object to trim or shift-select to extend or
 [cuTting edges/Crossing/mOde/Project/eRase]: 

Select object to trim or shift-select to extend or
 [cuTting edges/Crossing/mOde/Project/eRase/Undo]: _u 
Command has been completely undone.

Select object to trim or shift-select to extend or
 [cuTting edges/Crossing/mOde/Project/eRase]: *Cancel*

Command: LENGTH
DIST 
Specify first point: 
Specify second point or [Multiple points]: 
Distance = 3.0000,  Angle in XY Plane = 90,  Angle from XY Plane = 0
Delta X = 0.0000,  Delta Y = 3.0000,   Delta Z = 0.0000

Command: MOVE

Select objects: 1 found

Select objects: 

Specify base point or [Displacement] <Displacement>: 
Specify second point or <use first point as displacement>: 
Command: 
Command: Specify opposite corner or [Fence/WPolygon/CPolygon]: 
Command: *Cancel*

Command: 
Command: '_.-LAYER

Current layer:  "2-Užrašai"
Enter an option [?/Make/Set/New/Rename/ON/OFF/Color/Ltype/LWeight/TRansparency/MATerial/Plot/Freeze/Thaw/LOck/Unlock/stAte/Description/rEconcile/Xref]: _FREEZE

Enter name list of layer(s) to freeze or <select objects>: =0
Enter an option [?/Make/Set/New/Rename/ON/OFF/Color/Ltype/LWeight/TRansparency/MATerial/Plot/Freeze/Thaw/LOck/Unlock/stAte/Description/rEconcile/Xref]: 

Command: 

Press ESC or ENTER to exit, or right-click to display shortcut menu.

Command:  
Specify corner of window, enter a scale factor (nX or nXP), or 
[All/Center/Dynamic/Extents/Previous/Scale/Window/Object] <real time>: 
Regenerating model.

Command: COPY

Select objects: 1 found

Select objects: 

Current settings:  Copy mode = Multiple
Specify base point or [Displacement/mOde] <Displacement>: 
Specify second point or [Array] <use first point as displacement>: 
Specify second point or [Array/Exit/Undo] <Exit>: *Cancel*

Command: Specify opposite corner or [Fence/WPolygon/CPolygon]: EXTEND

Current settings: Projection=UCS, Edge=None, Mode=Quick
Select object to extend or shift-select to trim or
 [Boundary edges/Crossing/mOde/Project]: 

Select object to extend or shift-select to trim or
 [Boundary edges/Crossing/mOde/Project/Undo]: *Cancel*

Command: LENGTH
DIST 
Specify first point: 
Specify second point or [Multiple points]: 
Distance = 12.0000,  Angle in XY Plane = 90,  Angle from XY Plane = 0
Delta X = 0.0000,  Delta Y = 12.0000,   Delta Z = 0.0000

Command: _u DIST 
Command: _u EXTEND 
Command: '_pan 
Press ESC or ENTER to exit, or right-click to display shortcut menu.

Command: EXTEND

Current settings: Projection=UCS, Edge=None, Mode=Quick
Select object to extend or shift-select to trim or
 [Boundary edges/Crossing/mOde/Project]: 

No edge in that direction.
Select object to extend or shift-select to trim or
 [Boundary edges/Crossing/mOde/Project/Undo]: *Cancel*

Command: CHANGE

Select objects: 1 found

Select objects: 
Specify change point or [Properties]: 
Command: LENGTH
DIST 
Specify first point: 
Specify second point or [Multiple points]:  Regenerating model.

Resuming DIST command.

Specify second point or [Multiple points]:  Regenerating model.

Resuming DIST command.

Specify second point or [Multiple points]:  Regenerating model.

Resuming DIST command.

Specify second point or [Multiple points]:  Regenerating model.

Resuming DIST command.

Specify second point or [Multiple points]:  Regenerating model.

Resuming DIST command.

Specify second point or [Multiple points]:  Regenerating model.

Resuming DIST command.

Specify second point or [Multiple points]:  Regenerating model.

Resuming DIST command.

Specify second point or [Multiple points]:  Regenerating model.

Resuming DIST command.

Specify second point or [Multiple points]:  Regenerating model.

Resuming DIST command.

Specify second point or [Multiple points]:  Regenerating model.

Resuming DIST command.

Specify second point or [Multiple points]:  Regenerating model.

Resuming DIST command.

Specify second point or [Multiple points]:  Regenerating model.

Resuming DIST command.

Specify second point or [Multiple points]:  
>>Specify corner of window, enter a scale factor (nX or nXP), or 
[All/Center/Dynamic/Extents/Previous/Scale/Window/Object] <real time>: 

Resuming DIST command.

Specify second point or [Multiple points]: *Cancel*

Command: LINE

Specify first point: end
of 
Specify next point or [Undo]: end
of 
Specify next point or [Undo]: *Cancel*

Command:  Regenerating model.

Command:  Regenerating model.

Command:  Regenerating model.

Command:  Regenerating model.

Command:  
Specify corner of window, enter a scale factor (nX or nXP), or 
[All/Center/Dynamic/Extents/Previous/Scale/Window/Object] <real time>: 

Command: '_pan 
Press ESC or ENTER to exit, or right-click to display shortcut menu.

Automatic save to C:\Users\saukrs\AppData\Local\Temp\LD1_1_17578_ea2d2973.sv$ ...

Command: 
Command: Specify opposite corner or [Fence/WPolygon/CPolygon]: 
Command: 
** STRETCH **
Specify stretch point or [Base point/Copy/Undo/eXit]:mid
of 
Command: _u Grip Edit 
Command: 
Command: 
Command: _mredo 
Enter number of actions or [All/Last]: 1 Grip Edit 
Everything has been redone

Command: 
Command: 
Command: _mredo 
Enter number of actions or [All/Last]: 1 Nothing to redo

Command: _u Grip Edit 
Command: 
Command: 
Command: _mredo 
Enter number of actions or [All/Last]: 1 Grip Edit 
Everything has been redone

Command: _u Grip Edit 
Command: 
Command: 
Command: _mredo 
Enter number of actions or [All/Last]: 1 Grip Edit 
Everything has been redone

Command: _u Grip Edit 
Command: 
Command: 
Command: _mredo 
Enter number of actions or [All/Last]: 1 Grip Edit 
Everything has been redone

Command: _u Grip Edit 
Command: 
Command: 
Command: _mredo 
Enter number of actions or [All/Last]: 1 Grip Edit 
Everything has been redone

Command: _u Grip Edit 
Command: _u Pan GROUP 
Command: 
Command: 
Command: _mredo 
Enter number of actions or [All/Last]: 1 GROUP Pan 
Command: MOVE

Select objects: Specify opposite corner: 4 found

Select objects: 

Specify base point or [Displacement] <Displacement>: 
Specify second point or <use first point as displacement>: mid
of 
Command: Specify opposite corner or [Fence/WPolygon/CPolygon]: 
Command:  MOVE
8 found

Specify base point or [Displacement] <Displacement>: *Cancel*

Command: MOVE

Select objects: Specify opposite corner: 8 found

Select objects: 

Specify base point or [Displacement] <Displacement>: mid
of 
Specify second point or <use first point as displacement>: end
of 
Command:  
Specify corner of window, enter a scale factor (nX or nXP), or 
[All/Center/Dynamic/Extents/Previous/Scale/Window/Object] <real time>: 

Command: 
Command: 
Command: _trim 
Current settings: Projection=UCS, Edge=None, Mode=Quick
Select object to trim or shift-select to extend or
 [cuTting edges/Crossing/mOde/Project/eRase]: *Cancel*

Command: 
Command: _extend 
Current settings: Projection=UCS, Edge=None, Mode=Quick
Select object to extend or shift-select to trim or
 [Boundary edges/Crossing/mOde/Project]: 

Select object to extend or shift-select to trim or
 [Boundary edges/Crossing/mOde/Project/Undo]: 

No edge in that direction.
Select object to extend or shift-select to trim or
 [Boundary edges/Crossing/mOde/Project/Undo]: 

>>Press ESC or ENTER to exit, or right-click to display shortcut menu.

Resuming EXTEND command.

Select object to extend or shift-select to trim or
 [Boundary edges/Crossing/mOde/Project/Undo]: '_pan 
>>Press ESC or ENTER to exit, or right-click to display shortcut menu.

Resuming EXTEND command.

Select object to extend or shift-select to trim or
 [Boundary edges/Crossing/mOde/Project/Undo]: *Cancel*

Command: LINE

Specify first point: 
Specify next point or [Undo]: 
Specify next point or [Undo]: *Cancel*

Command: 
Command: 
Command: _extend 
Current settings: Projection=UCS, Edge=None, Mode=Quick
Select object to extend or shift-select to trim or
 [Boundary edges/Crossing/mOde/Project]: 

Select object to extend or shift-select to trim or
 [Boundary edges/Crossing/mOde/Project/Undo]: *Cancel*

Command: TRIM

Current settings: Projection=UCS, Edge=None, Mode=Quick
Select object to trim or shift-select to extend or
 [cuTting edges/Crossing/mOde/Project/eRase]: 

Select object to trim or shift-select to extend or
 [cuTting edges/Crossing/mOde/Project/eRase/Undo]: *Cancel*

Command: LENGTH
DIST 
Specify first point: 
Specify second point or [Multiple points]: 
Distance = 3.5000,  Angle in XY Plane = 270,  Angle from XY Plane = 0
Delta X = 0.0000,  Delta Y = -3.5000,   Delta Z = 0.0000

Command: 
Automatic save to C:\Users\saukrs\AppData\Local\Temp\LD1_1_17578_ea2d2973.sv$ ...

Command: 
Command: LENGTH
DIST 
Specify first point: 
Specify second point or [Multiple points]: int
of 
Distance = 6.4637,  Angle in XY Plane = 90,  Angle from XY Plane = 55
Delta X = 0.0000,  Delta Y = 3.7000,   Delta Z = 5.3000

Command: 
DIST

Specify first point: *Cancel*

Command: LENGTH
DIST 
Specify first point: int
of 
Specify second point or [Multiple points]: in

Point or option keyword required.

Specify second point or [Multiple points]: int
of  <Snap off> 

Distance = 4.6149,  Angle in XY Plane = 90,  Angle from XY Plane = 0
Delta X = 0.0000,  Delta Y = 4.6149,   Delta Z = 0.0000

Command: LENGTH
DIST 
Specify first point: int
of 
Specify second point or [Multiple points]: int
of end

Point or option keyword required.

Specify second point or [Multiple points]: *Cancel*

Command: LENGTH
DIST 
Specify first point: end
of 
Specify second point or [Multiple points]: end
of 
Distance = 4.0000,  Angle in XY Plane = 270,  Angle from XY Plane = 0
Delta X = 0.0000,  Delta Y = -4.0000,   Delta Z = 0.0000

Command: '_pan 
Press ESC or ENTER to exit, or right-click to display shortcut menu.

Command: LENGTH
DIST 
Specify first point: end
of 
Specify second point or [Multiple points]: end
of 
Distance = 9.0000,  Angle in XY Plane = 90,  Angle from XY Plane = 0
Delta X = 0.0000,  Delta Y = 9.0000,   Delta Z = 0.0000

Command: '_pan 
Press ESC or ENTER to exit, or right-click to display shortcut menu.

Command: LENGTH
DIST 
Specify first point: end
of 
Specify second point or [Multiple points]: end
of 
Distance = 8.5000,  Angle in XY Plane = 90,  Angle from XY Plane = 0
Delta X = 0.0000,  Delta Y = 8.5000,   Delta Z = 0.0000

Command:  
Specify corner of window, enter a scale factor (nX or nXP), or 
[All/Center/Dynamic/Extents/Previous/Scale/Window/Object] <real time>: 

Command: Specify opposite corner or [Fence/WPolygon/CPolygon]: 
Command: MOVE
11 found

Specify base point or [Displacement] <Displacement>: end
of 
Specify second point or <use first point as displacement>: 1

Command: *Cancel*

Command:  
Specify corner of window, enter a scale factor (nX or nXP), or 
[All/Center/Dynamic/Extents/Previous/Scale/Window/Object] <real time>: 

Command: 
Command: 
Command: _extend 
Current settings: Projection=UCS, Edge=None, Mode=Quick
Select object to extend or shift-select to trim or
 [Boundary edges/Crossing/mOde/Project]: 

Select object to extend or shift-select to trim or
 [Boundary edges/Crossing/mOde/Project/Undo]: *Cancel*

Command: LENGTH
DIST 
Specify first point: end
of 

Specify second point or [Multiple points]: *Cancel*

Command: '_pan 
Press ESC or ENTER to exit, or right-click to display shortcut menu.

Command: LENGTH
DIST 
Specify first point: int
of 
Specify second point or [Multiple points]: int
of end

Point or option keyword required.

Specify second point or [Multiple points]: *Cancel*

Command: 
DIST

Specify first point: end
of 
Specify second point or [Multiple points]: end
of 
Distance = 4.7000,  Angle in XY Plane = 270,  Angle from XY Plane = 0
Delta X = 0.0000,  Delta Y = -4.7000,   Delta Z = 0.0000

Command: _u DIST 
Automatic save to C:\Users\saukrs\AppData\Local\Temp\LD1_1_17578_ea2d2973.sv$ ...

Command: 
Command: _u DIST 
Command: _u Pan GROUP 
Command: _u DIST 
Command: _u EXTEND GROUP 
Command: _u 'ZOOM GROUP 
Command: _u MOVE 
Command: 
Command: 
Command: _mredo 
Enter number of actions or [All/Last]: 1 MOVE 
Command: 
Command: 
Command: _mredo 
Enter number of actions or [All/Last]: 1 GROUP 'ZOOM 
Command: _u 'ZOOM GROUP 
Command: 
Command: 
Command: _mredo 
Enter number of actions or [All/Last]: 1 GROUP 'ZOOM 
Command: 
Command: 
Command: _mredo 
Enter number of actions or [All/Last]: 1 GROUP EXTEND 
Command: *Cancel*

Command: Specify opposite corner or [Fence/WPolygon/CPolygon]: 
Command: 
Command: 
Command: 
Command: '_.-LAYER

Current layer:  "2-Užrašai"
Enter an option [?/Make/Set/New/Rename/ON/OFF/Color/Ltype/LWeight/TRansparency/MATerial/Plot/Freeze/Thaw/LOck/Unlock/stAte/Description/rEconcile/Xref]: _THAW

Enter name list of layer(s) to thaw: =0-laikinai
Enter an option [?/Make/Set/New/Rename/ON/OFF/Color/Ltype/LWeight/TRansparency/MATerial/Plot/Freeze/Thaw/LOck/Unlock/stAte/Description/rEconcile/Xref]: 

Command: 
Command: '_.-LAYER

Current layer:  "2-Užrašai"
Enter an option [?/Make/Set/New/Rename/ON/OFF/Color/Ltype/LWeight/TRansparency/MATerial/Plot/Freeze/Thaw/LOck/Unlock/stAte/Description/rEconcile/Xref]: _FREEZE

Enter name list of layer(s) to freeze or <select objects>: =0-laikinai
Enter an option [?/Make/Set/New/Rename/ON/OFF/Color/Ltype/LWeight/TRansparency/MATerial/Plot/Freeze/Thaw/LOck/Unlock/stAte/Description/rEconcile/Xref]: 

Command: '_zoom 
Specify corner of window, enter a scale factor (nX or nXP), or 
[All/Center/Dynamic/Extents/Previous/Scale/Window/Object] <real time>: 

Press ESC or ENTER to exit, or right-click to display shortcut menu.

Command:  
Specify corner of window, enter a scale factor (nX or nXP), or 
[All/Center/Dynamic/Extents/Previous/Scale/Window/Object] <real time>: 

Command: Specify opposite corner or [Fence/WPolygon/CPolygon]: 
Command: MOVEMOVE
Unknown command "MOVEMOVE".  Press F1 for help.

Command: MOVE
8 found

Specify base point or [Displacement] <Displacement>: MID
of 
Specify second point or <use first point as displacement>: 0.5

Command: Specify opposite corner or [Fence/WPolygon/CPolygon]: *Cancel*

Command: *Cancel*

Command: '_zoom 
Specify corner of window, enter a scale factor (nX or nXP), or 
[All/Center/Dynamic/Extents/Previous/Scale/Window/Object] <real time>: 

Press ESC or ENTER to exit, or right-click to display shortcut menu.

Automatic save to C:\Users\saukrs\AppData\Local\Temp\LD1_1_17578_ea2d2973.sv$ ...

Command: 
Command: _u Zoom GROUP 
Command: _u INTELLIZOOM INTELLIZOOM 
Command: _u MOVE 
Command: 
Command: 
Command: _mredo 
Enter number of actions or [All/Last]: 1 MOVE 
Command: _u MOVE 
Command: 
Command: 
Command: _mredo 
Enter number of actions or [All/Last]: 1 MOVE 
Command: _u MOVE 
Command: 
Command: 
Command: _mredo 
Enter number of actions or [All/Last]: 1 MOVE 
Command: Specify opposite corner or [Fence/WPolygon/CPolygon]: 
Command: MOVE
8 found

Specify base point or [Displacement] <Displacement>: MID
of 
Specify second point or <use first point as displacement>: 0.5

Command: *Cancel*

Command: LENGTH
DIST 
Specify first point: INT
of 
Specify second point or [Multiple points]: END
of 
Distance = 1.0000,  Angle in XY Plane = 90,  Angle from XY Plane = 0
Delta X = 0.0000,  Delta Y = 1.0000,   Delta Z = 0.0000

Command: '_zoom 
Specify corner of window, enter a scale factor (nX or nXP), or 
[All/Center/Dynamic/Extents/Previous/Scale/Window/Object] <real time>: 

Press ESC or ENTER to exit, or right-click to display shortcut menu.

Command: _u Zoom GROUP 
Command: _u INTELLIZOOM 
Command: _u DIST 
Command: _u MOVE 
Command: MOVE

Select objects: Specify opposite corner: 8 found

Select objects: 

Specify base point or [Displacement] <Displacement>: MID
of 
Specify second point or <use first point as displacement>: 0.7

Command: _u MOVE 
Command: MOVE

Select objects: PREV
8 found

Select objects: 

Specify base point or [Displacement] <Displacement>: mid
of 
Specify second point or <use first point as displacement>: 0.2

Command: Specify opposite corner or [Fence/WPolygon/CPolygon]: *Cancel*

Command: '_zoom 
Specify corner of window, enter a scale factor (nX or nXP), or 
[All/Center/Dynamic/Extents/Previous/Scale/Window/Object] <real time>: 

Press ESC or ENTER to exit, or right-click to display shortcut menu.

Command:  
Specify corner of window, enter a scale factor (nX or nXP), or 
[All/Center/Dynamic/Extents/Previous/Scale/Window/Object] <real time>: 

Command: 
Command: _.erase 1 found

Command: _u ERASE 
Command:  Regenerating model.

Command:  
Specify corner of window, enter a scale factor (nX or nXP), or 
[All/Center/Dynamic/Extents/Previous/Scale/Window/Object] <real time>: 

Command:  Regenerating model.

Command:  
Specify corner of window, enter a scale factor (nX or nXP), or 
[All/Center/Dynamic/Extents/Previous/Scale/Window/Object] <real time>: 

Command:  Regenerating model.

Command:  Regenerating model.

Command:  Regenerating model.

Command:  Regenerating model.

Command:  
Specify corner of window, enter a scale factor (nX or nXP), or 
[All/Center/Dynamic/Extents/Previous/Scale/Window/Object] <real time>: 

Command: 
Command: 
Command: _extend 
View is not plan to UCS. Command results may not be obvious.

Current settings: Projection=UCS, Edge=None, Mode=Quick
Select object to extend or shift-select to trim or
 [Boundary edges/Crossing/mOde/Project]: 

No edge in that direction.
Select object to extend or shift-select to trim or
 [Boundary edges/Crossing/mOde/Project/Undo]: *Cancel*

Command:  Regenerating model.

Command:  
Specify corner of window, enter a scale factor (nX or nXP), or 
[All/Center/Dynamic/Extents/Previous/Scale/Window/Object] <real time>: 

Command: 
Command: 
Command: _extend 
Current settings: Projection=UCS, Edge=None, Mode=Quick
Select object to extend or shift-select to trim or
 [Boundary edges/Crossing/mOde/Project]: 

Select object to extend or shift-select to trim or
 [Boundary edges/Crossing/mOde/Project/Undo]: 

Select object to extend or shift-select to trim or
 [Boundary edges/Crossing/mOde/Project/Undo]: 
Command: '_.-LAYER

Current layer:  "2-Užrašai"
>>Enter an option [?/Make/Set/New/Rename/ON/OFF/Color/Ltype/LWeight/TRansparency/MATerial/Plot/Freeze/Thaw/LOck/Unlock/stAte/Description/rEconcile/Xref]: _FREEZE

>>Enter name list of layer(s) to freeze or <select objects>: =1-Liežuv\U+0117lis
>>Enter an option [?/Make/Set/New/Rename/ON/OFF/Color/Ltype/LWeight/TRansparency/MATerial/Plot/Freeze/Thaw/LOck/Unlock/stAte/Description/rEconcile/Xref]: 

Command: 

Select object to extend or shift-select to trim or
 [Boundary edges/Crossing/mOde/Project/Undo]: 

No edge in that direction.
Select object to extend or shift-select to trim or
 [Boundary edges/Crossing/mOde/Project/Undo]: 
Select object to extend or shift-select to trim or
 [Boundary edges/Crossing/mOde/Project/Undo]: 
Specify next fence point or [Undo]: 
Specify next fence point or [Undo]: 
Specify next fence point or [Undo]: *Cancel*

Command: _u EXTEND GROUP Regenerating model.

Command: 
Command: 
Command: _mredo 
Enter number of actions or [All/Last]: 1 GROUP EXTEND 
Everything has been redone
Regenerating model.

Command: _u EXTEND GROUP Regenerating model.

Command: _u 'ZOOM GROUP Regenerating model.

Command: 
Command: 
Command: _mredo 
Enter number of actions or [All/Last]: 1 GROUP 'ZOOM 
Command: _.erase 1 found

Command: 
Command: 
Command: _extend 
Current settings: Projection=UCS, Edge=None, Mode=Quick
Select object to extend or shift-select to trim or
 [Boundary edges/Crossing/mOde/Project]: 

Select object to extend or shift-select to trim or
 [Boundary edges/Crossing/mOde/Project/Undo]: 

Select object to extend or shift-select to trim or
 [Boundary edges/Crossing/mOde/Project/Undo]:  Regenerating model.

Resuming EXTEND command.

Select object to extend or shift-select to trim or
 [Boundary edges/Crossing/mOde/Project/Undo]:  
>>Specify corner of window, enter a scale factor (nX or nXP), or 
[All/Center/Dynamic/Extents/Previous/Scale/Window/Object] <real time>: 

Resuming EXTEND command.

Select object to extend or shift-select to trim or
 [Boundary edges/Crossing/mOde/Project/Undo]: *Cancel*

Command: 
Command: _.erase 1 found

Command: _u ERASE 
Command: 
Command: 
Command: _extend 
View is not plan to UCS. Command results may not be obvious.

Current settings: Projection=UCS, Edge=None, Mode=Quick
Select object to extend or shift-select to trim or
 [Boundary edges/Crossing/mOde/Project]: *Cancel*

Command: Specify opposite corner or [Fence/WPolygon/CPolygon]: '_pan 
>>Press ESC or ENTER to exit, or right-click to display shortcut menu.
Specify opposite corner or [Fence/WPolygon/CPolygon]: 
Command: MOVE
13 found

Specify base point or [Displacement] <Displacement>: END
of 
Specify second point or <use first point as displacement>: MID
of 
Command: *Cancel*

Command:  Regenerating model.

Command:  
Specify corner of window, enter a scale factor (nX or nXP), or 
[All/Center/Dynamic/Extents/Previous/Scale/Window/Object] <real time>: 

Command: '_zoom 
Specify corner of window, enter a scale factor (nX or nXP), or 
[All/Center/Dynamic/Extents/Previous/Scale/Window/Object] <real time>: 

Press ESC or ENTER to exit, or right-click to display shortcut menu.

Automatic save to C:\Users\saukrs\AppData\Local\Temp\LD1_1_17578_ea2d2973.sv$ ...

Command: 
Command:  Regenerating model.

Command:  
Specify corner of window, enter a scale factor (nX or nXP), or 
[All/Center/Dynamic/Extents/Previous/Scale/Window/Object] <real time>: 

Command: 
Command: *Cancel*

Command: 
Command: '_.-LAYER

Current layer:  "2-Užrašai"
Enter an option [?/Make/Set/New/Rename/ON/OFF/Color/Ltype/LWeight/TRansparency/MATerial/Plot/Freeze/Thaw/LOck/Unlock/stAte/Description/rEconcile/Xref]: _THAW

Enter name list of layer(s) to thaw: =0
Enter an option [?/Make/Set/New/Rename/ON/OFF/Color/Ltype/LWeight/TRansparency/MATerial/Plot/Freeze/Thaw/LOck/Unlock/stAte/Description/rEconcile/Xref]: 

Command: 
Command: '_.-LAYER

Current layer:  "2-Užrašai"
Enter an option [?/Make/Set/New/Rename/ON/OFF/Color/Ltype/LWeight/TRansparency/MATerial/Plot/Freeze/Thaw/LOck/Unlock/stAte/Description/rEconcile/Xref]: _FREEZE

Enter name list of layer(s) to freeze or <select objects>: =0
Enter an option [?/Make/Set/New/Rename/ON/OFF/Color/Ltype/LWeight/TRansparency/MATerial/Plot/Freeze/Thaw/LOck/Unlock/stAte/Description/rEconcile/Xref]: 

Command: 
Command: '_.-LAYER

Current layer:  "2-Užrašai"
Enter an option [?/Make/Set/New/Rename/ON/OFF/Color/Ltype/LWeight/TRansparency/MATerial/Plot/Freeze/Thaw/LOck/Unlock/stAte/Description/rEconcile/Xref]: _FREEZE

Enter name list of layer(s) to freeze or <select objects>: =1-Liežuv\U+0117lis
Enter an option [?/Make/Set/New/Rename/ON/OFF/Color/Ltype/LWeight/TRansparency/MATerial/Plot/Freeze/Thaw/LOck/Unlock/stAte/Description/rEconcile/Xref]: 

Command: 
Command: '_.-LAYER

Current layer:  "2-Užrašai"
Enter an option [?/Make/Set/New/Rename/ON/OFF/Color/Ltype/LWeight/TRansparency/MATerial/Plot/Freeze/Thaw/LOck/Unlock/stAte/Description/rEconcile/Xref]: _THAW

Enter name list of layer(s) to thaw: =1-Liežuv\U+0117lis
Enter an option [?/Make/Set/New/Rename/ON/OFF/Color/Ltype/LWeight/TRansparency/MATerial/Plot/Freeze/Thaw/LOck/Unlock/stAte/Description/rEconcile/Xref]: 

Command: 
Command: '_.-LAYER

Current layer:  "2-Užrašai"
Enter an option [?/Make/Set/New/Rename/ON/OFF/Color/Ltype/LWeight/TRansparency/MATerial/Plot/Freeze/Thaw/LOck/Unlock/stAte/Description/rEconcile/Xref]: _THAW

Enter name list of layer(s) to thaw: =0-laikinai
Enter an option [?/Make/Set/New/Rename/ON/OFF/Color/Ltype/LWeight/TRansparency/MATerial/Plot/Freeze/Thaw/LOck/Unlock/stAte/Description/rEconcile/Xref]: 

Command: 
Command: '_.-LAYER

Current layer:  "2-Užrašai"
Enter an option [?/Make/Set/New/Rename/ON/OFF/Color/Ltype/LWeight/TRansparency/MATerial/Plot/Freeze/Thaw/LOck/Unlock/stAte/Description/rEconcile/Xref]: _FREEZE

Enter name list of layer(s) to freeze or <select objects>: =0-laikinai
Enter an option [?/Make/Set/New/Rename/ON/OFF/Color/Ltype/LWeight/TRansparency/MATerial/Plot/Freeze/Thaw/LOck/Unlock/stAte/Description/rEconcile/Xref]: 

Command: 
Command: '_.-LAYER

Current layer:  "2-Užrašai"
Enter an option [?/Make/Set/New/Rename/ON/OFF/Color/Ltype/LWeight/TRansparency/MATerial/Plot/Freeze/Thaw/LOck/Unlock/stAte/Description/rEconcile/Xref]: _THAW

Enter name list of layer(s) to thaw: =0-laikinai
Enter an option [?/Make/Set/New/Rename/ON/OFF/Color/Ltype/LWeight/TRansparency/MATerial/Plot/Freeze/Thaw/LOck/Unlock/stAte/Description/rEconcile/Xref]: 

Command: 
Command: '_.-LAYER

Current layer:  "1-Liežuv\U+0117lis"
Enter an option [?/Make/Set/New/Rename/ON/OFF/Color/Ltype/LWeight/TRansparency/MATerial/Plot/Freeze/Thaw/LOck/Unlock/stAte/Description/rEconcile/Xref]: _FREEZE

Enter name list of layer(s) to freeze or <select objects>: =2-Užrašai
Enter an option [?/Make/Set/New/Rename/ON/OFF/Color/Ltype/LWeight/TRansparency/MATerial/Plot/Freeze/Thaw/LOck/Unlock/stAte/Description/rEconcile/Xref]: 

Command: 
Command: '_.-LAYER

Current layer:  "1-Liežuv\U+0117lis"
Enter an option [?/Make/Set/New/Rename/ON/OFF/Color/Ltype/LWeight/TRansparency/MATerial/Plot/Freeze/Thaw/LOck/Unlock/stAte/Description/rEconcile/Xref]: _THAW

Enter name list of layer(s) to thaw: =2-Užrašai
Enter an option [?/Make/Set/New/Rename/ON/OFF/Color/Ltype/LWeight/TRansparency/MATerial/Plot/Freeze/Thaw/LOck/Unlock/stAte/Description/rEconcile/Xref]: 

Command: 
Command: '_.-LAYER

Current layer:  "1-Liežuv\U+0117lis"
Enter an option [?/Make/Set/New/Rename/ON/OFF/Color/Ltype/LWeight/TRansparency/MATerial/Plot/Freeze/Thaw/LOck/Unlock/stAte/Description/rEconcile/Xref]: _FREEZE

Enter name list of layer(s) to freeze or <select objects>: =2-Užrašai
Enter an option [?/Make/Set/New/Rename/ON/OFF/Color/Ltype/LWeight/TRansparency/MATerial/Plot/Freeze/Thaw/LOck/Unlock/stAte/Description/rEconcile/Xref]: 

Command: 
Command: '_.-LAYER

Current layer:  "1-Liežuv\U+0117lis"
Enter an option [?/Make/Set/New/Rename/ON/OFF/Color/Ltype/LWeight/TRansparency/MATerial/Plot/Freeze/Thaw/LOck/Unlock/stAte/Description/rEconcile/Xref]: _THAW

Enter name list of layer(s) to thaw: =2-Užrašai
Enter an option [?/Make/Set/New/Rename/ON/OFF/Color/Ltype/LWeight/TRansparency/MATerial/Plot/Freeze/Thaw/LOck/Unlock/stAte/Description/rEconcile/Xref]: 

Command: 
Command: '_.-LAYER

Current layer:  "1-Liežuv\U+0117lis"
Enter an option [?/Make/Set/New/Rename/ON/OFF/Color/Ltype/LWeight/TRansparency/MATerial/Plot/Freeze/Thaw/LOck/Unlock/stAte/Description/rEconcile/Xref]: _FREEZE

Enter name list of layer(s) to freeze or <select objects>: =2-Užrašai
Enter an option [?/Make/Set/New/Rename/ON/OFF/Color/Ltype/LWeight/TRansparency/MATerial/Plot/Freeze/Thaw/LOck/Unlock/stAte/Description/rEconcile/Xref]: 

Command: 
Command: '_.-LAYER

Current layer:  "1-Liežuv\U+0117lis"
Enter an option [?/Make/Set/New/Rename/ON/OFF/Color/Ltype/LWeight/TRansparency/MATerial/Plot/Freeze/Thaw/LOck/Unlock/stAte/Description/rEconcile/Xref]: _THAW

Enter name list of layer(s) to thaw: =2-Užrašai
Enter an option [?/Make/Set/New/Rename/ON/OFF/Color/Ltype/LWeight/TRansparency/MATerial/Plot/Freeze/Thaw/LOck/Unlock/stAte/Description/rEconcile/Xref]: 

Command: 
Command: _.erase 1 found

Command: _u ERASE 
Command: 
Command: _.erase 1 found

Command: _u ERASE 
Command: '_zoom 
Specify corner of window, enter a scale factor (nX or nXP), or 
[All/Center/Dynamic/Extents/Previous/Scale/Window/Object] <real time>: 

Press ESC or ENTER to exit, or right-click to display shortcut menu.

Command: 

Press ESC or ENTER to exit, or right-click to display shortcut menu.

Command: 
Command: _.erase 1 found

Command: 
Command: _.erase 1 found

Command: 
.ERASE
1 found

Command: 
Command: '_.-LAYER

Current layer:  "1-Liežuv\U+0117lis"
Enter an option [?/Make/Set/New/Rename/ON/OFF/Color/Ltype/LWeight/TRansparency/MATerial/Plot/Freeze/Thaw/LOck/Unlock/stAte/Description/rEconcile/Xref]: _FREEZE

Enter name list of layer(s) to freeze or <select objects>: =0-laikinai
Enter an option [?/Make/Set/New/Rename/ON/OFF/Color/Ltype/LWeight/TRansparency/MATerial/Plot/Freeze/Thaw/LOck/Unlock/stAte/Description/rEconcile/Xref]: 

Command: 
Command: '_.-LAYER

Current layer:  "1-Liežuv\U+0117lis"
Enter an option [?/Make/Set/New/Rename/ON/OFF/Color/Ltype/LWeight/TRansparency/MATerial/Plot/Freeze/Thaw/LOck/Unlock/stAte/Description/rEconcile/Xref]: _FREEZE

Enter name list of layer(s) to freeze or <select objects>: =2-Užrašai
Enter an option [?/Make/Set/New/Rename/ON/OFF/Color/Ltype/LWeight/TRansparency/MATerial/Plot/Freeze/Thaw/LOck/Unlock/stAte/Description/rEconcile/Xref]: 

Command: 
Command: '_.-LAYER

Current layer:  "1-Liežuv\U+0117lis"
Enter an option [?/Make/Set/New/Rename/ON/OFF/Color/Ltype/LWeight/TRansparency/MATerial/Plot/Freeze/Thaw/LOck/Unlock/stAte/Description/rEconcile/Xref]: _THAW

Enter name list of layer(s) to thaw: =2-Užrašai
Enter an option [?/Make/Set/New/Rename/ON/OFF/Color/Ltype/LWeight/TRansparency/MATerial/Plot/Freeze/Thaw/LOck/Unlock/stAte/Description/rEconcile/Xref]: 

Command: 
Command: '_.-LAYER

Current layer:  "1-Liežuv\U+0117lis"
Enter an option [?/Make/Set/New/Rename/ON/OFF/Color/Ltype/LWeight/TRansparency/MATerial/Plot/Freeze/Thaw/LOck/Unlock/stAte/Description/rEconcile/Xref]: _FREEZE

Enter name list of layer(s) to freeze or <select objects>: =2-Užrašai
Enter an option [?/Make/Set/New/Rename/ON/OFF/Color/Ltype/LWeight/TRansparency/MATerial/Plot/Freeze/Thaw/LOck/Unlock/stAte/Description/rEconcile/Xref]: 

Command: 
Command: '_.-LAYER

Current layer:  "1-Liežuv\U+0117lis"
Enter an option [?/Make/Set/New/Rename/ON/OFF/Color/Ltype/LWeight/TRansparency/MATerial/Plot/Freeze/Thaw/LOck/Unlock/stAte/Description/rEconcile/Xref]: _THAW

Enter name list of layer(s) to thaw: =2-Užrašai
Enter an option [?/Make/Set/New/Rename/ON/OFF/Color/Ltype/LWeight/TRansparency/MATerial/Plot/Freeze/Thaw/LOck/Unlock/stAte/Description/rEconcile/Xref]: 

Command: _.erase 1 found

Command:  Regenerating model.

Command:  
Specify corner of window, enter a scale factor (nX or nXP), or 
[All/Center/Dynamic/Extents/Previous/Scale/Window/Object] <real time>: 

Command: _u 'ZOOM GROUP 
Command: _u '.VIEWCUBEACTION Regenerating model.

Command: 
Command: _u ERASE 
Command: 
Command: 
Command: _mredo 
Enter number of actions or [All/Last]: 1 ERASE 
Everything has been redone

Command:  Regenerating model.

Command:  
Specify corner of window, enter a scale factor (nX or nXP), or 
[All/Center/Dynamic/Extents/Previous/Scale/Window/Object] <real time>: 

Command: Specify opposite corner or [Fence/WPolygon/CPolygon]: 
Command: JOIN
8 found

8 objects converted to 1 spline
Command: 
Command: *Cancel*

Command:  Regenerating model.

Command:  
Specify corner of window, enter a scale factor (nX or nXP), or 
[All/Center/Dynamic/Extents/Previous/Scale/Window/Object] <real time>: 

Command: 
Command: 
Command: 
Command: _extrude 
Current wire frame density:  ISOLINES=4, Closed profiles creation mode = Solid
1 found
_MO Closed profiles creation mode [SOlid/SUrface] <Solid>: _SO

Specify height of extrusion or [Direction/Path/Taper angle/Expression] <0.0500>: 1


Command: 
EXTRUDE

Current wire frame density:  ISOLINES=4, Closed profiles creation mode = Solid

Select objects to extrude or [MOde]: _u All selections have been undone.

Select objects to extrude or [MOde]: _u All selections have been undone.

Select objects to extrude or [MOde]: _u All selections have been undone.

Select objects to extrude or [MOde]: *Cancel*

Command: _u EXTRUDE 
Command: _u EXTRUDE GROUP 
Command: 
Command: 
Command: 
Command: _extrude 
Current wire frame density:  ISOLINES=4, Closed profiles creation mode = Solid
1 found
_MO Closed profiles creation mode [SOlid/SUrface] <Solid>: _SO

Specify height of extrusion or [Direction/Path/Taper angle/Expression] <-1.0000>: 1


Command: *Cancel*

Command: 
Command: 
Command: _subtract Select solids, surfaces, and regions to subtract from ..

Select objects: 1 found

Select objects: 
Select solids, surfaces, and regions to subtract ..
Select objects: 1 found

Select objects: 


Command: *Cancel*

Command: *Cancel*

Command: _vscurrent 
Enter an option [2dwireframe/Wireframe/Hidden/Realistic/Conceptual/Shaded/shaded with Edges/shades of Gray/SKetchy/X-ray/Other] <2dwireframe>: _r 
Command: '_zoom 
Specify corner of window, enter a scale factor (nX or nXP), or 
[All/Center/Dynamic/Extents/Previous/Scale/Window/Object] <real time>: 

Command:  Press ESC or ENTER to exit, or right-click to display shortcut-menu.

Command: '_pan 
Command:  
Enter new value for NAVSWHEELMODE <4>:  
Command: 
Right-click to display the shortcut menu. Press ESC or ENTER to exit.

Command: '_navswheel Right-click to display the shortcut menu. Press ESC or ENTER to exit.

Command: 
Command: 
Command: _union 
Select objects: *Cancel*

Command: 
Command: _union 
Select objects: 1 found

Select objects: 1 found, 2 total

Select objects: 1 found, 3 total

Select objects: 


Command: _u UNION GROUP 
Command: 
Command: 
Command: _mredo 
Enter number of actions or [All/Last]: 1 GROUP UNION 
Everything has been redone

Command: _u UNION GROUP 
Command: 
Command: 
Command: _mredo 
Enter number of actions or [All/Last]: 1 GROUP UNION 
Everything has been redone

Command: _u UNION GROUP 
Command: 
Command: 
Command: _mredo 
Enter number of actions or [All/Last]: 1 GROUP UNION 
Everything has been redone

Command: _u UNION GROUP 
Command: _u GROUP UNION 
Command: _u SteeringWheels GROUP 
Command: _u 'NAVSWHEEL GROUP 'NAVSWHEELMODE 
Command: _u Pan GROUP 
Command: _u '.3DZOOM2 
Command: _u Zoom GROUP 
Command: _u VSCURRENT Regenerating model.

Command: _u SUBTRACT GROUP 
Command: _u EXTRUDE GROUP 
Command: 
Command: 
Command: _mredo 
Enter number of actions or [All/Last]: 1 GROUP EXTRUDE 
Command: 
Command: 
Command: _mredo 
Enter number of actions or [All/Last]: 1 GROUP SUBTRACT 
Command: 
Command: 
Command: _mredo 
Enter number of actions or [All/Last]: 1 VSCURRENT 
Command: _u VSCURRENT Regenerating model.

Command: _u SUBTRACT GROUP 
Command: 
Automatic save to C:\Users\saukrs\AppData\Local\Temp\LD1_1_17578_ea2d2973.sv$ ...

Command: 
Command: *Cancel*

Command: *Cancel*

Command: _vscurrent 
Enter an option [2dwireframe/Wireframe/Hidden/Realistic/Conceptual/Shaded/shaded with Edges/shades of Gray/SKetchy/X-ray/Other] <2dwireframe>: _s 
Command: *Cancel*

Command: *Cancel*

Command: _vscurrent 
Enter an option [2dwireframe/Wireframe/Hidden/Realistic/Conceptual/Shaded/shaded with Edges/shades of Gray/SKetchy/X-ray/Other] <Shaded>: _c 
Command: *Cancel*

Command: *Cancel*

Command: _vscurrent 
Enter an option [2dwireframe/Wireframe/Hidden/Realistic/Conceptual/Shaded/shaded with Edges/shades of Gray/SKetchy/X-ray/Other] <Conceptual>: _r 
Command: *Cancel*

Command: *Cancel*

Command: _vscurrent 
Enter an option [2dwireframe/Wireframe/Hidden/Realistic/Conceptual/Shaded/shaded with Edges/shades of Gray/SKetchy/X-ray/Other] <Realistic>: _h 
Command: *Cancel*

Command: *Cancel*

Command: _vscurrent 
Enter an option [2dwireframe/Wireframe/Hidden/Realistic/Conceptual/Shaded/shaded with Edges/shades of Gray/SKetchy/X-ray/Other] <Hidden>: _w 
Command: *Cancel*

Command: *Cancel*

Command: _vscurrent 
Enter an option [2dwireframe/Wireframe/Hidden/Realistic/Conceptual/Shaded/shaded with Edges/shades of Gray/SKetchy/X-ray/Other] <Wireframe>: _x 
Command: Specify opposite corner or [Fence/WPolygon/CPolygon]: *Cancel*

Command: COPY

Select objects: 1 found

Select objects: 

Current settings:  Copy mode = Multiple
Specify base point or [Displacement/mOde] <Displacement>: MID
of 
Specify second point or [Array] <use first point as displacement>: 10

Specify second point or [Array/Exit/Undo] <Exit>: *Cancel*

Command: 
Command: 
Command: _subtract Select solids, surfaces, and regions to subtract from ..

Select objects: 1 found

Select objects: 1 found, 2 total

Select objects: 
Select solids, surfaces, and regions to subtract ..
Select objects: 

Command: *Cancel*

Command: *Cancel*

Command: *Cancel*

Command: _vscurrent 
Enter an option [2dwireframe/Wireframe/Hidden/Realistic/Conceptual/Shaded/shaded with Edges/shades of Gray/SKetchy/X-ray/Other] <X-Ray>: _r 
Command: _u VSCURRENT 
Command: 
Command: 
Command: _subtract Select solids, surfaces, and regions to subtract from ..

Select objects: 1 found

Select objects: 
Select solids, surfaces, and regions to subtract ..
Select objects: 1 found

Select objects: 


Command: *Cancel*

Command: *Cancel*

Command: _vscurrent 
Enter an option [2dwireframe/Wireframe/Hidden/Realistic/Conceptual/Shaded/shaded with Edges/shades of Gray/SKetchy/X-ray/Other] <X-Ray>: _r 
Command: *Cancel*

Command: *Cancel*

Command: _vscurrent 
Enter an option [2dwireframe/Wireframe/Hidden/Realistic/Conceptual/Shaded/shaded with Edges/shades of Gray/SKetchy/X-ray/Other] <Realistic>: _h 
Command: 
Command: 
Command: _extrude 
Current wire frame density:  ISOLINES=4, Closed profiles creation mode = Solid

Select objects to extrude or [MOde]: _MO Closed profiles creation mode [SOlid/SUrface] <Solid>: _SO

Select objects to extrude or [MOde]: 1 found

Select objects to extrude or [MOde]: 

Cannot sweep or extrude an object of this type.
1 object removed from selection set.

Select objects to extrude or [MOde]: 1 found

Select objects to extrude or [MOde]: *Cancel*
*Cancel*

Command: _presspull 
Select object or bounded area:Select solids, surfaces, and regions to subtract from ..
Subtracting inner regions...

Specify extrusion height or [Multiple]:
Specify extrusion height or [Multiple]:*Cancel*

1 extrusion(s) created
Select object or bounded area:Select solids, surfaces, and regions to subtract from ..
No solids, surfaces, or regions selected.

Specify extrusion height or [Multiple]:
0 extrusion(s) created
Select object or bounded area:

Command: _u PRESSPULL GROUP 
Command: 
Command: 
Command: _presspull 
Select object or bounded area:

Command: _u PRESSPULL GROUP 
Command: 
Command: 
Command: _mredo 
Enter number of actions or [All/Last]: 1 GROUP PRESSPULL 
Everything has been redone

Command: *Cancel*

Command: 
Command: 
Command: _mredo 
Enter number of actions or [All/Last]: 1 Nothing to redo

Command: _u PRESSPULL GROUP 
Command: _u EXTRUDE GROUP 
Command: _u VSCURRENT 
Command: 
Command: 
Command: _mredo 
Enter number of actions or [All/Last]: 1 VSCURRENT 
Command: _u VSCURRENT 
Command: _u VSCURRENT 
Command: 
Command: 
Command: _mredo 
Enter number of actions or [All/Last]: 1 VSCURRENT 
Command: _u VSCURRENT 
Command: _u SUBTRACT GROUP 
Command: 
Command: 
Command: _mredo 
Enter number of actions or [All/Last]: 1 GROUP SUBTRACT 
Command: 
Command: 
Command: _mredo 
Enter number of actions or [All/Last]: 1 VSCURRENT 
Command: 
Command: 
Command: _mredo 
Enter number of actions or [All/Last]: 1 VSCURRENT 
Command: 
Command: 
Command: _mredo 
Enter number of actions or [All/Last]: 1 GROUP EXTRUDE 
Command: 
Command: 
Command: _mredo 
Enter number of actions or [All/Last]: 1 GROUP PRESSPULL 
Everything has been redone

Command: 
Command: 
Command: _mredo 
Enter number of actions or [All/Last]: 1 Nothing to redo

Command: 
Command: 
Command: _mredo 
Enter number of actions or [All/Last]: 1 Nothing to redo

Command: _u PRESSPULL GROUP 
Command: _u EXTRUDE GROUP 
Command: _u VSCURRENT 
Command: 
Command: 
Command: _mredo 
Enter number of actions or [All/Last]: 1 VSCURRENT 
Command: 
Command: 
Command: _convtosurface Mesh conversion set to: Smooth and optimized.

Select objects: _u All selections have been undone.

Select objects: _u All selections have been undone.

Select objects: _u All selections have been undone.

Select objects: _u All selections have been undone.

Select objects: _u All selections have been undone.

Select objects: _u All selections have been undone.

Select objects: *Cancel*

Command: _u CONVTOSURFACE 
Command: _u GROUP 
Command: _u VSCURRENT 
Command: 
Command: 
Command: _mredo 
Enter number of actions or [All/Last]: 1 VSCURRENT 
Command: 
Command: 
Command: _convtosurface Mesh conversion set to: Smooth and optimized.
1 found

Command: *Cancel*

Command: _u CONVTOSURFACE GROUP 
Command: _u VSCURRENT 
Command: 
Command: 
Command: _mredo 
Enter number of actions or [All/Last]: 1 VSCURRENT 
Command: MOVE

Select objects: 1 found

Select objects: 

Specify base point or [Displacement] <Displacement>: MID
of 
Specify second point or <use first point as displacement>: 25

Command: 

Command: *Cancel*

Command: *Cancel*

Command: _vscurrent 
Enter an option [2dwireframe/Wireframe/Hidden/Realistic/Conceptual/Shaded/shaded with Edges/shades of Gray/SKetchy/X-ray/Other] <Hidden>: _r 
Command: *Cancel*

Command: *Cancel*

Command: _vscurrent 
Enter an option [2dwireframe/Wireframe/Hidden/Realistic/Conceptual/Shaded/shaded with Edges/shades of Gray/SKetchy/X-ray/Other] <Realistic>: _c 
Command: Specify opposite corner or [Fence/WPolygon/CPolygon]: FILLETEDGE

Radius = 1.2000
Select an edge or [Chain/Loop/Radius]: 
Select an edge or [Chain/Loop/Radius]: R

Enter fillet radius or [Expression] <1.2000>: 0.25

Select an edge or [Chain/Loop/Radius]: *Cancel*

1 edge(s) selected for fillet.

No fillet to be computed.

Command: 
Command: 
Command: _MESHOPTIONS 
Command: *Cancel*

Command: *Cancel*

Command: _vscurrent 
Enter an option [2dwireframe/Wireframe/Hidden/Realistic/Conceptual/Shaded/shaded with Edges/shades of Gray/SKetchy/X-ray/Other] <Conceptual>: _r 
Command: 
Command: 
Automatic save to C:\Users\saukrs\AppData\Local\Temp\LD1_1_17578_ea2d2973.sv$ ...

Command: 
Command: *Cancel*

Command: *Cancel*

Command: 
Command: 
Command: _mredo 
Enter number of actions or [All/Last]: 1 Nothing to redo

Command: _u INTELLIZOOM INTELLIZOOM 
Command: _u VSCURRENT 
Command: _u GROUP MESHOPTIONS 
Command: _u INTELLIZOOM 
Command: _u FILLETEDGE 
Command: 
Command: 
Command: _mredo 
Enter number of actions or [All/Last]: 1 FILLETEDGE 
Command: 
Command: 
Command: _mredo 
Enter number of actions or [All/Last]: 1 INTELLIZOOM 
Command: _u INTELLIZOOM 
Command: 
Command: 
Command: _mredo 
Enter number of actions or [All/Last]: 1 INTELLIZOOM 
Command: _u INTELLIZOOM 
Command: _u FILLETEDGE 
Command: _u VSCURRENT 
Command: 
Command: 
Command: _mredo 
Enter number of actions or [All/Last]: 1 VSCURRENT 
Command: _u VSCURRENT 
Command: 
Command: 
Command: _mredo 
Enter number of actions or [All/Last]: 1 VSCURRENT 
Command: _u VSCURRENT 
Command: FILLETEDGE

Radius = 1.2000
Select an edge or [Chain/Loop/Radius]: 
Select an edge or [Chain/Loop/Radius]: R

Enter fillet radius or [Expression] <1.2000>: 0.3

Select an edge or [Chain/Loop/Radius]: 

1 edge(s) selected for fillet.

Press Enter to accept the fillet or [Radius]:MOVE

Invalid option keyword.

Press Enter to accept the fillet or [Radius]:*Cancel*

Command: FILLETEDGE

Radius = 1.2000
Select an edge or [Chain/Loop/Radius]: 
Select an edge or [Chain/Loop/Radius]: r

Enter fillet radius or [Expression] <1.2000>: 0.25

Select an edge or [Chain/Loop/Radius]: 

1 edge(s) selected for fillet.

Press Enter to accept the fillet or [Radius]:

Command: MOVE

Select objects: 1 found

Select objects: 

Specify base point or [Displacement] <Displacement>: MID
of 
Specify second point or <use first point as displacement>:  <Snap on> *Cancel*

Command:  
Command:  
Specify corner of window, enter a scale factor (nX or nXP), or 
[All/Center/Dynamic/Extents/Previous/Scale/Window/Object] <real time>: 

Command: _u 'ZOOM GROUP 
Command: _u '.VIEWCUBEACTION 
Command:  
Command:  
Specify corner of window, enter a scale factor (nX or nXP), or 
[All/Center/Dynamic/Extents/Previous/Scale/Window/Object] <real time>: 

Command:  
Command: _u '.VIEWCUBEACTION 
Command: _u 'ZOOM GROUP 
Command: _u '.VIEWCUBEACTION 
Command: _u MOVE 
Command: _u FILLETEDGE 
Command: _u FILLETEDGE 
Command: _u VSCURRENT 
Command: _u 'PAN GROUP 
Command: _u INTELLIZOOM 
Command: _u MOVE 
Command: _u VSCURRENT 
Command:  
Command: _u '.VIEWCUBEACTION 
Command: _u VSCURRENT 
Command: _u SUBTRACT GROUP 
Command: _u SUBTRACT GROUP 
Command: _u COPY 
Command: _u VSCURRENT 
Command:  
Command: _u '.VIEWCUBEACTION 
Command: 
Command: 
Command: _mredo 
Enter number of actions or [All/Last]: 1 '.VIEWCUBEACTION 
Everything has been redone

Command: 
Command: 
Command: _mredo 
Enter number of actions or [All/Last]: 1 Nothing to redo

Command: 
Command: 
Command: _mredo 
Enter number of actions or [All/Last]: 1 Nothing to redo

Command: 
Command: 
Command: _mredo 
Enter number of actions or [All/Last]: 1 Nothing to redo

Command: 
Command: 
Command: _mredo 
Enter number of actions or [All/Last]: 1 Nothing to redo

Command: 
Command: 
Command: _mredo 
Enter number of actions or [All/Last]: 1 Nothing to redo

Command: 
Command: 
Command: _mredo 
Enter number of actions or [All/Last]: 1 Nothing to redo

Command: 
Command: 
Command: _mredo 
Enter number of actions or [All/Last]: 1 Nothing to redo

Command: 
Command: 
Command: 

Current ucs name:  *NO NAME*
Specify origin of UCS or [Face/NAmed/OBject/Previous/View/World/X/Y/Z/ZAxis] <World>: 

Enter an option [Restore/Save/Delete/?]: 

Enter name of UCS to restore or [?]: 

Command:  
Command:  
Command:  Specify corner of window, enter a scale factor (nX or nXP), or [All/Extents/Window/Previous/Object] <real time>: 

Command: 
Command: *Cancel*

Command: 
Command: 
Command: 

Current ucs name:  Liežuv\U+0117lio veidas
Specify origin of UCS or [Face/NAmed/OBject/Previous/View/World/X/Y/Z/ZAxis] <World>: 

Command: 
Command: *Cancel*

Command: 
Command: '_.-LAYER

Current layer:  "2-Užrašai"
Enter an option [?/Make/Set/New/Rename/ON/OFF/Color/Ltype/LWeight/TRansparency/MATerial/Plot/Freeze/Thaw/LOck/Unlock/stAte/Description/rEconcile/Xref]: _FREEZE

Enter name list of layer(s) to freeze or <select objects>: =1-Liežuv\U+0117lis
Enter an option [?/Make/Set/New/Rename/ON/OFF/Color/Ltype/LWeight/TRansparency/MATerial/Plot/Freeze/Thaw/LOck/Unlock/stAte/Description/rEconcile/Xref]: 

Command: 
Command: '_.-LAYER

Current layer:  "2-Užrašai"
Enter an option [?/Make/Set/New/Rename/ON/OFF/Color/Ltype/LWeight/TRansparency/MATerial/Plot/Freeze/Thaw/LOck/Unlock/stAte/Description/rEconcile/Xref]: _THAW

Enter name list of layer(s) to thaw: =1-Liežuv\U+0117lis
Enter an option [?/Make/Set/New/Rename/ON/OFF/Color/Ltype/LWeight/TRansparency/MATerial/Plot/Freeze/Thaw/LOck/Unlock/stAte/Description/rEconcile/Xref]: 

Command: _u '.-LAYER '.-LAYER 
Command: _u UCS GROUP 
Command: _u 'ZOOM GROUP 
Command: _u '.VIEWCUBEACTION 
Command: _u '.VIEWCUBEACTION 
Command: _u UCS GROUP 
Command: _u '.VIEWCUBEACTION 
Command: _u VSCURRENT 
Command: 
Command: 
Command: _mredo 
Enter number of actions or [All/Last]: 1 VSCURRENT 
Command: _u VSCURRENT 
Command: 
Command: 
Command: _mredo 
Enter number of actions or [All/Last]: 1 VSCURRENT 
Command: _u VSCURRENT 
Command: 
Command: 
Command: _mredo 
Enter number of actions or [All/Last]: 1 VSCURRENT 
Command: _u VSCURRENT 
Command: 
Command: 
Command: _mredo 
Enter number of actions or [All/Last]: 1 VSCURRENT 
Command: _u VSCURRENT 
Command: _u VSCURRENT 
Command: 
Command: 
Command: _mredo 
Enter number of actions or [All/Last]: 1 VSCURRENT 
Command: _u VSCURRENT 
Command: _u VSCURRENT 
Command: _u VSCURRENT 
Command: _u VSCURRENT Regenerating model.

Command: _u EXTRUDE GROUP 
Command: 
Command: 
Command: _mredo 
Enter number of actions or [All/Last]: 1 GROUP EXTRUDE 
Command: _u EXTRUDE GROUP 
Command: 
Command: 
Command: _mredo 
Enter number of actions or [All/Last]: 1 GROUP EXTRUDE 
Command: 
Command: 
Command: _mredo 
Enter number of actions or [All/Last]: 1 VSCURRENT 
Command: 
Command: 
Command: _mredo 
Enter number of actions or [All/Last]: 1 VSCURRENT 
Command: 
Command: 
Command: _mredo 
Enter number of actions or [All/Last]: 1 VSCURRENT 
Command: 
Command: 
Command: _mredo 
Enter number of actions or [All/Last]: 1 VSCURRENT 
Command: 
Command: 
Command: _mredo 
Enter number of actions or [All/Last]: 1 VSCURRENT 
Command: 
Command: 
Command: _mredo 
Enter number of actions or [All/Last]: 1 '.VIEWCUBEACTION 
Command: 
Command: 
Command: _mredo 
Enter number of actions or [All/Last]: 1 GROUP UCS 
Command: 
Command: 
Command: _mredo 
Enter number of actions or [All/Last]: 1 '.VIEWCUBEACTION 
Command: 
Command: 
Command: _mredo 
Enter number of actions or [All/Last]: 1 '.VIEWCUBEACTION 
Command: 
Command: 
Command: _mredo 
Enter number of actions or [All/Last]: 1 GROUP 'ZOOM 
Command: 
Command: 
Command: _mredo 
Enter number of actions or [All/Last]: 1 GROUP UCS 
Command: 
Command: 
Command: _mredo 
Enter number of actions or [All/Last]: 1 '.-LAYER '.-LAYER 
Everything has been redone

Command: 
Command: 
Command: _mredo 
Enter number of actions or [All/Last]: 1 Nothing to redo

Command: 
Command: 
Command: 
Command: _subtract Select solids, surfaces, and regions to subtract from ..

Select objects: *Cancel*

Command: *Cancel*

Command: 
Command: 
Command: 
Command: _subtract Select solids, surfaces, and regions to subtract from ..

Select objects: 1 found

Select objects: 
Select solids, surfaces, and regions to subtract ..
Select objects: 1 found

Select objects: 


Command: 
SUBTRACT
Select solids, surfaces, and regions to subtract from ..

Select objects: *Cancel*

Command: *Cancel*

Command: *Cancel*

Command: _vscurrent 
Enter an option [2dwireframe/Wireframe/Hidden/Realistic/Conceptual/Shaded/shaded with Edges/shades of Gray/SKetchy/X-ray/Other] <Wireframe>: _c 
Command: _u VSCURRENT 
Command: _u SUBTRACT 
Command: _u SUBTRACT GROUP 
Command: _u GROUP SUBTRACT 
Command: _u '.-LAYER '.-LAYER 
Command: _u UCS GROUP 
Command: _u 'ZOOM GROUP 
Command: 
Command: 
Command: _mredo 
Enter number of actions or [All/Last]: 1 GROUP 'ZOOM 
Command: _u 'ZOOM GROUP 
Command: _u '.VIEWCUBEACTION 
Command: 
Command: 
Command: _mredo 
Enter number of actions or [All/Last]: 1 '.VIEWCUBEACTION 
Command: 
Command: 
Command: _mredo 
Enter number of actions or [All/Last]: 1 GROUP 'ZOOM 
Command: 
Command: 
Command: _mredo 
Enter number of actions or [All/Last]: 1 GROUP UCS 
Command: _u UCS GROUP 
Command: 
Command: 
Command: _mredo 
Enter number of actions or [All/Last]: 1 GROUP UCS 
Command: 
Command: 
Command: _mredo 
Enter number of actions or [All/Last]: 1 '.-LAYER '.-LAYER 
Command: 
Command: 
Command: _mredo 
Enter number of actions or [All/Last]: 1 GROUP SUBTRACT 
Command: 
Command: 
Command: _mredo 
Enter number of actions or [All/Last]: 1 GROUP SUBTRACT 
Command: _u SUBTRACT GROUP 
Command: 
Command: 
Command: _mredo 
Enter number of actions or [All/Last]: 1 GROUP SUBTRACT 
Command: _u SUBTRACT GROUP 
Command: COPY

Select objects: 1 found

Select objects: MID
of 1 found (1 duplicate), 1 total

Select objects: 

Current settings:  Copy mode = Multiple
Specify base point or [Displacement/mOde] <Displacement>: MID
of 
Specify second point or [Array] <use first point as displacement>: 25

Specify second point or [Array/Exit/Undo] <Exit>: 

Command: 
Command: 
Command: 
Command: _subtract Select solids, surfaces, and regions to subtract from ..

Select objects: 1 found

Select objects: 
Select solids, surfaces, and regions to subtract ..
Select objects: 1 found

Select objects: 


Command: 
SUBTRACT
Select solids, surfaces, and regions to subtract from ..

Select objects: *Cancel*

Command: *Cancel*

Command: *Cancel*

Command: _vscurrent 
Enter an option [2dwireframe/Wireframe/Hidden/Realistic/Conceptual/Shaded/shaded with Edges/shades of Gray/SKetchy/X-ray/Other] <Wireframe>: _c 
Command: FILLETEDGE

Radius = 1.2000
Select an edge or [Chain/Loop/Radius]: 
Select an edge or [Chain/Loop/Radius]: r

Enter fillet radius or [Expression] <1.2000>: 0.25

Select an edge or [Chain/Loop/Radius]: 

1 edge(s) selected for fillet.

Press Enter to accept the fillet or [Radius]:

Command: MOVE

Select objects: 1 found

Select objects: 

Specify base point or [Displacement] <Displacement>: MID
of 
Specify second point or <use first point as displacement>: 25

Command: *Cancel*

Command: *Cancel*

Command: _vscurrent 
Enter an option [2dwireframe/Wireframe/Hidden/Realistic/Conceptual/Shaded/shaded with Edges/shades of Gray/SKetchy/X-ray/Other] <Conceptual>: _r 
Command: '_pan 
Command:  
Command:  
Command:  
Command:  Specify corner of window, enter a scale factor (nX or nXP), or [All/Extents/Window/Previous/Object] <real time>: 

Command: 
Command: 
Command: _union 
Select objects: *Cancel*

Command: 
Command: _union 
Select objects: *Cancel*

Command: 
Command: _union 
Select objects: 1 found

Select objects: 1 found, 2 total

Select objects: 


Command: 
Automatic save to C:\Users\saukrs\AppData\Local\Temp\LD1_1_17578_ea2d2973.sv$ ...

Command: 
Command: '_perspective 
Enter new value for PERSPECTIVE <1>: 0 
Command: Specify opposite corner or [Fence/WPolygon/CPolygon]: *Cancel*

Command:  
Specify corner of window, enter a scale factor (nX or nXP), or 
[All/Center/Dynamic/Extents/Previous/Scale/Window/Object] <real time>: 

Command: 
Command: 
Command: _RENDER 
Command: *Cancel*

Command: *Cancel*

Command: _close 
Command: 
