[ AutoCAD - Fri Dec 17 01:44:01 2021  ]----------------------------------------

Opening an AutoCAD 2018 format file.
Regenerating model.


AutoCAD menu utilities loaded.*Cancel*

Command: 

Autodesk DWG.  This file is a TrustedDWG last saved by an Autodesk application or Autodesk licensed application.

Command: 

Command: 
Command: 

Command: 
Command: 
Command: '_.-LAYER

Current layer:  "1-Liežuv\U+0117lis"
Enter an option [?/Make/Set/New/Rename/ON/OFF/Color/Ltype/LWeight/TRansparency/MATerial/Plot/Freeze/Thaw/LOck/Unlock/stAte/Description/rEconcile/Xref]: _FREEZE

Enter name list of layer(s) to freeze or <select objects>: =0
Enter an option [?/Make/Set/New/Rename/ON/OFF/Color/Ltype/LWeight/TRansparency/MATerial/Plot/Freeze/Thaw/LOck/Unlock/stAte/Description/rEconcile/Xref]: 

Command:  
Specify corner of window, enter a scale factor (nX or nXP), or 
[All/Center/Dynamic/Extents/Previous/Scale/Window/Object] <real time>: 

Command:  Regenerating model.

Command:  
Specify corner of window, enter a scale factor (nX or nXP), or 
[All/Center/Dynamic/Extents/Previous/Scale/Window/Object] <real time>: 

Command: *Cancel*

Command: *Cancel*

Command: *Cancel*

Command: _vscurrent 
Enter an option [2dwireframe/Wireframe/Hidden/Realistic/Conceptual/Shaded/shaded with Edges/shades of Gray/SKetchy/X-ray/Other] <2dwireframe>: _r 
Command:  
Enter new value for NAVSWHEELMODE <4>:  
Command: 
Right-click to display the shortcut menu. Press ESC or ENTER to exit.

Command: 
Command: 
Command: _RENDER 
Command: 
Command: 
Command: _RENDER 
Command: 
Command: 
Command: _RENDER 
Command: 
Command: 
Command: _RENDER 
Command:  
Enter new value for NAVSWHEELMODE <4>:  
Command: 
Right-click to display the shortcut menu. Press ESC or ENTER to exit.

Command: 
Command: 
Command: _RENDER 
Command:  
Enter new value for NAVSWHEELMODE <4>:  
Command: 
Right-click to display the shortcut menu. Press ESC or ENTER to exit.

Command: _u 'NAVSWHEEL GROUP 'NAVSWHEELMODE RENDER 
Command: 
Command: 
Command: _mredo 
Enter number of actions or [All/Last]: 1 GROUP RENDER 'NAVSWHEELMODE 'NAVSWHEEL 
Everything has been redone

Command:  
Enter new value for NAVSWHEELMODE <4>:  
Command: 
Right-click to display the shortcut menu. Press ESC or ENTER to exit.

Command:  
Enter new value for NAVSWHEELMODE <4>:  
Command: 
Right-click to display the shortcut menu. Press ESC or ENTER to exit.

Command: 
Command: 
Command: _qsave 
Command: 
Command: 
Command: _RENDER 
Command: 
Command: '_.-LAYER

Current layer:  "1-Liežuv\U+0117lis"
Enter an option [?/Make/Set/New/Rename/ON/OFF/Color/Ltype/LWeight/TRansparency/MATerial/Plot/Freeze/Thaw/LOck/Unlock/stAte/Description/rEconcile/Xref]: _THAW

Enter name list of layer(s) to thaw: =0
Enter an option [?/Make/Set/New/Rename/ON/OFF/Color/Ltype/LWeight/TRansparency/MATerial/Plot/Freeze/Thaw/LOck/Unlock/stAte/Description/rEconcile/Xref]: 

Command: 
Command: 
Command: _RENDER 
Command: 
Command: 
Command: _camera 
Current camera settings: Height=0.0000 Lens Length=50.0000 mm
Specify camera location: 
Specify target location: 
Enter an option [?/Name/LOcation/Height/Target/LEns/Clipping/View/eXit]<eXit>: 

Command:  
Command: 
Command: 
Command: _RENDER 
Command: _u RENDER GROUP 
Command: _u '.VIEWCUBEACTION 
Command: _u CAMERA GROUP 
Command:  
Command:  
Command: 
Command: 
Command: _RENDER 
Command: _u RENDER GROUP 
Command: _u '.VIEWCUBEACTION 
Command: _u '.VIEWCUBEACTION 
Command: 
Command: 
Command:  
Command: 






Command: 
Command: 
Command: _RENDER 
Command:  
Enter new value for NAVSWHEELMODE <4>:  
Command: 
Right-click to display the shortcut menu. Press ESC or ENTER to exit.

Command: 
Command: 
Command: _RENDER 
Command: 
Command: 
Command:  
Command: 
Command: '_.-LAYER

Current layer:  "1-Liežuv\U+0117lis"
Enter an option [?/Make/Set/New/Rename/ON/OFF/Color/Ltype/LWeight/TRansparency/MATerial/Plot/Freeze/Thaw/LOck/Unlock/stAte/Description/rEconcile/Xref]: _FREEZE

Enter name list of layer(s) to freeze or <select objects>: =0
Enter an option [?/Make/Set/New/Rename/ON/OFF/Color/Ltype/LWeight/TRansparency/MATerial/Plot/Freeze/Thaw/LOck/Unlock/stAte/Description/rEconcile/Xref]: 

Command: 
Command: '_.-LAYER

Current layer:  "0-laikinai"
Enter an option [?/Make/Set/New/Rename/ON/OFF/Color/Ltype/LWeight/TRansparency/MATerial/Plot/Freeze/Thaw/LOck/Unlock/stAte/Description/rEconcile/Xref]: _FREEZE

Enter name list of layer(s) to freeze or <select objects>: =1-Liežuv\U+0117lis
Enter an option [?/Make/Set/New/Rename/ON/OFF/Color/Ltype/LWeight/TRansparency/MATerial/Plot/Freeze/Thaw/LOck/Unlock/stAte/Description/rEconcile/Xref]: 

Command: 
Command: 
Command: _RENDER 
Command: _u RENDER GROUP 
Command: _u '.-LAYER 
Command:  
Command:  
Specify corner of window, enter a scale factor (nX or nXP), or 
[All/Center/Dynamic/Extents/Previous/Scale/Window/Object] <real time>: 

Command: 
Command: 
Command: 


Command: 
Command:  
Command: 
Command: _u DROPGEOM GROUP 
Command: _u 'ZOOM GROUP 
Command: 
Command: 
Command: _mredo 
Enter number of actions or [All/Last]: 1 GROUP 'ZOOM 
Command: 
Command: '_.-LAYER

Current layer:  "0-laikinai"
Enter an option [?/Make/Set/New/Rename/ON/OFF/Color/Ltype/LWeight/TRansparency/MATerial/Plot/Freeze/Thaw/LOck/Unlock/stAte/Description/rEconcile/Xref]: _THAW

Enter name list of layer(s) to thaw: =0
Enter an option [?/Make/Set/New/Rename/ON/OFF/Color/Ltype/LWeight/TRansparency/MATerial/Plot/Freeze/Thaw/LOck/Unlock/stAte/Description/rEconcile/Xref]: 

Command: 
Command: '_.-LAYER

Current layer:  "0-laikinai"
Enter an option [?/Make/Set/New/Rename/ON/OFF/Color/Ltype/LWeight/TRansparency/MATerial/Plot/Freeze/Thaw/LOck/Unlock/stAte/Description/rEconcile/Xref]: _FREEZE

Enter name list of layer(s) to freeze or <select objects>: =0
Enter an option [?/Make/Set/New/Rename/ON/OFF/Color/Ltype/LWeight/TRansparency/MATerial/Plot/Freeze/Thaw/LOck/Unlock/stAte/Description/rEconcile/Xref]: 

Command: 
Command: '_.-LAYER

Current layer:  "0-laikinai"
Enter an option [?/Make/Set/New/Rename/ON/OFF/Color/Ltype/LWeight/TRansparency/MATerial/Plot/Freeze/Thaw/LOck/Unlock/stAte/Description/rEconcile/Xref]: _FREEZE

Enter name list of layer(s) to freeze or <select objects>: =1-Liežuv\U+0117lis
Enter an option [?/Make/Set/New/Rename/ON/OFF/Color/Ltype/LWeight/TRansparency/MATerial/Plot/Freeze/Thaw/LOck/Unlock/stAte/Description/rEconcile/Xref]: 

Command: 
Command: '_.-LAYER

Current layer:  "0-laikinai"
Enter an option [?/Make/Set/New/Rename/ON/OFF/Color/Ltype/LWeight/TRansparency/MATerial/Plot/Freeze/Thaw/LOck/Unlock/stAte/Description/rEconcile/Xref]: _THAW

Enter name list of layer(s) to thaw: =1-Liežuv\U+0117lis
Enter an option [?/Make/Set/New/Rename/ON/OFF/Color/Ltype/LWeight/TRansparency/MATerial/Plot/Freeze/Thaw/LOck/Unlock/stAte/Description/rEconcile/Xref]: 

Command: Specify opposite corner or [Fence/WPolygon/CPolygon]: *Cancel*
Specify opposite corner or [Fence/WPolygon/CPolygon]: *Cancel*

Command:  
Command:  Specify corner of window, enter a scale factor (nX or nXP), or [All/Extents/Window/Previous/Object] <real time>: 

Command:  
Command:  Specify corner of window, enter a scale factor (nX or nXP), or [All/Extents/Window/Previous/Object] <real time>: 

Command: 
Command: '_.-LAYER

Current layer:  "0-laikinai"
Enter an option [?/Make/Set/New/Rename/ON/OFF/Color/Ltype/LWeight/TRansparency/MATerial/Plot/Freeze/Thaw/LOck/Unlock/stAte/Description/rEconcile/Xref]: _FREEZE

Enter name list of layer(s) to freeze or <select objects>: =1-Liežuv\U+0117lis
Enter an option [?/Make/Set/New/Rename/ON/OFF/Color/Ltype/LWeight/TRansparency/MATerial/Plot/Freeze/Thaw/LOck/Unlock/stAte/Description/rEconcile/Xref]: 

Command: *Cancel*

Command: *Cancel*

Command: _vscurrent 
Enter an option [2dwireframe/Wireframe/Hidden/Realistic/Conceptual/Shaded/shaded with Edges/shades of Gray/SKetchy/X-ray/Other] <Realistic>: _2d Regenerating model.

Window Lasso  Press Spacebar to cycle options
Command: Specify opposite corner or [Fence/WPolygon/CPolygon]: *Cancel*

Command: Specify opposite corner or [Fence/WPolygon/CPolygon]: 
Command: JOIN
4 found

4 objects converted to 1 polyline
Command: 
Command: _.erase 1 found

Command: _u ERASE 
Command: 
Command: 
** STRETCH **
Specify stretch point:
Command: _u Grip Edit 
Window Lasso  Press Spacebar to cycle options
Command: Specify opposite corner or [Fence/WPolygon/CPolygon]: 
Command: 
Command: JOIN
23 found

19 objects converted to 2 polylines, 4 objects discarded from the operation
Command: 
Command: _.erase 1 found

Command: _u ERASE 
Window Lasso  Press Spacebar to cycle options
Command: Specify opposite corner or [Fence/WPolygon/CPolygon]: 
Command: 
Command: Specify opposite corner or [Fence/WPolygon/CPolygon]: 
Command: 
Command: *Cancel*

Command: 
Command: 
Command: _u JOIN 
Command: 
Command: 
Command: 
Command: 
Command: _u JOIN 
Window Lasso  Press Spacebar to cycle options
Command: _u VSCURRENT 
Command: 
Command: 
Command: _mredo 
Enter number of actions or [All/Last]: 1 VSCURRENT 
Everything has been redone
Regenerating model.
Regenerating model.

Command: Specify opposite corner or [Fence/WPolygon/CPolygon]: 
Command: JOIN
26 found

23 objects converted to 3 polylines, 3 objects discarded from the operation
Command: 
Command: 
Command: _trim 
Current settings: Projection=UCS, Edge=None, Mode=Quick
Select object to trim or shift-select to extend or
 [cuTting edges/Crossing/mOde/Project/eRase]: 

Select object to trim or shift-select to extend or
 [cuTting edges/Crossing/mOde/Project/eRase/Undo]: '_pan 
>>Press ESC or ENTER to exit, or right-click to display shortcut menu.

Resuming TRIM command.

Select object to trim or shift-select to extend or
 [cuTting edges/Crossing/mOde/Project/eRase/Undo]: *Cancel*

Command: '_pan 
Press ESC or ENTER to exit, or right-click to display shortcut menu.

Command:  
Specify corner of window, enter a scale factor (nX or nXP), or 
[All/Center/Dynamic/Extents/Previous/Scale/Window/Object] <real time>: 

Command: '_zoom 
Specify corner of window, enter a scale factor (nX or nXP), or 
[All/Center/Dynamic/Extents/Previous/Scale/Window/Object] <real time>: 

Press ESC or ENTER to exit, or right-click to display shortcut menu.

Automatic save to C:\Users\saukrs\AppData\Local\Temp\LD1_1_17713_de45f85c.sv$ ...

Command: 
Command: Specify opposite corner or [Fence/WPolygon/CPolygon]: 
Command: JOIN
6 found

6 segments joined into 1 polyline, 4 objects discarded from the operation
Command: 
Command: _.erase 1 found

Command: _u ERASE 
Command: 
Command: 
Command: _mredo 
Enter number of actions or [All/Last]: 1 ERASE 
Everything has been redone

Command: _u ERASE 
Command: 
Command: 
Command: _mredo 
Enter number of actions or [All/Last]: 1 ERASE 
Everything has been redone

Command: _u ERASE 
Command: 
Command: 
Command: _mredo 
Enter number of actions or [All/Last]: 1 ERASE 
Everything has been redone

Window Lasso  Press Spacebar to cycle options
Command: Specify opposite corner or [Fence/WPolygon/CPolygon]: 
Command: _u ERASE 
Command: 
Command: 
Command: 
Command: '_.-LAYER

Current layer:  "0-laikinai"
Enter an option [?/Make/Set/New/Rename/ON/OFF/Color/Ltype/LWeight/TRansparency/MATerial/Plot/Freeze/Thaw/LOck/Unlock/stAte/Description/rEconcile/Xref]: _THAW

Enter name list of layer(s) to thaw: =0
Enter an option [?/Make/Set/New/Rename/ON/OFF/Color/Ltype/LWeight/TRansparency/MATerial/Plot/Freeze/Thaw/LOck/Unlock/stAte/Description/rEconcile/Xref]: 

Command: Specify opposite corner or [Fence/WPolygon/CPolygon]: *Cancel*

Command: *Cancel*

Command: 
Command: '_.-LAYER

Current layer:  "0-laikinai"
Enter an option [?/Make/Set/New/Rename/ON/OFF/Color/Ltype/LWeight/TRansparency/MATerial/Plot/Freeze/Thaw/LOck/Unlock/stAte/Description/rEconcile/Xref]: _FREEZE

Enter name list of layer(s) to freeze or <select objects>: =0
Enter an option [?/Make/Set/New/Rename/ON/OFF/Color/Ltype/LWeight/TRansparency/MATerial/Plot/Freeze/Thaw/LOck/Unlock/stAte/Description/rEconcile/Xref]: 

Command: Specify opposite corner or [Fence/WPolygon/CPolygon]: 
Command: *Cancel*

Command: _LIST

Select objects: Specify opposite corner: 1 found

Select objects: 

                  LINE      Layer: "0-laikinai"
                            Space: Model space
                   Handle = 48c
              from point, X=   9.5901  Y=  26.4600  Z=   0.0000
                to point, X=   9.5903  Y=  26.4605  Z=   0.0000
          Length =   0.0005,  Angle in XY Plane =     70
                  Delta X =   0.0002, Delta Y =    0.0005, Delta Z =   0.0000

Command: 
Command: _LIST
1 found

                  LINE      Layer: "0-laikinai"
                            Space: Model space
                   Handle = 48e
              from point, X=  12.2114  Y=  26.4600  Z=   0.0000
                to point, X=  12.2116  Y=  26.4605  Z=   0.0000
          Length =   0.0005,  Angle in XY Plane =     70
                  Delta X =   0.0002, Delta Y =    0.0005, Delta Z =   0.0000

Window Lasso  Press Spacebar to cycle options
Command: _LIST
1 found

                  LINE      Layer: "0-laikinai"
                            Space: Model space
                   Handle = 48f
              from point, X=  12.9283  Y=  26.4600  Z=   0.0000
                to point, X=  12.9284  Y=  26.4605  Z=   0.0000
          Length =   0.0005,  Angle in XY Plane =     70
                  Delta X =   0.0002, Delta Y =    0.0005, Delta Z =   0.0000

Command: *Cancel*

Command: Specify opposite corner or [Fence/WPolygon/CPolygon]: 
Command: _.erase 3 found

Command: 
Command: '_.-LAYER

Current layer:  "0-laikinai"
Enter an option [?/Make/Set/New/Rename/ON/OFF/Color/Ltype/LWeight/TRansparency/MATerial/Plot/Freeze/Thaw/LOck/Unlock/stAte/Description/rEconcile/Xref]: _THAW

Enter name list of layer(s) to thaw: =0
Enter an option [?/Make/Set/New/Rename/ON/OFF/Color/Ltype/LWeight/TRansparency/MATerial/Plot/Freeze/Thaw/LOck/Unlock/stAte/Description/rEconcile/Xref]: 

Command: Specify opposite corner or [Fence/WPolygon/CPolygon]: 
Command: Specify opposite corner or [Fence/WPolygon/CPolygon]: 
Command: *Cancel*

Command:  
Specify corner of window, enter a scale factor (nX or nXP), or 
[All/Center/Dynamic/Extents/Previous/Scale/Window/Object] <real time>: 
Regenerating model.

Command: 
Command: '_.-LAYER

Current layer:  "0-laikinai"
Enter an option [?/Make/Set/New/Rename/ON/OFF/Color/Ltype/LWeight/TRansparency/MATerial/Plot/Freeze/Thaw/LOck/Unlock/stAte/Description/rEconcile/Xref]: _OFF

Enter name list of layer(s) to turn off or <select objects>: =0
Enter an option [?/Make/Set/New/Rename/ON/OFF/Color/Ltype/LWeight/TRansparency/MATerial/Plot/Freeze/Thaw/LOck/Unlock/stAte/Description/rEconcile/Xref]: 

Command:  
Specify corner of window, enter a scale factor (nX or nXP), or 
[All/Center/Dynamic/Extents/Previous/Scale/Window/Object] <real time>: 

Command: 
Command: '_.-LAYER

Current layer:  "0-laikinai"
Enter an option [?/Make/Set/New/Rename/ON/OFF/Color/Ltype/LWeight/TRansparency/MATerial/Plot/Freeze/Thaw/LOck/Unlock/stAte/Description/rEconcile/Xref]: _ON

Enter name list of layer(s) to turn on: =0
Enter an option [?/Make/Set/New/Rename/ON/OFF/Color/Ltype/LWeight/TRansparency/MATerial/Plot/Freeze/Thaw/LOck/Unlock/stAte/Description/rEconcile/Xref]: 

Command: 
Command: '_.-LAYER

Current layer:  "0-laikinai"
Enter an option [?/Make/Set/New/Rename/ON/OFF/Color/Ltype/LWeight/TRansparency/MATerial/Plot/Freeze/Thaw/LOck/Unlock/stAte/Description/rEconcile/Xref]: _FREEZE

Enter name list of layer(s) to freeze or <select objects>: =0
Enter an option [?/Make/Set/New/Rename/ON/OFF/Color/Ltype/LWeight/TRansparency/MATerial/Plot/Freeze/Thaw/LOck/Unlock/stAte/Description/rEconcile/Xref]: 

Command:  
Specify corner of window, enter a scale factor (nX or nXP), or 
[All/Center/Dynamic/Extents/Previous/Scale/Window/Object] <real time>: 

Command:  Regenerating model.

Command:  
Specify corner of window, enter a scale factor (nX or nXP), or 
[All/Center/Dynamic/Extents/Previous/Scale/Window/Object] <real time>: 

Command: 
Command: 
Command: 
Command: _u 'ZOOM GROUP 
Command: 
Command: 
Command: _mredo 
Enter number of actions or [All/Last]: 1 GROUP 'ZOOM 
Everything has been redone

Command: 
Command: 
Command: _mredo 
Enter number of actions or [All/Last]: 1 Nothing to redo

Command: 
Command: _.erase 1 found

Command: _u ERASE 
Command: 
Command: _.erase 1 found

Command: 
Command: _.erase 1 found

Command: _u ERASE 
Command: _u ERASE 
Command: Specify opposite corner or [Fence/WPolygon/CPolygon]: 
Command: 
Command: 
Command: _extrude 
Current wire frame density:  ISOLINES=4, Closed profiles creation mode = Solid
2 found
_MO Closed profiles creation mode [SOlid/SUrface] <Solid>: _SO

Specify height of extrusion or [Direction/Path/Taper angle/Expression]: 0.05


Command: *Cancel*

Command: *Cancel*

Command: _vscurrent 
Enter an option [2dwireframe/Wireframe/Hidden/Realistic/Conceptual/Shaded/shaded with Edges/shades of Gray/SKetchy/X-ray/Other] <2dwireframe>: _r 
Command: 
Command: '_.-LAYER

Current layer:  "0-laikinai"
Enter an option [?/Make/Set/New/Rename/ON/OFF/Color/Ltype/LWeight/TRansparency/MATerial/Plot/Freeze/Thaw/LOck/Unlock/stAte/Description/rEconcile/Xref]: _THAW

Enter name list of layer(s) to thaw: =1-Liežuv\U+0117lis
Enter an option [?/Make/Set/New/Rename/ON/OFF/Color/Ltype/LWeight/TRansparency/MATerial/Plot/Freeze/Thaw/LOck/Unlock/stAte/Description/rEconcile/Xref]: 

Command:  
Specify corner of window, enter a scale factor (nX or nXP), or 
[All/Center/Dynamic/Extents/Previous/Scale/Window/Object] <real time>: 

Command: 
Command: 
Command:  
Command: 






Command: 






Command: 
Command: 
Command: _qsave 
Command: 
Command: 
Command: _RENDER 
Command:  
Enter new value for NAVSWHEELMODE <4>:  
Command: 
Right-click to display the shortcut menu. Press ESC or ENTER to exit.

Command: 
Command: 
Command: _RENDER 
Command: 
Command: 
Command: _RENDER 
Command:  
Enter new value for NAVSWHEELMODE <4>:  
Command: 
Right-click to display the shortcut menu. Press ESC or ENTER to exit.

Automatic save to C:\Users\saukrs\AppData\Local\Temp\LD1_1_18958_f3f63303.sv$ ...

Command: 
Command: 
Command: 
Command: _qsave 
Command: *Cancel*

Command: *Cancel*

Command: 
Command: 
Command: _RENDER 
Command: *Cancel*

Command: *Cancel*

Command: _close 
Command: 
