[ AutoCAD - Tue Dec 21 16:47:44 2021  ]----------------------------------------

Loading Modeler DLLs.

Opening an AutoCAD 2018 format file.


AutoCAD menu utilities loaded.*Cancel*

Command: 

Autodesk DWG.  This file is a TrustedDWG last saved by an Autodesk application or Autodesk licensed application.

Command: 

Command: 
Command: 
Command: '_.-LAYER

Current layer:  "2-Užrašai"
Enter an option [?/Make/Set/New/Rename/ON/OFF/Color/Ltype/LWeight/TRansparency/MATerial/Plot/Freeze/Thaw/LOck/Unlock/stAte/Description/rEconcile/Xref]: _FREEZE

Enter name list of layer(s) to freeze or <select objects>: =1-Liežuv\U+0117lis
Enter an option [?/Make/Set/New/Rename/ON/OFF/Color/Ltype/LWeight/TRansparency/MATerial/Plot/Freeze/Thaw/LOck/Unlock/stAte/Description/rEconcile/Xref]: 

Command: '_pan 
Command: 
Command: 
Command: _solidedit 
Solids editing automatic checking:  SOLIDCHECK=1
Enter a solids editing option [Face/Edge/Body/Undo/eXit] <eXit>: _face 
Enter a face editing option
[Extrude/Move/Rotate/Offset/Taper/Delete/Copy/coLor/mAterial/Undo/eXit] <eXit>: _color 
Select faces or [Undo/Remove]: 1 face found.

Select faces or [Undo/Remove/ALL]: 

Enter a face editing option
[Extrude/Move/Rotate/Offset/Taper/Delete/Copy/coLor/mAterial/Undo/eXit] <eXit>:  
>>Specify corner of window, enter a scale factor (nX or nXP), or 
[All/Center/Dynamic/Extents/Previous/Scale/Window/Object] <real time>: 

Resuming SOLIDEDIT command.

Enter a face editing option
[Extrude/Move/Rotate/Offset/Taper/Delete/Copy/coLor/mAterial/Undo/eXit] <eXit>: _u 
Command has been completely undone.

Enter a face editing option
[Extrude/Move/Rotate/Offset/Taper/Delete/Copy/coLor/mAterial/Undo/eXit] <eXit>: _u 
Command has been completely undone.

Enter a face editing option
[Extrude/Move/Rotate/Offset/Taper/Delete/Copy/coLor/mAterial/Undo/eXit] <eXit>: *Cancel*

Command: _u SOLIDEDIT GROUP 
Command: _u Pan GROUP 
Command: _u INTELLIZOOM 
Command: _u '.-LAYER 
Command: _u INTELLIZOOM 
Everything has been undone

Command: '_pan 
Command:  
Specify corner of window, enter a scale factor (nX or nXP), or 
[All/Center/Dynamic/Extents/Previous/Scale/Window/Object] <real time>: 

Command:  
Enter new value for NAVSWHEELMODE <4>:  
Command: 
Right-click to display the shortcut menu. Press ESC or ENTER to exit.

Command: 
Command: 
Command: _solidedit 
Solids editing automatic checking:  SOLIDCHECK=1
Enter a solids editing option [Face/Edge/Body/Undo/eXit] <eXit>: _face 
Enter a face editing option
[Extrude/Move/Rotate/Offset/Taper/Delete/Copy/coLor/mAterial/Undo/eXit] <eXit>: _color 
Select faces or [Undo/Remove]: 1 face found.

Select faces or [Undo/Remove/ALL]: 
Command: '_.-LAYER

Current layer:  "2-Užrašai"
>>Enter an option [?/Make/Set/New/Rename/ON/OFF/Color/Ltype/LWeight/TRansparency/MATerial/Plot/Freeze/Thaw/LOck/Unlock/stAte/Description/rEconcile/Xref]: _FREEZE

>>Enter name list of layer(s) to freeze or <select objects>: =1-Liežuv\U+0117lis
>>Enter an option [?/Make/Set/New/Rename/ON/OFF/Color/Ltype/LWeight/TRansparency/MATerial/Plot/Freeze/Thaw/LOck/Unlock/stAte/Description/rEconcile/Xref]: 

Command: 
Select faces or [Undo/Remove/ALL]: 
Select faces or [Undo/Remove/ALL]: 
Select faces or [Undo/Remove/ALL]: 
Select faces or [Undo/Remove/ALL]: 
Please select an edge on the originally selected solid.

Select faces or [Undo/Remove/ALL]: 
Please select an edge on the originally selected solid.

Select faces or [Undo/Remove/ALL]: 

Enter a face editing option
[Extrude/Move/Rotate/Offset/Taper/Delete/Copy/coLor/mAterial/Undo/eXit] <eXit>: *Cancel*

Command: _u SOLIDEDIT GROUP 
Command: 
Command: 
Command: _mredo 
Enter number of actions or [All/Last]: 1 GROUP SOLIDEDIT 
Everything has been redone

Command: 
Command: 
Command: 
Command: _solidedit 
Solids editing automatic checking:  SOLIDCHECK=1
Enter a solids editing option [Face/Edge/Body/Undo/eXit] <eXit>: _face 
Enter a face editing option
[Extrude/Move/Rotate/Offset/Taper/Delete/Copy/coLor/mAterial/Undo/eXit] <eXit>: _color 
Select faces or [Undo/Remove]: 2 faces found.

Select faces or [Undo/Remove/ALL]: 
Select faces or [Undo/Remove/ALL]: 
Please select an edge on the originally selected solid.

Select faces or [Undo/Remove/ALL]: 
Select faces or [Undo/Remove/ALL]: 
Select faces or [Undo/Remove/ALL]: 
Please select an edge on the originally selected solid.

Select faces or [Undo/Remove/ALL]: 
Please select an edge on the originally selected solid.

Select faces or [Undo/Remove/ALL]: 
Select faces or [Undo/Remove/ALL]: 

Enter a face editing option
[Extrude/Move/Rotate/Offset/Taper/Delete/Copy/coLor/mAterial/Undo/eXit] <eXit>: *Cancel*

Command: 
Command: 
Command: _solidedit 
Solids editing automatic checking:  SOLIDCHECK=1
Enter a solids editing option [Face/Edge/Body/Undo/eXit] <eXit>: _face 
Enter a face editing option
[Extrude/Move/Rotate/Offset/Taper/Delete/Copy/coLor/mAterial/Undo/eXit] <eXit>: _color 
Select faces or [Undo/Remove]: 1 face found.

Select faces or [Undo/Remove/ALL]: 
Select faces or [Undo/Remove/ALL]: 
Select faces or [Undo/Remove/ALL]: 
Select faces or [Undo/Remove/ALL]: 
Select faces or [Undo/Remove/ALL]: 
Select faces or [Undo/Remove/ALL]: 
Select faces or [Undo/Remove/ALL]: 

Enter a face editing option
[Extrude/Move/Rotate/Offset/Taper/Delete/Copy/coLor/mAterial/Undo/eXit] <eXit>: *Cancel*

Command: 
Command: 
Command: _solidedit 
Solids editing automatic checking:  SOLIDCHECK=1
Enter a solids editing option [Face/Edge/Body/Undo/eXit] <eXit>: _face 
Enter a face editing option
[Extrude/Move/Rotate/Offset/Taper/Delete/Copy/coLor/mAterial/Undo/eXit] <eXit>: _color 
Select faces or [Undo/Remove]: 1 face found.

Select faces or [Undo/Remove/ALL]: 

Enter a face editing option
[Extrude/Move/Rotate/Offset/Taper/Delete/Copy/coLor/mAterial/Undo/eXit] <eXit>: *Cancel*

Command: 
Command: 
Command: _solidedit 
Solids editing automatic checking:  SOLIDCHECK=1
Enter a solids editing option [Face/Edge/Body/Undo/eXit] <eXit>: _face 
Enter a face editing option
[Extrude/Move/Rotate/Offset/Taper/Delete/Copy/coLor/mAterial/Undo/eXit] <eXit>: _color 
Select faces or [Undo/Remove]: 2 faces found.

Select faces or [Undo/Remove/ALL]: 

Enter a face editing option
[Extrude/Move/Rotate/Offset/Taper/Delete/Copy/coLor/mAterial/Undo/eXit] <eXit>:  
Resuming SOLIDEDIT command.

Enter a face editing option
[Extrude/Move/Rotate/Offset/Taper/Delete/Copy/coLor/mAterial/Undo/eXit] <eXit>: *Cancel*

Command:  
Command:  
Command:  
Command:  
Command:  
Command:  
Command:  
Command:  
Command:  
Specify corner of window, enter a scale factor (nX or nXP), or 
[All/Center/Dynamic/Extents/Previous/Scale/Window/Object] <real time>: 

Command:  
Command:  
Command:  
Command:  
Command:  
Command:  
Command:  
Command:  
Command:  
Command:  
Command:  
Command:  Specify corner of window, enter a scale factor (nX or nXP), or [All/Extents/Window/Previous/Object] <real time>: 

Command:  
Command:  
Command:  Specify corner of window, enter a scale factor (nX or nXP), or [All/Extents/Window/Previous/Object] <real time>: 

Command: _u 'ZOOM GROUP 
Command: _u '.VIEWCUBEACTION 
Command: _u '.VIEWCUBEACTION 
Command: _u 'ZOOM GROUP 
Command: _u '.VIEWCUBEACTION 
Command: _u '.VIEWCUBEACTION 
Command: _u '.VIEWCUBEACTION 
Command: _u '.VIEWCUBEACTION 
Command: _u '.VIEWCUBEACTION 
Command: _u '.VIEWCUBEACTION 
Command: _u '.VIEWCUBEACTION 
Command: _u '.VIEWCUBEACTION 
Command: _u '.VIEWCUBEACTION 
Command: _u '.VIEWCUBEACTION 
Command: _u '.VIEWCUBEACTION 
Command: _u 'ZOOM GROUP 
Command: _u '.VIEWCUBEACTION 
Command: _u '.VIEWCUBEACTION 
Command: _u '.VIEWCUBEACTION 
Command: _u '.VIEWCUBEACTION 
Command: _u '.VIEWCUBEACTION 
Command: _u '.VIEWCUBEACTION 
Command: _u '.VIEWCUBEACTION 
Command: _u '.VIEWCUBEACTION 
Command: 
Command: 
Command: _mredo 
Enter number of actions or [All/Last]: 1 '.VIEWCUBEACTION 
Command: 
Command: 
Command: _mredo 
Enter number of actions or [All/Last]: 1 '.VIEWCUBEACTION 
Command: 
Command: 
Command: _mredo 
Enter number of actions or [All/Last]: 1 '.VIEWCUBEACTION 
Command: 
Command: 
Command: _mredo 
Enter number of actions or [All/Last]: 1 '.VIEWCUBEACTION 
Command: _u '.VIEWCUBEACTION 
Command: _u '.VIEWCUBEACTION 
Command: _u '.VIEWCUBEACTION 
Command: _u '.VIEWCUBEACTION 
Command: _u SOLIDEDIT GROUP 
Command: 
Command: 
Command: _mredo 
Enter number of actions or [All/Last]: 1 GROUP SOLIDEDIT 
Command: _u SOLIDEDIT GROUP 
Command:  
Command:  
Specify corner of window, enter a scale factor (nX or nXP), or 
[All/Center/Dynamic/Extents/Previous/Scale/Window/Object] <real time>: 

Command: *Cancel*

Command: 
Command: 
Command: _solidedit 
Solids editing automatic checking:  SOLIDCHECK=1
Enter a solids editing option [Face/Edge/Body/Undo/eXit] <eXit>: _face 
Enter a face editing option
[Extrude/Move/Rotate/Offset/Taper/Delete/Copy/coLor/mAterial/Undo/eXit] <eXit>: _color 
Select faces or [Undo/Remove]: 1 face found.

Select faces or [Undo/Remove/ALL]: 
Select faces or [Undo/Remove/ALL]: 

Enter a face editing option
[Extrude/Move/Rotate/Offset/Taper/Delete/Copy/coLor/mAterial/Undo/eXit] <eXit>: 

Solids editing automatic checking:  SOLIDCHECK=1
Enter a solids editing option [Face/Edge/Body/Undo/eXit] <eXit>: 

Command: 
Command: 
Command: _solidedit 
Solids editing automatic checking:  SOLIDCHECK=1
Enter a solids editing option [Face/Edge/Body/Undo/eXit] <eXit>: _face 
Enter a face editing option
[Extrude/Move/Rotate/Offset/Taper/Delete/Copy/coLor/mAterial/Undo/eXit] <eXit>: _color 
Select faces or [Undo/Remove]: 1 face found.

Select faces or [Undo/Remove/ALL]: 

Enter a face editing option
[Extrude/Move/Rotate/Offset/Taper/Delete/Copy/coLor/mAterial/Undo/eXit] <eXit>: *Cancel*

Command: 
SOLIDEDIT

Solids editing automatic checking:  SOLIDCHECK=1
Enter a solids editing option [Face/Edge/Body/Undo/eXit] <eXit>: F

Enter a face editing option
[Extrude/Move/Rotate/Offset/Taper/Delete/Copy/coLor/mAterial/Undo/eXit] <eXit>: L

Select faces or [Undo/Remove]: 

Enter a face editing option
[Extrude/Move/Rotate/Offset/Taper/Delete/Copy/coLor/mAterial/Undo/eXit] <eXit>: L

Select faces or [Undo/Remove]: 1 face found.

Select faces or [Undo/Remove/ALL]: 

Enter a face editing option
[Extrude/Move/Rotate/Offset/Taper/Delete/Copy/coLor/mAterial/Undo/eXit] <eXit>: L

Select faces or [Undo/Remove]: 1 face found.

Select faces or [Undo/Remove/ALL]: 
Select faces or [Undo/Remove/ALL]: 

Enter a face editing option
[Extrude/Move/Rotate/Offset/Taper/Delete/Copy/coLor/mAterial/Undo/eXit] <eXit>: L

Select faces or [Undo/Remove]: 1 face found.

Select faces or [Undo/Remove/ALL]: 

Enter a face editing option
[Extrude/Move/Rotate/Offset/Taper/Delete/Copy/coLor/mAterial/Undo/eXit] <eXit>: *Cancel*

Command:  
Command:  Specify corner of window, enter a scale factor (nX or nXP), or [All/Extents/Window/Previous/Object] <real time>: 

Command:  
Command: _u '.VIEWCUBEACTION 
Command: 
Command: 
Command: _qsave 
Command: 
Command: 
Command: _solidedit 
Solids editing automatic checking:  SOLIDCHECK=1
Enter a solids editing option [Face/Edge/Body/Undo/eXit] <eXit>: _face 
Enter a face editing option
[Extrude/Move/Rotate/Offset/Taper/Delete/Copy/coLor/mAterial/Undo/eXit] <eXit>: _color 
Select faces or [Undo/Remove]: 1 face found.

Select faces or [Undo/Remove/ALL]: 1 face found.

Select faces or [Undo/Remove/ALL]: 

Enter a face editing option
[Extrude/Move/Rotate/Offset/Taper/Delete/Copy/coLor/mAterial/Undo/eXit] <eXit>: *Cancel*

Command:  Specify corner of window, enter a scale factor (nX or nXP), or [All/Extents/Window/Previous/Object] <real time>: 

Command: 
Command: 
Command: _solidedit 
Solids editing automatic checking:  SOLIDCHECK=1
Enter a solids editing option [Face/Edge/Body/Undo/eXit] <eXit>: _face 
Enter a face editing option
[Extrude/Move/Rotate/Offset/Taper/Delete/Copy/coLor/mAterial/Undo/eXit] <eXit>: _color 
Select faces or [Undo/Remove]: *Cancel*

Command: 
Command: _solidedit 
Solids editing automatic checking:  SOLIDCHECK=1
Enter a solids editing option [Face/Edge/Body/Undo/eXit] <eXit>: _face 
Enter a face editing option
[Extrude/Move/Rotate/Offset/Taper/Delete/Copy/coLor/mAterial/Undo/eXit] <eXit>: _color 
Select faces or [Undo/Remove]: 1 face found.

Select faces or [Undo/Remove/ALL]: 1 face found.

Select faces or [Undo/Remove/ALL]: 2 faces found.

Select faces or [Undo/Remove/ALL]: 1 face found.

Select faces or [Undo/Remove/ALL]: 1 face found.

Select faces or [Undo/Remove/ALL]: 1 face found.

Select faces or [Undo/Remove/ALL]: 1 face found.

Select faces or [Undo/Remove/ALL]: 1 face found.

Select faces or [Undo/Remove/ALL]: 

Enter a face editing option
[Extrude/Move/Rotate/Offset/Taper/Delete/Copy/coLor/mAterial/Undo/eXit] <eXit>: *Cancel*

Command:  
Command: _u '.VIEWCUBEACTION 
Command:  
Command:  Specify corner of window, enter a scale factor (nX or nXP), or [All/Extents/Window/Previous/Object] <real time>: 

Command:  
Command: Specify opposite corner or [Fence/WPolygon/CPolygon]: *Cancel*

Command:  
Command:  
Command:  
Specify corner of window, enter a scale factor (nX or nXP), or 
[All/Center/Dynamic/Extents/Previous/Scale/Window/Object] <real time>: 

Command: 

Command: '_pan 
Command:  
Specify corner of window, enter a scale factor (nX or nXP), or 
[All/Center/Dynamic/Extents/Previous/Scale/Window/Object] <real time>: 

Command:  
Command:  
Command:  Specify corner of window, enter a scale factor (nX or nXP), or [All/Extents/Window/Previous/Object] <real time>: 

Command: 
Command: '_.-LAYER

Current layer:  "2-Užrašai"
Enter an option [?/Make/Set/New/Rename/ON/OFF/Color/Ltype/LWeight/TRansparency/MATerial/Plot/Freeze/Thaw/LOck/Unlock/stAte/Description/rEconcile/Xref]: _THAW

Enter name list of layer(s) to thaw: =1-Liežuv\U+0117lis
Enter an option [?/Make/Set/New/Rename/ON/OFF/Color/Ltype/LWeight/TRansparency/MATerial/Plot/Freeze/Thaw/LOck/Unlock/stAte/Description/rEconcile/Xref]: 

Command: 
Command: '_.-LAYER

Current layer:  "2-Užrašai"
Enter an option [?/Make/Set/New/Rename/ON/OFF/Color/Ltype/LWeight/TRansparency/MATerial/Plot/Freeze/Thaw/LOck/Unlock/stAte/Description/rEconcile/Xref]: _FREEZE

Enter name list of layer(s) to freeze or <select objects>: =1-Liežuv\U+0117lis
Enter an option [?/Make/Set/New/Rename/ON/OFF/Color/Ltype/LWeight/TRansparency/MATerial/Plot/Freeze/Thaw/LOck/Unlock/stAte/Description/rEconcile/Xref]: 

Command: 
Command: '_.-LAYER

Current layer:  "2-Užrašai"
Enter an option [?/Make/Set/New/Rename/ON/OFF/Color/Ltype/LWeight/TRansparency/MATerial/Plot/Freeze/Thaw/LOck/Unlock/stAte/Description/rEconcile/Xref]: _THAW

Enter name list of layer(s) to thaw: =1-Liežuv\U+0117lis
Enter an option [?/Make/Set/New/Rename/ON/OFF/Color/Ltype/LWeight/TRansparency/MATerial/Plot/Freeze/Thaw/LOck/Unlock/stAte/Description/rEconcile/Xref]: 

Command:  
Command:  Specify corner of window, enter a scale factor (nX or nXP), or [All/Extents/Window/Previous/Object] <real time>: 

Command: 
Command: 
Command: _union 
Select objects: 1 found

Select objects: 1 found, 2 total

Select objects: 1 found, 3 total

Select objects: 1 found, 4 total

Select objects: 1 found, 5 total

Select objects: 1 found, 6 total

Select objects: 1 found, 7 total

Select objects: 1 found, 8 total

Select objects: 1 found, 9 total

Select objects: 1 found, 10 total

Select objects: 1 found, 11 total

Select objects: 


Command: 
Command: '_.-LAYER

Current layer:  "2-Užrašai"
Enter an option [?/Make/Set/New/Rename/ON/OFF/Color/Ltype/LWeight/TRansparency/MATerial/Plot/Freeze/Thaw/LOck/Unlock/stAte/Description/rEconcile/Xref]: _FREEZE

Enter name list of layer(s) to freeze or <select objects>: =1-Liežuv\U+0117lis
Enter an option [?/Make/Set/New/Rename/ON/OFF/Color/Ltype/LWeight/TRansparency/MATerial/Plot/Freeze/Thaw/LOck/Unlock/stAte/Description/rEconcile/Xref]: 

Command: 
Command: '_.-LAYER

Current layer:  "2-Užrašai"
Enter an option [?/Make/Set/New/Rename/ON/OFF/Color/Ltype/LWeight/TRansparency/MATerial/Plot/Freeze/Thaw/LOck/Unlock/stAte/Description/rEconcile/Xref]: _THAW

Enter name list of layer(s) to thaw: =1-Liežuv\U+0117lis
Enter an option [?/Make/Set/New/Rename/ON/OFF/Color/Ltype/LWeight/TRansparency/MATerial/Plot/Freeze/Thaw/LOck/Unlock/stAte/Description/rEconcile/Xref]: 

Command: 
Command: _u '.-LAYER '.-LAYER 
Command: _u UNION GROUP 
Command:  
Command:  Specify corner of window, enter a scale factor (nX or nXP), or [All/Extents/Window/Previous/Object] <real time>: 

Command: 
Command: '_.-LAYER

Current layer:  "2-Užrašai"
Enter an option [?/Make/Set/New/Rename/ON/OFF/Color/Ltype/LWeight/TRansparency/MATerial/Plot/Freeze/Thaw/LOck/Unlock/stAte/Description/rEconcile/Xref]: _THAW

Enter name list of layer(s) to thaw: =0
Enter an option [?/Make/Set/New/Rename/ON/OFF/Color/Ltype/LWeight/TRansparency/MATerial/Plot/Freeze/Thaw/LOck/Unlock/stAte/Description/rEconcile/Xref]: 

Command: *Cancel*

Command: *Cancel*

Command: _vscurrent 
Enter an option [2dwireframe/Wireframe/Hidden/Realistic/Conceptual/Shaded/shaded with Edges/shades of Gray/SKetchy/X-ray/Other] <Realistic>: _x 
Command: *Cancel*

Command: *Cancel*

Command: _vscurrent 
Enter an option [2dwireframe/Wireframe/Hidden/Realistic/Conceptual/Shaded/shaded with Edges/shades of Gray/SKetchy/X-ray/Other] <X-Ray>: _2d Regenerating model.

Command: 
Command: '_.-LAYER

Current layer:  "2-Užrašai"
Enter an option [?/Make/Set/New/Rename/ON/OFF/Color/Ltype/LWeight/TRansparency/MATerial/Plot/Freeze/Thaw/LOck/Unlock/stAte/Description/rEconcile/Xref]: _FREEZE

Enter name list of layer(s) to freeze or <select objects>: =0
Enter an option [?/Make/Set/New/Rename/ON/OFF/Color/Ltype/LWeight/TRansparency/MATerial/Plot/Freeze/Thaw/LOck/Unlock/stAte/Description/rEconcile/Xref]: 

Command: *Cancel*

Command:  Regenerating model.

Command: 

Press ESC or ENTER to exit, or right-click to display shortcut menu.

Command:  
Specify corner of window, enter a scale factor (nX or nXP), or 
[All/Center/Dynamic/Extents/Previous/Scale/Window/Object] <real time>: 

Command: Specify opposite corner or [Fence/WPolygon/CPolygon]: 
Command: 
Command: 
Command: _xedges 
Select objects: 1 found

Select objects: 

Command: _u XEDGES GROUP 
Command: 
Command: 
Command: _solidedit 
Solids editing automatic checking:  SOLIDCHECK=1
Enter a solids editing option [Face/Edge/Body/Undo/eXit] <eXit>: _edge 
Enter an edge editing option [Copy/coLor/Undo/eXit] <eXit>: _copy 
Select edges or [Undo/Remove]: 
Select edges or [Undo/Remove]: 

Specify a base point or displacement: 
Specify a second point of displacement: 
Enter an edge editing option [Copy/coLor/Undo/eXit] <eXit>:  Regenerating model.

Resuming SOLIDEDIT command.

Enter an edge editing option [Copy/coLor/Undo/eXit] <eXit>: _u 
Command has been completely undone.
Regenerating model.

Enter an edge editing option [Copy/coLor/Undo/eXit] <eXit>: _u 
Command has been completely undone.

Enter an edge editing option [Copy/coLor/Undo/eXit] <eXit>: *Cancel*

Command: 
Command: _mredo 
Enter number of actions or [All/Last]: 1 Nothing to redo

Automatic save to C:\Users\saukrs\AppData\Local\Temp\LD1_1_18662_c5630a0f.sv$ ...

Command: 
Command: 
Command: 
Command: _mredo 
Enter number of actions or [All/Last]: 1 Nothing to redo

Command: 
Command: 
Command: _mredo 
Enter number of actions or [All/Last]: 1 Nothing to redo

Command: 
Command: 
Command: _mredo 
Enter number of actions or [All/Last]: 1 Nothing to redo

Command: _u SOLIDEDIT GROUP 
Command: _u 'ZOOM GROUP 
Command: 
Command: 
Command: _mredo 
Enter number of actions or [All/Last]: 1 GROUP 'ZOOM 
Command: 
Command: 
Command: _mredo 
Enter number of actions or [All/Last]: 1 GROUP SOLIDEDIT 
Everything has been redone

Command: 
Command: 
Command: _mredo 
Enter number of actions or [All/Last]: 1 Nothing to redo

Command: 
Command: 
Command: _mredo 
Enter number of actions or [All/Last]: 1 Nothing to redo

Command: 
Command: 
Command: _mredo 
Enter number of actions or [All/Last]: 1 Nothing to redo

Command: 
Command: 
Command: _solidedit 
Solids editing automatic checking:  SOLIDCHECK=1
Enter a solids editing option [Face/Edge/Body/Undo/eXit] <eXit>: _edge 
Enter an edge editing option [Copy/coLor/Undo/eXit] <eXit>: _copy 
Select edges or [Undo/Remove]: 
Select edges or [Undo/Remove]: 

Specify a base point or displacement: midMID

Invalid point.

Specify a base point or displacement: 
Specify a second point of displacement: 
Enter an edge editing option [Copy/coLor/Undo/eXit] <eXit>:  Regenerating model.

Resuming SOLIDEDIT command.

Enter an edge editing option [Copy/coLor/Undo/eXit] <eXit>:  Regenerating model.

Resuming SOLIDEDIT command.

Enter an edge editing option [Copy/coLor/Undo/eXit] <eXit>: Regenerating model.
 
Resuming SOLIDEDIT command.

Enter an edge editing option [Copy/coLor/Undo/eXit] <eXit>:  Regenerating model.

Resuming SOLIDEDIT command.

Enter an edge editing option [Copy/coLor/Undo/eXit] <eXit>:  
>>Specify corner of window, enter a scale factor (nX or nXP), or 
[All/Center/Dynamic/Extents/Previous/Scale/Window/Object] <real time>: 

Resuming SOLIDEDIT command.

Enter an edge editing option [Copy/coLor/Undo/eXit] <eXit>:  Regenerating model.

Resuming SOLIDEDIT command.

Enter an edge editing option [Copy/coLor/Undo/eXit] <eXit>:  
>>Specify corner of window, enter a scale factor (nX or nXP), or 
[All/Center/Dynamic/Extents/Previous/Scale/Window/Object] <real time>: 

Resuming SOLIDEDIT command.

Enter an edge editing option [Copy/coLor/Undo/eXit] <eXit>:  Regenerating model.

Resuming SOLIDEDIT command.

Enter an edge editing option [Copy/coLor/Undo/eXit] <eXit>: *Cancel*

Command: 
Command: 
Command: _extrude 
Current wire frame density:  ISOLINES=4, Closed profiles creation mode = Solid
1 found
_MO Closed profiles creation mode [SOlid/SUrface] <Solid>: _SO

Specify height of extrusion or [Direction/Path/Taper angle/Expression]: 1


Command: 
EXTRUDE

Current wire frame density:  ISOLINES=4, Closed profiles creation mode = Solid

Select objects to extrude or [MOde]: Specify opposite corner: 0 found
Select objects to extrude or [MOde]: Specify opposite corner: *Cancel*
0 found
Select objects to extrude or [MOde]: *Cancel*

Command: *Cancel*

Command: *Cancel*

Command: _vscurrent 
Enter an option [2dwireframe/Wireframe/Hidden/Realistic/Conceptual/Shaded/shaded with Edges/shades of Gray/SKetchy/X-ray/Other] <2dwireframe>: _r 
Command: *Cancel*

Command: *Cancel*

Command: _vscurrent 
Enter an option [2dwireframe/Wireframe/Hidden/Realistic/Conceptual/Shaded/shaded with Edges/shades of Gray/SKetchy/X-ray/Other] <Realistic>: _2d Regenerating model.

Command: 
Command: 
Command: _subtract Select solids, surfaces, and regions to subtract from ..

Select objects: 1 found

Select objects: 
Select solids, surfaces, and regions to subtract ..
Select objects: 1 found

Select objects: 


Command: _u SUBTRACT GROUP 
Command:  Regenerating model.

Command:  
Specify corner of window, enter a scale factor (nX or nXP), or 
[All/Center/Dynamic/Extents/Previous/Scale/Window/Object] <real time>: 

Command: *Cancel*

Command: *Cancel*

Command: _vscurrent 
Enter an option [2dwireframe/Wireframe/Hidden/Realistic/Conceptual/Shaded/shaded with Edges/shades of Gray/SKetchy/X-ray/Other] <2dwireframe>: _c 
Command: *Cancel*

Command: *Cancel*

Command: _vscurrent 
Enter an option [2dwireframe/Wireframe/Hidden/Realistic/Conceptual/Shaded/shaded with Edges/shades of Gray/SKetchy/X-ray/Other] <Conceptual>: _r 
Command: *Cancel*

Command: *Cancel*

Command: _vscurrent 
Enter an option [2dwireframe/Wireframe/Hidden/Realistic/Conceptual/Shaded/shaded with Edges/shades of Gray/SKetchy/X-ray/Other] <Realistic>: _x 
Command: MOVE

Select objects: 1 found

Select objects: _VERT


*Invalid selection*
Expects a point or Window/Last/Crossing/BOX/ALL/Fence/WPolygon/CPolygon/Group/Add/Remove/Multiple/Previous/Undo/AUto/SIngle/SUbobject/Object

Select objects: 

Specify base point or [Displacement] <Displacement>: 
Specify second point or <use first point as displacement>:  <Ortho off> *Cancel*

Command: MOVE

Select objects: 1 found

Select objects: 

Specify base point or [Displacement] <Displacement>: 
Specify second point or <use first point as displacement>:  <Snap off>  <Ortho on>  <Snap on>  <Snap off>  <Snap on>  <Ortho off>  <Snap off>  <Snap on>  <Snap off>  <Ortho on> 
Command: _u MOVE 
Command: _u MOVE 
Command: _u VSCURRENT 
Command: _u VSCURRENT 
Command: _u VSCURRENT Regenerating model.

Command: _u 'ZOOM GROUP 
Command: _u '.VIEWCUBEACTION Regenerating model.

Command: _u VSCURRENT 
Command: _u VSCURRENT Regenerating model.

Command: _u EXTRUDE 
Command: _u EXTRUDE GROUP 
Command: _u SOLIDEDIT GROUP Regenerating model.

Command: 
Command: 
Command: _mredo 
Enter number of actions or [All/Last]: 1 GROUP SOLIDEDIT Regenerating model.

Command: _u SOLIDEDIT GROUP Regenerating model.

Command: 
Command: 
Command: _mredo 
Enter number of actions or [All/Last]: 1 GROUP SOLIDEDIT Regenerating model.

Command: _u SOLIDEDIT GROUP Regenerating model.

Command: 
Command: 
Command: _mredo 
Enter number of actions or [All/Last]: 1 GROUP SOLIDEDIT Regenerating model.

Command: _u SOLIDEDIT GROUP Regenerating model.

Command: 
Command: 
Command: _solidedit 
Solids editing automatic checking:  SOLIDCHECK=1
Enter a solids editing option [Face/Edge/Body/Undo/eXit] <eXit>: _edge 
Enter an edge editing option [Copy/coLor/Undo/eXit] <eXit>: _copy 
Select edges or [Undo/Remove]: 
Select edges or [Undo/Remove]: 

Specify a base point or displacement: CENTER
of 
No Center found for specified point.
Invalid point.

Specify a base point or displacement:  Regenerating model.

Resuming SOLIDEDIT command.

Specify a base point or displacement:  
>>Specify corner of window, enter a scale factor (nX or nXP), or 
[All/Center/Dynamic/Extents/Previous/Scale/Window/Object] <real time>: 

Resuming SOLIDEDIT command.

Specify a base point or displacement:  <Ortho off>  <Ortho on>  <Snap off>  Regenerating model.

Resuming SOLIDEDIT command.

Specify a base point or displacement:  
>>Specify corner of window, enter a scale factor (nX or nXP), or 
[All/Center/Dynamic/Extents/Previous/Scale/Window/Object] <real time>: 

Resuming SOLIDEDIT command.

Specify a base point or displacement: 
Specify a second point of displacement: 10

Enter an edge editing option [Copy/coLor/Undo/eXit] <eXit>:  
>>Specify corner of window, enter a scale factor (nX or nXP), or 
[All/Center/Dynamic/Extents/Previous/Scale/Window/Object] <real time>: 

Resuming SOLIDEDIT command.

Enter an edge editing option [Copy/coLor/Undo/eXit] <eXit>: *Cancel*

Command: 
Command: 
Command: 
Command: _extrude 
Current wire frame density:  ISOLINES=4, Closed profiles creation mode = Solid
1 found
_MO Closed profiles creation mode [SOlid/SUrface] <Solid>: _SO

Specify height of extrusion or [Direction/Path/Taper angle/Expression] <-1.0000>: 1


Command: 
EXTRUDE

Current wire frame density:  ISOLINES=4, Closed profiles creation mode = Solid

Select objects to extrude or [MOde]: Specify opposite corner: *Cancel*
0 found
Select objects to extrude or [MOde]: *Cancel*

Command: *Cancel*

Command: *Cancel*

Command: _vscurrent 
Enter an option [2dwireframe/Wireframe/Hidden/Realistic/Conceptual/Shaded/shaded with Edges/shades of Gray/SKetchy/X-ray/Other] <2dwireframe>: _c 
Command: *Cancel*

Command: *Cancel*

Command: _vscurrent 
Enter an option [2dwireframe/Wireframe/Hidden/Realistic/Conceptual/Shaded/shaded with Edges/shades of Gray/SKetchy/X-ray/Other] <Conceptual>: _2d Regenerating model.

Command: MOVE

Select objects: 1 found

Select objects: 

Specify base point or [Displacement] <Displacement>: 
Specify second point or <use first point as displacement>: 10

Command:  Regenerating model.

Command: _u '.VIEWCUBEACTION Regenerating model.

Command: MOVE

Select objects: 1 found

Select objects: 

Specify base point or [Displacement] <Displacement>: MID
of 
Specify second point or <use first point as displacement>: 10

Command:  Regenerating model.

Command: _u '.VIEWCUBEACTION Regenerating model.

Command: _u MOVE 
Command:  Regenerating model.

Command:  Regenerating model.

Command: _u '.VIEWCUBEACTION Regenerating model.

Command: _u '.VIEWCUBEACTION Regenerating model.

Automatic save to C:\Users\saukrs\AppData\Local\Temp\LD1_1_18662_c5630a0f.sv$ ...

Command: 
Command: _u MOVE 
Command:  Regenerating model.

Command:  Regenerating model.

Command:  Regenerating model.

Command:  
Specify corner of window, enter a scale factor (nX or nXP), or 
[All/Center/Dynamic/Extents/Previous/Scale/Window/Object] <real time>: 

Command: MOVE

Select objects: 1 found

Select objects: 

Specify base point or [Displacement] <Displacement>: 
Specify second point or <use first point as displacement>:  <Snap on>  <Snap off>  <Ortho off>  <Ortho on> 10

Command: _u MOVE 
Command: MOVE

Select objects: *Cancel*

Command: *Cancel*

Command: *Cancel*

Command: _vscurrent 
Enter an option [2dwireframe/Wireframe/Hidden/Realistic/Conceptual/Shaded/shaded with Edges/shades of Gray/SKetchy/X-ray/Other] <2dwireframe>: _c 
Command: *Cancel*

Command: *Cancel*

Command: _vscurrent 
Enter an option [2dwireframe/Wireframe/Hidden/Realistic/Conceptual/Shaded/shaded with Edges/shades of Gray/SKetchy/X-ray/Other] <Conceptual>: _x 
Command: MOVE

Select objects: 1 found

Select objects: 

Specify base point or [Displacement] <Displacement>: MID
of 
Specify second point or <use first point as displacement>: @0

Invalid point.

Specify second point or <use first point as displacement>: 0

Command: 
MOVE

Select objects: 

Command: *Cancel*

Command:  
Command:  Specify corner of window, enter a scale factor (nX or nXP), or [All/Extents/Window/Previous/Object] <real time>: 

Command: '_zoom Specify corner of window, enter a scale factor (nX or nXP), or [All/Extents/Window/Previous/Object] <real time>: 
Press ESC or ENTER to exit, or right-click to display shortcut-menu.

Command:  
Command: MOVE

Select objects: 1 found

Select objects: 

Specify base point or [Displacement] <Displacement>: 
Specify second point or <use first point as displacement>: 10

Command:  
Command: _u 
Command: *Cancel*

Command: _u '.VIEWCUBEACTION 
Command: _u MOVE 
Command: _u '.VIEWCUBEACTION 
Command: _u Zoom GROUP 
Command: _u 'ZOOM GROUP 
Command: _u '.VIEWCUBEACTION 
Command: _u MOVE 
Command: 
Command: 
Command: _mredo 
Enter number of actions or [All/Last]: 1 MOVE 
Command: 
Command: 
Command: _mredo 
Enter number of actions or [All/Last]: 1 '.VIEWCUBEACTION 
Command: 
Command: 
Command: _mredo 
Enter number of actions or [All/Last]: 1 GROUP 'ZOOM 
Command: 
Command: 
Command: _mredo 
Enter number of actions or [All/Last]: 1 GROUP Zoom 
Command: 
Command: 
Command: _mredo 
Enter number of actions or [All/Last]: 1 '.VIEWCUBEACTION 
Command: 
Command: 
Command: _mredo 
Enter number of actions or [All/Last]: 1 Nothing to redo

Command: 
Command: 
Command: _mredo 
Enter number of actions or [All/Last]: 1 Nothing to redo

Command: _u '.VIEWCUBEACTION 
Command: 
Command: 
Command: _mredo 
Enter number of actions or [All/Last]: 1 '.VIEWCUBEACTION 
Everything has been redone

Command: _u '.VIEWCUBEACTION 
Command: 
Command: 
Command: _mredo 
Enter number of actions or [All/Last]: 1 '.VIEWCUBEACTION 
Everything has been redone

Command: _u '.VIEWCUBEACTION 
Command: 
Command: 
Command: _mredo 
Enter number of actions or [All/Last]: 1 '.VIEWCUBEACTION 
Everything has been redone

Command: 
Command: 
Command: _mredo 
Enter number of actions or [All/Last]: 1 Nothing to redo

Command: 
Command: 
Command: _mredo 
Enter number of actions or [All/Last]: 1 Nothing to redo

Command: 
Command: 
Command: _mredo 
Enter number of actions or [All/Last]: 1 Nothing to redo

Command: 
Command: 
Command: _mredo 
Enter number of actions or [All/Last]: 1 Nothing to redo

Command: 
Command: 
Command: _mredo 
Enter number of actions or [All/Last]: 1 Nothing to redo

Command: _u '.VIEWCUBEACTION 
Command: _u Zoom GROUP 
Command: 
Command: 
Command: _mredo 
Enter number of actions or [All/Last]: 1 GROUP Zoom 
Command: 
Command: 
Command: _mredo 
Enter number of actions or [All/Last]: 1 '.VIEWCUBEACTION 
Everything has been redone

Command: MOVE

Select objects: INT
of 

Command: 
MOVE

Select objects: _VERT


*Invalid selection*
Expects a point or Window/Last/Crossing/BOX/ALL/Fence/WPolygon/CPolygon/Group/Add/Remove/Multiple/Previous/Undo/AUto/SIngle/SUbobject/Object

Select objects: 1 found

Select objects: 

Specify base point or [Displacement] <Displacement>: _VERT

Point or option keyword required.

Specify base point or [Displacement] <Displacement>: 
Specify second point or <use first point as displacement>: 10

Command:  
Command:  
Specify corner of window, enter a scale factor (nX or nXP), or 
[All/Center/Dynamic/Extents/Previous/Scale/Window/Object] <real time>: 

Command: LENGTH
DIST 
Specify first point: 
Specify second point or [Multiple points]: 
Distance = 0.2500,  Angle in XY Plane = 0,  Angle from XY Plane = 90
Delta X = 0.0000,  Delta Y = 0.0000,   Delta Z = 0.2500

Command: *Cancel*

Command: COPY

Select objects: 1 found

Select objects: 

Current settings:  Copy mode = Multiple
Specify base point or [Displacement/mOde] <Displacement>: 
Specify second point or [Array] <use first point as displacement>:  
Resuming COPY command.

Specify second point or [Array] <use first point as displacement>: *Cancel*

Command: COPY

Select objects: _u All selections have been undone.

Select objects: _u All selections have been undone.

Select objects: *Cancel*

Command: _u COPY 
Command: _u COPY 
Command: _u INTELLIZOOM 
Command: _u DIST 
Command: _u INTELLIZOOM 
Command: _u 'ZOOM GROUP 
Command: _u '.VIEWCUBEACTION 
Command: _u MOVE 
Command: COPY

Select objects: 1 found

Select objects: 

Current settings:  Copy mode = Multiple
Specify base point or [Displacement/mOde] <Displacement>: 
Specify second point or [Array] <use first point as displacement>: 10

Specify second point or [Array/Exit/Undo] <Exit>: 

Command: 
COPY

Select objects:  
Resuming COPY command.

Select objects: _u All selections have been undone.

Select objects: _u All selections have been undone.

Select objects: *Cancel*

Command: _u COPY 
Command: _u COPY 
Command: COPY

Select objects: 1 found

Select objects: _u 
Select objects: _u All selections have been undone.

Select objects: _u All selections have been undone.

Select objects: _u All selections have been undone.

Select objects: *Cancel*

Command: _u COPY 
Command: _u MOVE 
Command: _u '.VIEWCUBEACTION 
Command: _.erase 1 found

Command: _u ERASE 
Command: COPY
1 found

Current settings:  Copy mode = Multiple
Specify base point or [Displacement/mOde] <Displacement>: 
Specify second point or [Array] <use first point as displacement>: 10

Specify second point or [Array/Exit/Undo] <Exit>: *Cancel*

Command: _u COPY 
Command: COPY

Select objects: 1 found

Select objects: 

Current settings:  Copy mode = Multiple
Specify base point or [Displacement/mOde] <Displacement>: 
Specify second point or [Array] <use first point as displacement>: 10

Specify second point or [Array/Exit/Undo] <Exit>: 

Command:  
Command:  
Command:  
Specify corner of window, enter a scale factor (nX or nXP), or 
[All/Center/Dynamic/Extents/Previous/Scale/Window/Object] <real time>: 

Command: *Cancel*

Command: 
Command: 
Command: 
Command: _subtract Select solids, surfaces, and regions to subtract from ..

Select objects: 1 found

Select objects: 
Select solids, surfaces, and regions to subtract ..
Select objects: 1 found

Select objects: 


Automatic save to C:\Users\saukrs\AppData\Local\Temp\LD1_1_18662_c5630a0f.sv$ ...

Command: 
Command:  
Command:  Specify corner of window, enter a scale factor (nX or nXP), or [All/Extents/Window/Previous/Object] <real time>: 

Command: 
Command: 
Command: 

Current ucs name:  Liežuv\U+0117lio veidas
Specify origin of UCS or [Face/NAmed/OBject/Previous/View/World/X/Y/Z/ZAxis] <World>: 

Command: 
Command: 
Command: 

Current ucs name:  *WORLD*
Specify origin of UCS or [Face/NAmed/OBject/Previous/View/World/X/Y/Z/ZAxis] <World>: 

Enter an option [Restore/Save/Delete/?]: 

Enter name of UCS to restore or [?]: 

Command:  
Command:  
Command:  
Command:  
Command:  
Command: *Cancel*

Command: *Cancel*

Command: _vscurrent 
Enter an option [2dwireframe/Wireframe/Hidden/Realistic/Conceptual/Shaded/shaded with Edges/shades of Gray/SKetchy/X-ray/Other] <X-Ray>: _r 
Command:  
Enter new value for NAVSWHEELMODE <4>:  
Command: 
Right-click to display the shortcut menu. Press ESC or ENTER to exit.

Command:  
Command:  
Enter new value for NAVSWHEELMODE <4>:  
Command: 
Right-click to display the shortcut menu. Press ESC or ENTER to exit.

Command: *Cancel*

Command: *Cancel*

Command: _vscurrent 
Enter an option [2dwireframe/Wireframe/Hidden/Realistic/Conceptual/Shaded/shaded with Edges/shades of Gray/SKetchy/X-ray/Other] <Realistic>: _c 
Command: *Cancel*

Command: *Cancel*

Command: _vscurrent 
Enter an option [2dwireframe/Wireframe/Hidden/Realistic/Conceptual/Shaded/shaded with Edges/shades of Gray/SKetchy/X-ray/Other] <Conceptual>: _2d Regenerating model.

Command: Specify opposite corner or [Fence/WPolygon/CPolygon]: 
Command: *Cancel*

Command:  
Enter new value for NAVSWHEELMODE <4>:  
Command: 
Right-click to display the shortcut menu. Press ESC or ENTER to exit.
Regenerating model.

Command:  
Specify corner of window, enter a scale factor (nX or nXP), or 
[All/Center/Dynamic/Extents/Previous/Scale/Window/Object] <real time>: 

Command: *Cancel*

Command: *Cancel*

Command: _vscurrent 
Enter an option [2dwireframe/Wireframe/Hidden/Realistic/Conceptual/Shaded/shaded with Edges/shades of Gray/SKetchy/X-ray/Other] <2dwireframe>: _x 
Command:  
Enter new value for NAVSWHEELMODE <4>:  
Command: 
Right-click to display the shortcut menu. Press ESC or ENTER to exit.

Command: *Cancel*

Command: *Cancel*

Command: _vscurrent 
Enter an option [2dwireframe/Wireframe/Hidden/Realistic/Conceptual/Shaded/shaded with Edges/shades of Gray/SKetchy/X-ray/Other] <X-Ray>: _r 
Command:  
Command:  
Command:  
Command:  
Specify corner of window, enter a scale factor (nX or nXP), or 
[All/Center/Dynamic/Extents/Previous/Scale/Window/Object] <real time>: 

Command: *Cancel*

Command: *Cancel*

Command: _vscurrent 
Enter an option [2dwireframe/Wireframe/Hidden/Realistic/Conceptual/Shaded/shaded with Edges/shades of Gray/SKetchy/X-ray/Other] <Realistic>: _x 
Command: '_pan 
Command:  
Command: MOVE

Select objects: 1 found

Select objects: 

Specify base point or [Displacement] <Displacement>: MID
of 

Specify displacement <0.0000, 0.0000, 0.0000>: *Cancel*

Command: '_pan 
Command: MOVE

Select objects: 1 found

Select objects: 

Specify base point or [Displacement] <Displacement>: 
Specify second point or <use first point as displacement>: 10

Command:  
Command: _u '.VIEWCUBEACTION 
Command: _u MOVE 
Command: MOVE

Select objects: 1 found

Select objects: 

Specify base point or [Displacement] <Displacement>: 
Specify second point or <use first point as displacement>: 10

Command:  
Command: _u '.VIEWCUBEACTION 
Command: _u MOVE 
Command:  Specify corner of window, enter a scale factor (nX or nXP), or [All/Extents/Window/Previous/Object] <real time>: 

Command:  
Command: ID
Specify point:  X = 0.0000     Y = 0.0000     Z = 0.0000

Command: ID
Specify point:  X = 20.0000     Y = 32.7708     Z = -2.0000

Command:  
Command: *Cancel*

Command:  
Command:  
Command: MOVE

Select objects: 1 found

Select objects: 

Specify base point or [Displacement] <Displacement>: '_pan 
Resuming MOVE command.

Specify base point or [Displacement] <Displacement>: 
Specify second point or <use first point as displacement>: 10

Command: 
MOVE

Select objects:  
Resuming MOVE command.

Select objects:  
>>Specify corner of window, enter a scale factor (nX or nXP), or 
[All/Center/Dynamic/Extents/Previous/Scale/Window/Object] <real time>: 

Resuming MOVE command.

Select objects:  
Resuming MOVE command.

Select objects:  >>Specify corner of window, enter a scale factor (nX or nXP), or [All/Extents/Window/Previous/Object] <real time>: 

Resuming MOVE command.

Select objects:  >>Specify corner of window, enter a scale factor (nX or nXP), or [All/Extents/Window/Previous/Object] <real time>: 

Resuming MOVE command.

Select objects:  
>>Enter new value for NAVSWHEELMODE <4>:  
Resuming MOVE command.

Select objects: 
Right-click to display the shortcut menu. Press ESC or ENTER to exit.

Resuming MOVE command.

Select objects: *Cancel*

Command: Specify opposite corner or [Fence/WPolygon/CPolygon]: *Cancel*

Automatic save to C:\Users\saukrs\AppData\Local\Temp\LD1_1_18662_c5630a0f.sv$ ...

Command: 
Command: *Cancel*

Command: *Cancel*

Command: *Cancel*

Command: _vscurrent 
Enter an option [2dwireframe/Wireframe/Hidden/Realistic/Conceptual/Shaded/shaded with Edges/shades of Gray/SKetchy/X-ray/Other] <X-Ray>: _r 
Command: *Cancel*

Command: *Cancel*

Command: _vscurrent 
Enter an option [2dwireframe/Wireframe/Hidden/Realistic/Conceptual/Shaded/shaded with Edges/shades of Gray/SKetchy/X-ray/Other] <Realistic>: _w 
Command: *Cancel*

Command: *Cancel*

Command: _vscurrent 
Enter an option [2dwireframe/Wireframe/Hidden/Realistic/Conceptual/Shaded/shaded with Edges/shades of Gray/SKetchy/X-ray/Other] <Wireframe>: _x 
Command: 
Command: 
Command: _union 
Select objects: *Cancel*

Command: 
Command: _union 
Select objects: 1 found

Select objects: *Cancel*

Command: 
Command: '_.-LAYER

Current layer:  "2-Užrašai"
Enter an option [?/Make/Set/New/Rename/ON/OFF/Color/Ltype/LWeight/TRansparency/MATerial/Plot/Freeze/Thaw/LOck/Unlock/stAte/Description/rEconcile/Xref]: _THAW

Enter name list of layer(s) to thaw: =0-laikinai
Enter an option [?/Make/Set/New/Rename/ON/OFF/Color/Ltype/LWeight/TRansparency/MATerial/Plot/Freeze/Thaw/LOck/Unlock/stAte/Description/rEconcile/Xref]: 

Command:  
Command:  Specify corner of window, enter a scale factor (nX or nXP), or [All/Extents/Window/Previous/Object] <real time>: 

Command: _u 'ZOOM GROUP 
Command: _u '.VIEWCUBEACTION 
Command: 
Command: 
Command: _union 
Select objects: 1 found

Select objects: 1 found, 2 total

Select objects: 1 found, 3 total

Select objects: 1 found, 4 total

Select objects: 1 found, 5 total

Select objects: 1 found, 6 total

Select objects: 1 found, 7 total

Select objects: 1 found, 8 total

Select objects: 1 found, 9 total

Select objects: 1 found, 10 total

Select objects: 1 found, 11 total

Select objects: 


Command: *Cancel*

Command: *Cancel*

Command: _vscurrent 
Enter an option [2dwireframe/Wireframe/Hidden/Realistic/Conceptual/Shaded/shaded with Edges/shades of Gray/SKetchy/X-ray/Other] <X-Ray>: _r 
Command: 
Command: '_.-LAYER

Current layer:  "2-Užrašai"
Enter an option [?/Make/Set/New/Rename/ON/OFF/Color/Ltype/LWeight/TRansparency/MATerial/Plot/Freeze/Thaw/LOck/Unlock/stAte/Description/rEconcile/Xref]: _FREEZE

Enter name list of layer(s) to freeze or <select objects>: =0-laikinai
Enter an option [?/Make/Set/New/Rename/ON/OFF/Color/Ltype/LWeight/TRansparency/MATerial/Plot/Freeze/Thaw/LOck/Unlock/stAte/Description/rEconcile/Xref]: 

Command: 
Command: '_.-LAYER

Current layer:  "2-Užrašai"
Enter an option [?/Make/Set/New/Rename/ON/OFF/Color/Ltype/LWeight/TRansparency/MATerial/Plot/Freeze/Thaw/LOck/Unlock/stAte/Description/rEconcile/Xref]: _THAW

Enter name list of layer(s) to thaw: =0-laikinai
Enter an option [?/Make/Set/New/Rename/ON/OFF/Color/Ltype/LWeight/TRansparency/MATerial/Plot/Freeze/Thaw/LOck/Unlock/stAte/Description/rEconcile/Xref]: 

Command: 
Command: '_.-LAYER

Current layer:  "2-Užrašai"
Enter an option [?/Make/Set/New/Rename/ON/OFF/Color/Ltype/LWeight/TRansparency/MATerial/Plot/Freeze/Thaw/LOck/Unlock/stAte/Description/rEconcile/Xref]: _FREEZE

Enter name list of layer(s) to freeze or <select objects>: =0-laikinai
Enter an option [?/Make/Set/New/Rename/ON/OFF/Color/Ltype/LWeight/TRansparency/MATerial/Plot/Freeze/Thaw/LOck/Unlock/stAte/Description/rEconcile/Xref]: 

Command: 
Command: '_.-LAYER

Current layer:  "2-Užrašai"
Enter an option [?/Make/Set/New/Rename/ON/OFF/Color/Ltype/LWeight/TRansparency/MATerial/Plot/Freeze/Thaw/LOck/Unlock/stAte/Description/rEconcile/Xref]: _THAW

Enter name list of layer(s) to thaw: =0-laikinai
Enter an option [?/Make/Set/New/Rename/ON/OFF/Color/Ltype/LWeight/TRansparency/MATerial/Plot/Freeze/Thaw/LOck/Unlock/stAte/Description/rEconcile/Xref]: 

Command:  
Command: _u '.VIEWCUBEACTION 
Command: '_pan 
Command: *Cancel*

Command: 
Command: '_.-LAYER

Current layer:  "2-Užrašai"
Enter an option [?/Make/Set/New/Rename/ON/OFF/Color/Ltype/LWeight/TRansparency/MATerial/Plot/Freeze/Thaw/LOck/Unlock/stAte/Description/rEconcile/Xref]: _FREEZE

Enter name list of layer(s) to freeze or <select objects>: =1-Liežuv\U+0117lis
Enter an option [?/Make/Set/New/Rename/ON/OFF/Color/Ltype/LWeight/TRansparency/MATerial/Plot/Freeze/Thaw/LOck/Unlock/stAte/Description/rEconcile/Xref]: 

Command: 
Command: 
Command: 
Command: 
Command: '_.-LAYER

Current layer:  "2-Užrašai"
Enter an option [?/Make/Set/New/Rename/ON/OFF/Color/Ltype/LWeight/TRansparency/MATerial/Plot/Freeze/Thaw/LOck/Unlock/stAte/Description/rEconcile/Xref]: _THAW

Enter name list of layer(s) to thaw: =1-Liežuv\U+0117lis
Enter an option [?/Make/Set/New/Rename/ON/OFF/Color/Ltype/LWeight/TRansparency/MATerial/Plot/Freeze/Thaw/LOck/Unlock/stAte/Description/rEconcile/Xref]: 

Command: 
Command: 
Command:  
Command: 







Command: 





Command: 






Command: 






Command: *Cancel*

Command: '_pan 
Command: 
Command: 
Command: _RENDER 
Automatic save to C:\Users\saukrs\AppData\Local\Temp\LD1_1_18662_c5630a0f.sv$ ...

Command: 
Command: _.erase 1 found

Command: _u ERASE 
Command: 
Command: _.erase 1 found

Command: _u ERASE 
Command: MOVE

Select objects: 1 found

Select objects: 

Specify base point or [Displacement] <Displacement>: 
Specify second point or <use first point as displacement>: 
Command: _u MOVE 
Command: MOVE

Select objects: 

Command: 
MOVE

Select objects: 1 found

Select objects: 

Specify base point or [Displacement] <Displacement>: 
Specify second point or <use first point as displacement>: 
Command: 
Command: 
Command: _slice 
Select objects to slice: 1 found

Select objects to slice: 

Specify start point of slicing plane or [planar Object/Surface/Zaxis/View/XY/YZ/ZX/3points] <3points>: 
Specify second point on plane: 
Specify a point on desired side or [keep Both sides] <Both>: 


Command: _.erase 1 found

Command: _u ERASE 
Command: _u SLICE GROUP 
Command: _u MOVE 
Command: 
Command: 
Command: _mredo 
Enter number of actions or [All/Last]: 1 Nothing to redo

Command: _u MOVE 
Command: 
Command: 
Command: _mredo 
Enter number of actions or [All/Last]: 1 Nothing to redo

Command: _u 'CLAYER 
Command: _u 
Command: _u RENDER GROUP 
Command: _u Pan GROUP 
Command: 
Command: 
Command: _mredo 
Enter number of actions or [All/Last]: 1 Nothing to redo

Command: 
Command: 
Command: _mredo 
Enter number of actions or [All/Last]: 1 Nothing to redo

Command: 
Command: 
Command: _mredo 
Enter number of actions or [All/Last]: 1 Nothing to redo

Command: 
Command: 
Command: _mredo 
Enter number of actions or [All/Last]: 1 Nothing to redo

Command: _u CHPROP 
Command: 
Command: 
Command: _mredo 
Enter number of actions or [All/Last]: 1 Nothing to redo

Command: 
Command: 
Command: _mredo 
Enter number of actions or [All/Last]: 1 Nothing to redo

Command: 
Command: 
Command: _mredo 
Enter number of actions or [All/Last]: 1 Nothing to redo

Command: _u 
Command: _u '.-LAYER '.-LAYER '.-LAYER 
Command: _u '.-LAYER GROUP LAYER 
Command: _u '.-LAYER 
Command: _u CHPROP 
Command: 
Command: 
Command: _mredo 
Enter number of actions or [All/Last]: 1 CHPROP 
Command: 
Command: 
Command: _mredo 
Enter number of actions or [All/Last]: 1 '.-LAYER 
Everything has been redone

Command: 
Command: 
Command: _mredo 
Enter number of actions or [All/Last]: 1 Nothing to redo

Command: 
Command: 
Command: _mredo 
Enter number of actions or [All/Last]: 1 Nothing to redo

Command: 
Command: 
Command: _mredo 
Enter number of actions or [All/Last]: 1 Nothing to redo

Command: 
Command: 
Command: _mredo 
Enter number of actions or [All/Last]: 1 Nothing to redo

Command: 
Command: 
Command: _mredo 
Enter number of actions or [All/Last]: 1 Nothing to redo

Command: 
Command: 
Command: _mredo 
Enter number of actions or [All/Last]: 1 Nothing to redo

Command: 
Command: 
Command: _mredo 
Enter number of actions or [All/Last]: 1 Nothing to redo

Command: 
Command: 
Command: _mredo 
Enter number of actions or [All/Last]: 1 Nothing to redo

Command: 
Command: 
Command: _mredo 
Enter number of actions or [All/Last]: 1 Nothing to redo

Command: 
Command: 
Command: _mredo 
Enter number of actions or [All/Last]: 1 Nothing to redo

Command: 
Command: 
Command: _mredo 
Enter number of actions or [All/Last]: 1 Nothing to redo

Command: 
Command: 
Command: _mredo 
Enter number of actions or [All/Last]: 1 Nothing to redo

Command: 
Command: 
Command: _mredo 
Enter number of actions or [All/Last]: 1 Nothing to redo

Command: 
Command: 
Command: _mredo 
Enter number of actions or [All/Last]: 1 Nothing to redo

Command: 
Command: 
Command: _mredo 
Enter number of actions or [All/Last]: 1 Nothing to redo

Command: 
Command: 
Command: _mredo 
Enter number of actions or [All/Last]: 1 Nothing to redo

Command: _u '.-LAYER 
Command: _u CHPROP 
Command: _u 
Command: _u '.-LAYER 
Command: 
Command: 
Command: _mredo 
Enter number of actions or [All/Last]: 1 Nothing to redo

Command: 
Command: 
Command: _mredo 
Enter number of actions or [All/Last]: 1 Nothing to redo

Command: 
Command: 
Command: _mredo 
Enter number of actions or [All/Last]: 1 Nothing to redo

Command: 
Command: 
Command: _mredo 
Enter number of actions or [All/Last]: 1 Nothing to redo

Command: 
Command: 
Command: _mredo 
Enter number of actions or [All/Last]: 1 Nothing to redo

Command: 
Command: 
Command: _mredo 
Enter number of actions or [All/Last]: 1 Nothing to redo

Command: *Cancel*

Command: *Cancel*

Command: _close 
Command: 
