[ AutoCAD - Fri Dec 17 04:52:50 2021  ]----------------------------------------

Opening an AutoCAD 2018 format file.


AutoCAD menu utilities loaded.*Cancel*

Command: 

Autodesk DWG.  This file is a TrustedDWG last saved by an Autodesk application or Autodesk licensed application.

Command: 

Command: 
Command:  
Command:  
Specify corner of window, enter a scale factor (nX or nXP), or 
[All/Center/Dynamic/Extents/Previous/Scale/Window/Object] <real time>: 

Command: *Cancel*

Command: *Cancel*

Command: _quit 
Command: *Cancel*

Command: *Cancel*

Command: _close 
Command: *Cancel*

Command: *Cancel*

Command: _close 
Command: 
