UUID:           1c4fb197-350c-4202-9588-587f79276d90
Parent UUID:    base
In use by VMs:  VGTU-2021-IiSA-saukrs-LDVM0 (UUID: a9b878cb-13ba-45e8-a6e0-3361ea45f4c4)
VBoxManage: error: Could not find a registered machine named 'VGTU-2021-IiSA-saukrs-LDVM1'
VBoxManage: error: Details: code VBOX_E_OBJECT_NOT_FOUND (0x80bb0001), component VirtualBoxWrap, interface IVirtualBox, callee nsISupports
VBoxManage: error: Context: "FindMachine(Bstr(a->argv[0]).raw(), machine.asOutParam())" at line 335 of file VBoxManageStorageController.cpp
SATA konfigūracija po atjungimo:
VBoxManage: error: Could not find a registered machine named 'VGTU-2021-IiSA-saukrs-LDVM1'
VBoxManage: error: Details: code VBOX_E_OBJECT_NOT_FOUND (0x80bb0001), component VirtualBoxWrap, interface IVirtualBox, callee nsISupports
VBoxManage: error: Context: "FindMachine(Bstr(VMNameOrUuid).raw(), machine.asOutParam())" at line 2727 of file VBoxManageInfo.cpp

UUID:           1c4fb197-350c-4202-9588-587f79276d90
Parent UUID:    base
In use by VMs:  VGTU-2021-IiSA-saukrs-LDVM0 (UUID: a9b878cb-13ba-45e8-a6e0-3361ea45f4c4)
VBoxManage: error: Could not find a registered machine named 'VGTU-2021-IiSA-saukrs-LDVM1'
VBoxManage: error: Details: code VBOX_E_OBJECT_NOT_FOUND (0x80bb0001), component VirtualBoxWrap, interface IVirtualBox, callee nsISupports
VBoxManage: error: Context: "FindMachine(Bstr(a->argv[0]).raw(), machine.asOutParam())" at line 335 of file VBoxManageStorageController.cpp
SATA konfigūracija po sugrąžinimo:
VBoxManage: error: Could not find a registered machine named 'VGTU-2021-IiSA-saukrs-LDVM1'
VBoxManage: error: Details: code VBOX_E_OBJECT_NOT_FOUND (0x80bb0001), component VirtualBoxWrap, interface IVirtualBox, callee nsISupports
VBoxManage: error: Context: "FindMachine(Bstr(VMNameOrUuid).raw(), machine.asOutParam())" at line 2727 of file VBoxManageInfo.cpp

UUID:           1c4fb197-350c-4202-9588-587f79276d90
Parent UUID:    base
In use by VMs:  VGTU-2021-IiSA-saukrs-LDVM0 (UUID: a9b878cb-13ba-45e8-a6e0-3361ea45f4c4)
Įjungiu VGTU-2021-IiSA-saukrs-LDVM1:
VBoxManage: error: Could not find a registered machine named 'VGTU-2021-IiSA-saukrs-LDVM1'
VBoxManage: error: Details: code VBOX_E_OBJECT_NOT_FOUND (0x80bb0001), component VirtualBoxWrap, interface IVirtualBox, callee nsISupports
VBoxManage: error: Context: "FindMachine(Bstr(pszVM).raw(), machine.asOutParam())" at line 722 of file VBoxManageMisc.cpp
Palaukime VM išsijungimo?
total 4759592
drwx------. 2 p p          5 Mar  7 01:29 64bit
lrwxrwxrwx. 1 p p        143 Jun 29 00:32 64bit.7z -> /home/p/src/TETfm-20/Semestras-2/1-Informacijos-ir-sistemų-apsauga/laboratoriniai-darbai/Saulius-Krasuckas/VMs/64bit.7z.Ubuntu-Desktop-20.04.2
-rw-rw-r--. 1 p p 2010068133 Jun 28 16:55 64bit.7z.Ubuntu-Desktop-20.04.2
-rw-rw-r--. 1 p p 2183946920 May 17 17:09 64bit.7z.Ubuntu-Desktop-21.04
-rw-rw-r--. 1 p p  676472359 Jun 28 15:57 64bit.7z.Ubuntu-Server-20.04.2
drwx------. 3 p p          5 Jun 29 16:28 VGTU-2021-IiSA-saukrs-LDVM0

total 10
drwx------. 2 p p    6 Jun 29 16:25 Logs
-rw-------. 1 p p 3889 Jun 29 16:28 VGTU-2021-IiSA-saukrs-LDVM0.vbox
-rw-------. 1 p p 3889 Jun 29 16:25 VGTU-2021-IiSA-saukrs-LDVM0.vbox-prev
VBoxManage: error: Could not find a registered machine named 'VGTU-2021-IiSA-saukrs-LDVM1'
VBoxManage: error: Details: code VBOX_E_OBJECT_NOT_FOUND (0x80bb0001), component VirtualBoxWrap, interface IVirtualBox, callee nsISupports
VBoxManage: error: Context: "FindMachine(Bstr(VMNameOrUuid).raw(), machine.asOutParam())" at line 2727 of file VBoxManageInfo.cpp
