Kanalų sparta: 100Mb
Parinktuvų buferių gylis: 10
Linijos vėlinimas: 2ms
Paketų praradimas: 0.00
Congestion Window lubos: 20
MSS: 1448
Tvarkaraštis: 0.1, $ftp1 start
Tvarkaraštis: 298, $ftp1 stop
Tvarkaraštis: 300, finish
Simuliacijos pradžia...
Simuliacijos pabaiga.
cmd select_ca highspeed
cmd select_ca bic
Total data transmitted: 1059558712 Bytes
Transmission duration: 297.899212 seconds
Average throughput: 28.454153 Mbps

Kanalų sparta: 100Mb
Parinktuvų buferių gylis: 10
Linijos vėlinimas: 2ms
Paketų praradimas: 0.00
Congestion Window lubos: 20
MSS: 1448
Tvarkaraštis: 0.1, $ftp2 start
Tvarkaraštis: 298, $ftp2 stop
Tvarkaraštis: 300, finish
Simuliacijos pradžia...
Simuliacijos pabaiga.
cmd select_ca highspeed
cmd select_ca bic
Total data transmitted: 1059558712 Bytes
Transmission duration: 297.899212 seconds
Average throughput: 28.454153 Mbps

Kanalų sparta: 100Mb
Parinktuvų buferių gylis: 10
Linijos vėlinimas: 2ms
Paketų praradimas: 0.00
Congestion Window lubos: 20
MSS: 1448
Tvarkaraštis: 0.1, $ftp1 start
Tvarkaraštis: 0.1, $ftp2 start
Tvarkaraštis: 298, $ftp1 stop
Tvarkaraštis: 298, $ftp2 stop
Tvarkaraštis: 300, finish
Simuliacijos pradžia...
Simuliacijos pabaiga.
cmd select_ca highspeed
cmd select_ca bic
Total data transmitted: 2116459856 Bytes
Transmission duration: 297.900196 seconds
Average throughput: 56.836750 Mbps

Kanalų sparta: 100Mb
Parinktuvų buferių gylis: 10
Linijos vėlinimas: 6ms
Paketų praradimas: 0.00
Congestion Window lubos: 20
MSS: 1448
Tvarkaraštis: 0.1, $ftp1 start
Tvarkaraštis: 0.1, $ftp2 start
Tvarkaraštis: 298, $ftp1 stop
Tvarkaraštis: 298, $ftp2 stop
Tvarkaraštis: 300, finish
Simuliacijos pradžia...
Simuliacijos pabaiga.
cmd select_ca highspeed
cmd select_ca bic
Total data transmitted: 1082670368 Bytes
Transmission duration: 297.899869 seconds
Average throughput: 29.074746 Mbps

Kanalų sparta: 100Mb
Parinktuvų buferių gylis: 10
Linijos vėlinimas: 80ms
Paketų praradimas: 0.00
Congestion Window lubos: 20
MSS: 1448
Tvarkaraštis: 0.1, $ftp1 start
Tvarkaraštis: 0.1, $ftp2 start
Tvarkaraštis: 298, $ftp1 stop
Tvarkaraštis: 298, $ftp2 stop
Tvarkaraštis: 300, finish
Simuliacijos pradžia...
Simuliacijos pabaiga.
cmd select_ca highspeed
cmd select_ca bic
Total data transmitted: 107494688 Bytes
Transmission duration: 297.836429 seconds
Average throughput: 2.887348 Mbps

Kanalų sparta: 100Mb
Parinktuvų buferių gylis: 10
Linijos vėlinimas: 2ms
Paketų praradimas: 0.01
Congestion Window lubos: 20
MSS: 1448
Tvarkaraštis: 0.1, $ftp1 start
Tvarkaraštis: 0.1, $ftp2 start
Tvarkaraštis: 298, $ftp1 stop
Tvarkaraštis: 298, $ftp2 stop
Tvarkaraštis: 300, finish
Simuliacijos pradžia...
Simuliacijos pabaiga.
cmd select_ca highspeed
cmd select_ca bic
Total data transmitted: 332514512 Bytes
Transmission duration: 297.907338 seconds
Average throughput: 8.929341 Mbps

Kanalų sparta: 100Mb
Parinktuvų buferių gylis: 10
Linijos vėlinimas: 2ms
Paketų praradimas: 0.04
Congestion Window lubos: 20
MSS: 1448
Tvarkaraštis: 0.1, $ftp1 start
Tvarkaraštis: 0.1, $ftp2 start
Tvarkaraštis: 298, $ftp1 stop
Tvarkaraštis: 298, $ftp2 stop
Tvarkaraštis: 300, finish
Simuliacijos pradžia...
Simuliacijos pabaiga.
cmd select_ca highspeed
cmd select_ca bic
Total data transmitted: 98123264 Bytes
Transmission duration: 297.998610 seconds
Average throughput: 2.634194 Mbps

Kanalų sparta: 100Mb
Parinktuvų buferių gylis: 10
Linijos vėlinimas: 2ms
Paketų praradimas: 0.06
Congestion Window lubos: 20
MSS: 1448
Tvarkaraštis: 0.1, $ftp1 start
Tvarkaraštis: 0.1, $ftp2 start
Tvarkaraštis: 298, $ftp1 stop
Tvarkaraštis: 298, $ftp2 stop
Tvarkaraštis: 300, finish
Simuliacijos pradžia...
Simuliacijos pabaiga.
cmd select_ca highspeed
cmd select_ca bic
Total data transmitted: 64869440 Bytes
Transmission duration: 297.964558 seconds
Average throughput: 1.741669 Mbps

